ARM GAS  C:\Users\Nathan\AppData\Local\Temp\ccL3tA4D.s 			page 1


   1              		.syntax unified
   2              		.cpu cortex-m3
   3              		.fpu softvfp
   4              		.eabi_attribute 20, 1
   5              		.eabi_attribute 21, 1
   6              		.eabi_attribute 23, 3
   7              		.eabi_attribute 24, 1
   8              		.eabi_attribute 25, 1
   9              		.eabi_attribute 26, 1
  10              		.eabi_attribute 30, 1
  11              		.eabi_attribute 34, 1
  12              		.eabi_attribute 18, 4
  13              		.thumb
  14              		.syntax unified
  15              		.file	"UART_GPS_INT.c"
  16              		.text
  17              	.Ltext0:
  18              		.cfi_sections	.debug_frame
  19              		.section	.text.UART_GPS_RXISR,"ax",%progbits
  20              		.align	2
  21              		.global	UART_GPS_RXISR
  22              		.thumb
  23              		.thumb_func
  24              		.type	UART_GPS_RXISR, %function
  25              	UART_GPS_RXISR:
  26              	.LFB0:
  27              		.file 1 "Generated_Source\\PSoC5\\UART_GPS_INT.c"
   1:Generated_Source\PSoC5/UART_GPS_INT.c **** /*******************************************************************************
   2:Generated_Source\PSoC5/UART_GPS_INT.c **** * File Name: UART_GPSINT.c
   3:Generated_Source\PSoC5/UART_GPS_INT.c **** * Version 2.50
   4:Generated_Source\PSoC5/UART_GPS_INT.c **** *
   5:Generated_Source\PSoC5/UART_GPS_INT.c **** * Description:
   6:Generated_Source\PSoC5/UART_GPS_INT.c **** *  This file provides all Interrupt Service functionality of the UART component
   7:Generated_Source\PSoC5/UART_GPS_INT.c **** *
   8:Generated_Source\PSoC5/UART_GPS_INT.c **** ********************************************************************************
   9:Generated_Source\PSoC5/UART_GPS_INT.c **** * Copyright 2008-2015, Cypress Semiconductor Corporation.  All rights reserved.
  10:Generated_Source\PSoC5/UART_GPS_INT.c **** * You may use this file only in accordance with the license, terms, conditions,
  11:Generated_Source\PSoC5/UART_GPS_INT.c **** * disclaimers, and limitations in the end user license agreement accompanying
  12:Generated_Source\PSoC5/UART_GPS_INT.c **** * the software package with which this file was provided.
  13:Generated_Source\PSoC5/UART_GPS_INT.c **** *******************************************************************************/
  14:Generated_Source\PSoC5/UART_GPS_INT.c **** 
  15:Generated_Source\PSoC5/UART_GPS_INT.c **** #include "UART_GPS.h"
  16:Generated_Source\PSoC5/UART_GPS_INT.c **** #include "cyapicallbacks.h"
  17:Generated_Source\PSoC5/UART_GPS_INT.c **** 
  18:Generated_Source\PSoC5/UART_GPS_INT.c **** 
  19:Generated_Source\PSoC5/UART_GPS_INT.c **** /***************************************
  20:Generated_Source\PSoC5/UART_GPS_INT.c **** * Custom Declarations
  21:Generated_Source\PSoC5/UART_GPS_INT.c **** ***************************************/
  22:Generated_Source\PSoC5/UART_GPS_INT.c **** /* `#START CUSTOM_DECLARATIONS` Place your declaration here */
  23:Generated_Source\PSoC5/UART_GPS_INT.c **** 
  24:Generated_Source\PSoC5/UART_GPS_INT.c **** /* `#END` */
  25:Generated_Source\PSoC5/UART_GPS_INT.c **** 
  26:Generated_Source\PSoC5/UART_GPS_INT.c **** #if (UART_GPS_RX_INTERRUPT_ENABLED && (UART_GPS_RX_ENABLED || UART_GPS_HD_ENABLED))
  27:Generated_Source\PSoC5/UART_GPS_INT.c ****     /*******************************************************************************
  28:Generated_Source\PSoC5/UART_GPS_INT.c ****     * Function Name: UART_GPS_RXISR
  29:Generated_Source\PSoC5/UART_GPS_INT.c ****     ********************************************************************************
  30:Generated_Source\PSoC5/UART_GPS_INT.c ****     *
ARM GAS  C:\Users\Nathan\AppData\Local\Temp\ccL3tA4D.s 			page 2


  31:Generated_Source\PSoC5/UART_GPS_INT.c ****     * Summary:
  32:Generated_Source\PSoC5/UART_GPS_INT.c ****     *  Interrupt Service Routine for RX portion of the UART
  33:Generated_Source\PSoC5/UART_GPS_INT.c ****     *
  34:Generated_Source\PSoC5/UART_GPS_INT.c ****     * Parameters:
  35:Generated_Source\PSoC5/UART_GPS_INT.c ****     *  None.
  36:Generated_Source\PSoC5/UART_GPS_INT.c ****     *
  37:Generated_Source\PSoC5/UART_GPS_INT.c ****     * Return:
  38:Generated_Source\PSoC5/UART_GPS_INT.c ****     *  None.
  39:Generated_Source\PSoC5/UART_GPS_INT.c ****     *
  40:Generated_Source\PSoC5/UART_GPS_INT.c ****     * Global Variables:
  41:Generated_Source\PSoC5/UART_GPS_INT.c ****     *  UART_GPS_rxBuffer - RAM buffer pointer for save received data.
  42:Generated_Source\PSoC5/UART_GPS_INT.c ****     *  UART_GPS_rxBufferWrite - cyclic index for write to rxBuffer,
  43:Generated_Source\PSoC5/UART_GPS_INT.c ****     *     increments after each byte saved to buffer.
  44:Generated_Source\PSoC5/UART_GPS_INT.c ****     *  UART_GPS_rxBufferRead - cyclic index for read from rxBuffer,
  45:Generated_Source\PSoC5/UART_GPS_INT.c ****     *     checked to detect overflow condition.
  46:Generated_Source\PSoC5/UART_GPS_INT.c ****     *  UART_GPS_rxBufferOverflow - software overflow flag. Set to one
  47:Generated_Source\PSoC5/UART_GPS_INT.c ****     *     when UART_GPS_rxBufferWrite index overtakes
  48:Generated_Source\PSoC5/UART_GPS_INT.c ****     *     UART_GPS_rxBufferRead index.
  49:Generated_Source\PSoC5/UART_GPS_INT.c ****     *  UART_GPS_rxBufferLoopDetect - additional variable to detect overflow.
  50:Generated_Source\PSoC5/UART_GPS_INT.c ****     *     Set to one when UART_GPS_rxBufferWrite is equal to
  51:Generated_Source\PSoC5/UART_GPS_INT.c ****     *    UART_GPS_rxBufferRead
  52:Generated_Source\PSoC5/UART_GPS_INT.c ****     *  UART_GPS_rxAddressMode - this variable contains the Address mode,
  53:Generated_Source\PSoC5/UART_GPS_INT.c ****     *     selected in customizer or set by UART_SetRxAddressMode() API.
  54:Generated_Source\PSoC5/UART_GPS_INT.c ****     *  UART_GPS_rxAddressDetected - set to 1 when correct address received,
  55:Generated_Source\PSoC5/UART_GPS_INT.c ****     *     and analysed to store following addressed data bytes to the buffer.
  56:Generated_Source\PSoC5/UART_GPS_INT.c ****     *     When not correct address received, set to 0 to skip following data bytes.
  57:Generated_Source\PSoC5/UART_GPS_INT.c ****     *
  58:Generated_Source\PSoC5/UART_GPS_INT.c ****     *******************************************************************************/
  59:Generated_Source\PSoC5/UART_GPS_INT.c ****     CY_ISR(UART_GPS_RXISR)
  60:Generated_Source\PSoC5/UART_GPS_INT.c ****     {
  28              		.loc 1 60 0
  29              		.cfi_startproc
  30              		@ args = 0, pretend = 0, frame = 0
  31              		@ frame_needed = 0, uses_anonymous_args = 0
  32              		@ link register save eliminated.
  33              	.L6:
  61:Generated_Source\PSoC5/UART_GPS_INT.c ****         uint8 readData;
  62:Generated_Source\PSoC5/UART_GPS_INT.c ****         uint8 readStatus;
  63:Generated_Source\PSoC5/UART_GPS_INT.c ****         uint8 increment_pointer = 0u;
  64:Generated_Source\PSoC5/UART_GPS_INT.c **** 
  65:Generated_Source\PSoC5/UART_GPS_INT.c ****     #if(CY_PSOC3)
  66:Generated_Source\PSoC5/UART_GPS_INT.c ****         uint8 int_en;
  67:Generated_Source\PSoC5/UART_GPS_INT.c ****     #endif /* (CY_PSOC3) */
  68:Generated_Source\PSoC5/UART_GPS_INT.c **** 
  69:Generated_Source\PSoC5/UART_GPS_INT.c ****     #ifdef UART_GPS_RXISR_ENTRY_CALLBACK
  70:Generated_Source\PSoC5/UART_GPS_INT.c ****         UART_GPS_RXISR_EntryCallback();
  71:Generated_Source\PSoC5/UART_GPS_INT.c ****     #endif /* UART_GPS_RXISR_ENTRY_CALLBACK */
  72:Generated_Source\PSoC5/UART_GPS_INT.c **** 
  73:Generated_Source\PSoC5/UART_GPS_INT.c ****         /* User code required at start of ISR */
  74:Generated_Source\PSoC5/UART_GPS_INT.c ****         /* `#START UART_GPS_RXISR_START` */
  75:Generated_Source\PSoC5/UART_GPS_INT.c **** 
  76:Generated_Source\PSoC5/UART_GPS_INT.c ****         /* `#END` */
  77:Generated_Source\PSoC5/UART_GPS_INT.c **** 
  78:Generated_Source\PSoC5/UART_GPS_INT.c ****     #if(CY_PSOC3)   /* Make sure nested interrupt is enabled */
  79:Generated_Source\PSoC5/UART_GPS_INT.c ****         int_en = EA;
  80:Generated_Source\PSoC5/UART_GPS_INT.c ****         CyGlobalIntEnable;
  81:Generated_Source\PSoC5/UART_GPS_INT.c ****     #endif /* (CY_PSOC3) */
ARM GAS  C:\Users\Nathan\AppData\Local\Temp\ccL3tA4D.s 			page 3


  82:Generated_Source\PSoC5/UART_GPS_INT.c **** 
  83:Generated_Source\PSoC5/UART_GPS_INT.c ****         do
  84:Generated_Source\PSoC5/UART_GPS_INT.c ****         {
  85:Generated_Source\PSoC5/UART_GPS_INT.c ****             /* Read receiver status register */
  86:Generated_Source\PSoC5/UART_GPS_INT.c ****             readStatus = UART_GPS_RXSTATUS_REG;
  34              		.loc 1 86 0
  35 0000 1E4B     		ldr	r3, .L7
  36 0002 1B78     		ldrb	r3, [r3]	@ zero_extendqisi2
  37 0004 DBB2     		uxtb	r3, r3
  38              	.LVL0:
  87:Generated_Source\PSoC5/UART_GPS_INT.c ****             /* Copy the same status to readData variable for backward compatibility support 
  88:Generated_Source\PSoC5/UART_GPS_INT.c ****             *  of the user code in UART_GPS_RXISR_ERROR` section. 
  89:Generated_Source\PSoC5/UART_GPS_INT.c ****             */
  90:Generated_Source\PSoC5/UART_GPS_INT.c ****             readData = readStatus;
  91:Generated_Source\PSoC5/UART_GPS_INT.c **** 
  92:Generated_Source\PSoC5/UART_GPS_INT.c ****             if((readStatus & (UART_GPS_RX_STS_BREAK | 
  39              		.loc 1 92 0
  40 0006 13F01E0F 		tst	r3, #30
  41 000a 05D0     		beq	.L2
  93:Generated_Source\PSoC5/UART_GPS_INT.c ****                             UART_GPS_RX_STS_PAR_ERROR |
  94:Generated_Source\PSoC5/UART_GPS_INT.c ****                             UART_GPS_RX_STS_STOP_ERROR | 
  95:Generated_Source\PSoC5/UART_GPS_INT.c ****                             UART_GPS_RX_STS_OVERRUN)) != 0u)
  96:Generated_Source\PSoC5/UART_GPS_INT.c ****             {
  97:Generated_Source\PSoC5/UART_GPS_INT.c ****                 /* ERROR handling. */
  98:Generated_Source\PSoC5/UART_GPS_INT.c ****                 UART_GPS_errorStatus |= readStatus & ( UART_GPS_RX_STS_BREAK | 
  42              		.loc 1 98 0
  43 000c 1C48     		ldr	r0, .L7+4
  44 000e 03F01E02 		and	r2, r3, #30
  45 0012 0178     		ldrb	r1, [r0]	@ zero_extendqisi2
  46 0014 0A43     		orrs	r2, r2, r1
  47 0016 0270     		strb	r2, [r0]
  48              	.L2:
  49 0018 03F02003 		and	r3, r3, #32
  50              	.LVL1:
  99:Generated_Source\PSoC5/UART_GPS_INT.c ****                                                             UART_GPS_RX_STS_PAR_ERROR | 
 100:Generated_Source\PSoC5/UART_GPS_INT.c ****                                                             UART_GPS_RX_STS_STOP_ERROR | 
 101:Generated_Source\PSoC5/UART_GPS_INT.c ****                                                             UART_GPS_RX_STS_OVERRUN);
 102:Generated_Source\PSoC5/UART_GPS_INT.c ****                 /* `#START UART_GPS_RXISR_ERROR` */
 103:Generated_Source\PSoC5/UART_GPS_INT.c **** 
 104:Generated_Source\PSoC5/UART_GPS_INT.c ****                 /* `#END` */
 105:Generated_Source\PSoC5/UART_GPS_INT.c ****                 
 106:Generated_Source\PSoC5/UART_GPS_INT.c ****             #ifdef UART_GPS_RXISR_ERROR_CALLBACK
 107:Generated_Source\PSoC5/UART_GPS_INT.c ****                 UART_GPS_RXISR_ERROR_Callback();
 108:Generated_Source\PSoC5/UART_GPS_INT.c ****             #endif /* UART_GPS_RXISR_ERROR_CALLBACK */
 109:Generated_Source\PSoC5/UART_GPS_INT.c ****             }
 110:Generated_Source\PSoC5/UART_GPS_INT.c ****             
 111:Generated_Source\PSoC5/UART_GPS_INT.c ****             if((readStatus & UART_GPS_RX_STS_FIFO_NOTEMPTY) != 0u)
  51              		.loc 1 111 0
  52 001c 03F0FF02 		and	r2, r3, #255
  53 0020 002B     		cmp	r3, #0
  54 0022 28D0     		beq	.L3
 112:Generated_Source\PSoC5/UART_GPS_INT.c ****             {
 113:Generated_Source\PSoC5/UART_GPS_INT.c ****                 /* Read data from the RX data register */
 114:Generated_Source\PSoC5/UART_GPS_INT.c ****                 readData = UART_GPS_RXDATA_REG;
  55              		.loc 1 114 0
  56 0024 174B     		ldr	r3, .L7+8
  57 0026 1978     		ldrb	r1, [r3]	@ zero_extendqisi2
ARM GAS  C:\Users\Nathan\AppData\Local\Temp\ccL3tA4D.s 			page 4


  58 0028 C9B2     		uxtb	r1, r1
  59              	.LVL2:
 115:Generated_Source\PSoC5/UART_GPS_INT.c ****             #if (UART_GPS_RXHW_ADDRESS_ENABLED)
 116:Generated_Source\PSoC5/UART_GPS_INT.c ****                 if(UART_GPS_rxAddressMode == (uint8)UART_GPS__B_UART__AM_SW_DETECT_TO_BUFFER)
 117:Generated_Source\PSoC5/UART_GPS_INT.c ****                 {
 118:Generated_Source\PSoC5/UART_GPS_INT.c ****                     if((readStatus & UART_GPS_RX_STS_MRKSPC) != 0u)
 119:Generated_Source\PSoC5/UART_GPS_INT.c ****                     {
 120:Generated_Source\PSoC5/UART_GPS_INT.c ****                         if ((readStatus & UART_GPS_RX_STS_ADDR_MATCH) != 0u)
 121:Generated_Source\PSoC5/UART_GPS_INT.c ****                         {
 122:Generated_Source\PSoC5/UART_GPS_INT.c ****                             UART_GPS_rxAddressDetected = 1u;
 123:Generated_Source\PSoC5/UART_GPS_INT.c ****                         }
 124:Generated_Source\PSoC5/UART_GPS_INT.c ****                         else
 125:Generated_Source\PSoC5/UART_GPS_INT.c ****                         {
 126:Generated_Source\PSoC5/UART_GPS_INT.c ****                             UART_GPS_rxAddressDetected = 0u;
 127:Generated_Source\PSoC5/UART_GPS_INT.c ****                         }
 128:Generated_Source\PSoC5/UART_GPS_INT.c ****                     }
 129:Generated_Source\PSoC5/UART_GPS_INT.c ****                     if(UART_GPS_rxAddressDetected != 0u)
 130:Generated_Source\PSoC5/UART_GPS_INT.c ****                     {   /* Store only addressed data */
 131:Generated_Source\PSoC5/UART_GPS_INT.c ****                         UART_GPS_rxBuffer[UART_GPS_rxBufferWrite] = readData;
 132:Generated_Source\PSoC5/UART_GPS_INT.c ****                         increment_pointer = 1u;
 133:Generated_Source\PSoC5/UART_GPS_INT.c ****                     }
 134:Generated_Source\PSoC5/UART_GPS_INT.c ****                 }
 135:Generated_Source\PSoC5/UART_GPS_INT.c ****                 else /* Without software addressing */
 136:Generated_Source\PSoC5/UART_GPS_INT.c ****                 {
 137:Generated_Source\PSoC5/UART_GPS_INT.c ****                     UART_GPS_rxBuffer[UART_GPS_rxBufferWrite] = readData;
 138:Generated_Source\PSoC5/UART_GPS_INT.c ****                     increment_pointer = 1u;
 139:Generated_Source\PSoC5/UART_GPS_INT.c ****                 }
 140:Generated_Source\PSoC5/UART_GPS_INT.c ****             #else  /* Without addressing */
 141:Generated_Source\PSoC5/UART_GPS_INT.c ****                 UART_GPS_rxBuffer[UART_GPS_rxBufferWrite] = readData;
  60              		.loc 1 141 0
  61 002a 174B     		ldr	r3, .L7+12
  62 002c 1B88     		ldrh	r3, [r3]
  63 002e 9BB2     		uxth	r3, r3
  64 0030 1648     		ldr	r0, .L7+16
  65 0032 C154     		strb	r1, [r0, r3]
  66              	.LVL3:
 142:Generated_Source\PSoC5/UART_GPS_INT.c ****                 increment_pointer = 1u;
 143:Generated_Source\PSoC5/UART_GPS_INT.c ****             #endif /* (UART_GPS_RXHW_ADDRESS_ENABLED) */
 144:Generated_Source\PSoC5/UART_GPS_INT.c **** 
 145:Generated_Source\PSoC5/UART_GPS_INT.c ****                 /* Do not increment buffer pointer when skip not addressed data */
 146:Generated_Source\PSoC5/UART_GPS_INT.c ****                 if(increment_pointer != 0u)
 147:Generated_Source\PSoC5/UART_GPS_INT.c ****                 {
 148:Generated_Source\PSoC5/UART_GPS_INT.c ****                     if(UART_GPS_rxBufferLoopDetect != 0u)
  67              		.loc 1 148 0
  68 0034 164B     		ldr	r3, .L7+20
  69 0036 1B78     		ldrb	r3, [r3]	@ zero_extendqisi2
  70 0038 13F0FF0F 		tst	r3, #255
  71 003c 02D0     		beq	.L4
 149:Generated_Source\PSoC5/UART_GPS_INT.c ****                     {   /* Set Software Buffer status Overflow */
 150:Generated_Source\PSoC5/UART_GPS_INT.c ****                         UART_GPS_rxBufferOverflow = 1u;
  72              		.loc 1 150 0
  73 003e 0121     		movs	r1, #1
  74              	.LVL4:
  75 0040 144B     		ldr	r3, .L7+24
  76 0042 1970     		strb	r1, [r3]
  77              	.L4:
 151:Generated_Source\PSoC5/UART_GPS_INT.c ****                     }
ARM GAS  C:\Users\Nathan\AppData\Local\Temp\ccL3tA4D.s 			page 5


 152:Generated_Source\PSoC5/UART_GPS_INT.c ****                     /* Set next pointer. */
 153:Generated_Source\PSoC5/UART_GPS_INT.c ****                     UART_GPS_rxBufferWrite++;
  78              		.loc 1 153 0
  79 0044 1049     		ldr	r1, .L7+12
  80 0046 0B88     		ldrh	r3, [r1]
  81 0048 9BB2     		uxth	r3, r3
  82 004a 0133     		adds	r3, r3, #1
  83 004c 9BB2     		uxth	r3, r3
  84 004e 0B80     		strh	r3, [r1]	@ movhi
 154:Generated_Source\PSoC5/UART_GPS_INT.c **** 
 155:Generated_Source\PSoC5/UART_GPS_INT.c ****                     /* Check pointer for a loop condition */
 156:Generated_Source\PSoC5/UART_GPS_INT.c ****                     if(UART_GPS_rxBufferWrite >= UART_GPS_RX_BUFFER_SIZE)
  85              		.loc 1 156 0
  86 0050 0B88     		ldrh	r3, [r1]
  87 0052 9BB2     		uxth	r3, r3
  88 0054 B3F5E17F 		cmp	r3, #450
  89 0058 02D3     		bcc	.L5
 157:Generated_Source\PSoC5/UART_GPS_INT.c ****                     {
 158:Generated_Source\PSoC5/UART_GPS_INT.c ****                         UART_GPS_rxBufferWrite = 0u;
  90              		.loc 1 158 0
  91 005a 0021     		movs	r1, #0
  92 005c 0A4B     		ldr	r3, .L7+12
  93 005e 1980     		strh	r1, [r3]	@ movhi
  94              	.L5:
 159:Generated_Source\PSoC5/UART_GPS_INT.c ****                     }
 160:Generated_Source\PSoC5/UART_GPS_INT.c **** 
 161:Generated_Source\PSoC5/UART_GPS_INT.c ****                     /* Detect pre-overload condition and set flag */
 162:Generated_Source\PSoC5/UART_GPS_INT.c ****                     if(UART_GPS_rxBufferWrite == UART_GPS_rxBufferRead)
  95              		.loc 1 162 0
  96 0060 094B     		ldr	r3, .L7+12
  97 0062 1988     		ldrh	r1, [r3]
  98 0064 89B2     		uxth	r1, r1
  99 0066 0C4B     		ldr	r3, .L7+28
 100 0068 1B88     		ldrh	r3, [r3]
 101 006a 9BB2     		uxth	r3, r3
 102 006c 9942     		cmp	r1, r3
 103 006e 02D1     		bne	.L3
 163:Generated_Source\PSoC5/UART_GPS_INT.c ****                     {
 164:Generated_Source\PSoC5/UART_GPS_INT.c ****                         UART_GPS_rxBufferLoopDetect = 1u;
 104              		.loc 1 164 0
 105 0070 0121     		movs	r1, #1
 106 0072 074B     		ldr	r3, .L7+20
 107 0074 1970     		strb	r1, [r3]
 108              	.LVL5:
 109              	.L3:
 165:Generated_Source\PSoC5/UART_GPS_INT.c ****                         /* When Hardware Flow Control selected */
 166:Generated_Source\PSoC5/UART_GPS_INT.c ****                         #if (UART_GPS_FLOW_CONTROL != 0u)
 167:Generated_Source\PSoC5/UART_GPS_INT.c ****                             /* Disable RX interrupt mask, it is enabled when user read data from th
 168:Generated_Source\PSoC5/UART_GPS_INT.c ****                             UART_GPS_RXSTATUS_MASK_REG  &= (uint8)~UART_GPS_RX_STS_FIFO_NOTEMPTY;
 169:Generated_Source\PSoC5/UART_GPS_INT.c ****                             CyIntClearPending(UART_GPS_RX_VECT_NUM);
 170:Generated_Source\PSoC5/UART_GPS_INT.c ****                             break; /* Break the reading of the FIFO loop, leave the data there for 
 171:Generated_Source\PSoC5/UART_GPS_INT.c ****                         #endif /* (UART_GPS_FLOW_CONTROL != 0u) */
 172:Generated_Source\PSoC5/UART_GPS_INT.c ****                     }
 173:Generated_Source\PSoC5/UART_GPS_INT.c ****                 }
 174:Generated_Source\PSoC5/UART_GPS_INT.c ****             }
 175:Generated_Source\PSoC5/UART_GPS_INT.c ****         }while((readStatus & UART_GPS_RX_STS_FIFO_NOTEMPTY) != 0u);
 110              		.loc 1 175 0
ARM GAS  C:\Users\Nathan\AppData\Local\Temp\ccL3tA4D.s 			page 6


 111 0076 002A     		cmp	r2, #0
 112 0078 C2D1     		bne	.L6
 176:Generated_Source\PSoC5/UART_GPS_INT.c **** 
 177:Generated_Source\PSoC5/UART_GPS_INT.c ****         /* User code required at end of ISR (Optional) */
 178:Generated_Source\PSoC5/UART_GPS_INT.c ****         /* `#START UART_GPS_RXISR_END` */
 179:Generated_Source\PSoC5/UART_GPS_INT.c **** 
 180:Generated_Source\PSoC5/UART_GPS_INT.c ****         /* `#END` */
 181:Generated_Source\PSoC5/UART_GPS_INT.c **** 
 182:Generated_Source\PSoC5/UART_GPS_INT.c ****     #ifdef UART_GPS_RXISR_EXIT_CALLBACK
 183:Generated_Source\PSoC5/UART_GPS_INT.c ****         UART_GPS_RXISR_ExitCallback();
 184:Generated_Source\PSoC5/UART_GPS_INT.c ****     #endif /* UART_GPS_RXISR_EXIT_CALLBACK */
 185:Generated_Source\PSoC5/UART_GPS_INT.c **** 
 186:Generated_Source\PSoC5/UART_GPS_INT.c ****     #if(CY_PSOC3)
 187:Generated_Source\PSoC5/UART_GPS_INT.c ****         EA = int_en;
 188:Generated_Source\PSoC5/UART_GPS_INT.c ****     #endif /* (CY_PSOC3) */
 189:Generated_Source\PSoC5/UART_GPS_INT.c ****     }
 113              		.loc 1 189 0
 114 007a 7047     		bx	lr
 115              	.L8:
 116              		.align	2
 117              	.L7:
 118 007c 6B640040 		.word	1073767531
 119 0080 00000000 		.word	UART_GPS_errorStatus
 120 0084 40640040 		.word	1073767488
 121 0088 00000000 		.word	UART_GPS_rxBufferWrite
 122 008c 00000000 		.word	UART_GPS_rxBuffer
 123 0090 00000000 		.word	UART_GPS_rxBufferLoopDetect
 124 0094 00000000 		.word	UART_GPS_rxBufferOverflow
 125 0098 00000000 		.word	UART_GPS_rxBufferRead
 126              		.cfi_endproc
 127              	.LFE0:
 128              		.size	UART_GPS_RXISR, .-UART_GPS_RXISR
 129              		.section	.text.UART_GPS_TXISR,"ax",%progbits
 130              		.align	2
 131              		.global	UART_GPS_TXISR
 132              		.thumb
 133              		.thumb_func
 134              		.type	UART_GPS_TXISR, %function
 135              	UART_GPS_TXISR:
 136              	.LFB1:
 190:Generated_Source\PSoC5/UART_GPS_INT.c ****     
 191:Generated_Source\PSoC5/UART_GPS_INT.c **** #endif /* (UART_GPS_RX_INTERRUPT_ENABLED && (UART_GPS_RX_ENABLED || UART_GPS_HD_ENABLED)) */
 192:Generated_Source\PSoC5/UART_GPS_INT.c **** 
 193:Generated_Source\PSoC5/UART_GPS_INT.c **** 
 194:Generated_Source\PSoC5/UART_GPS_INT.c **** #if (UART_GPS_TX_INTERRUPT_ENABLED && UART_GPS_TX_ENABLED)
 195:Generated_Source\PSoC5/UART_GPS_INT.c ****     /*******************************************************************************
 196:Generated_Source\PSoC5/UART_GPS_INT.c ****     * Function Name: UART_GPS_TXISR
 197:Generated_Source\PSoC5/UART_GPS_INT.c ****     ********************************************************************************
 198:Generated_Source\PSoC5/UART_GPS_INT.c ****     *
 199:Generated_Source\PSoC5/UART_GPS_INT.c ****     * Summary:
 200:Generated_Source\PSoC5/UART_GPS_INT.c ****     * Interrupt Service Routine for the TX portion of the UART
 201:Generated_Source\PSoC5/UART_GPS_INT.c ****     *
 202:Generated_Source\PSoC5/UART_GPS_INT.c ****     * Parameters:
 203:Generated_Source\PSoC5/UART_GPS_INT.c ****     *  None.
 204:Generated_Source\PSoC5/UART_GPS_INT.c ****     *
 205:Generated_Source\PSoC5/UART_GPS_INT.c ****     * Return:
 206:Generated_Source\PSoC5/UART_GPS_INT.c ****     *  None.
ARM GAS  C:\Users\Nathan\AppData\Local\Temp\ccL3tA4D.s 			page 7


 207:Generated_Source\PSoC5/UART_GPS_INT.c ****     *
 208:Generated_Source\PSoC5/UART_GPS_INT.c ****     * Global Variables:
 209:Generated_Source\PSoC5/UART_GPS_INT.c ****     *  UART_GPS_txBuffer - RAM buffer pointer for transmit data from.
 210:Generated_Source\PSoC5/UART_GPS_INT.c ****     *  UART_GPS_txBufferRead - cyclic index for read and transmit data
 211:Generated_Source\PSoC5/UART_GPS_INT.c ****     *     from txBuffer, increments after each transmitted byte.
 212:Generated_Source\PSoC5/UART_GPS_INT.c ****     *  UART_GPS_rxBufferWrite - cyclic index for write to txBuffer,
 213:Generated_Source\PSoC5/UART_GPS_INT.c ****     *     checked to detect available for transmission bytes.
 214:Generated_Source\PSoC5/UART_GPS_INT.c ****     *
 215:Generated_Source\PSoC5/UART_GPS_INT.c ****     *******************************************************************************/
 216:Generated_Source\PSoC5/UART_GPS_INT.c ****     CY_ISR(UART_GPS_TXISR)
 217:Generated_Source\PSoC5/UART_GPS_INT.c ****     {
 137              		.loc 1 217 0
 138              		.cfi_startproc
 139              		@ args = 0, pretend = 0, frame = 0
 140              		@ frame_needed = 0, uses_anonymous_args = 0
 141              		@ link register save eliminated.
 218:Generated_Source\PSoC5/UART_GPS_INT.c ****     #if(CY_PSOC3)
 219:Generated_Source\PSoC5/UART_GPS_INT.c ****         uint8 int_en;
 220:Generated_Source\PSoC5/UART_GPS_INT.c ****     #endif /* (CY_PSOC3) */
 221:Generated_Source\PSoC5/UART_GPS_INT.c **** 
 222:Generated_Source\PSoC5/UART_GPS_INT.c ****     #ifdef UART_GPS_TXISR_ENTRY_CALLBACK
 223:Generated_Source\PSoC5/UART_GPS_INT.c ****         UART_GPS_TXISR_EntryCallback();
 224:Generated_Source\PSoC5/UART_GPS_INT.c ****     #endif /* UART_GPS_TXISR_ENTRY_CALLBACK */
 225:Generated_Source\PSoC5/UART_GPS_INT.c **** 
 226:Generated_Source\PSoC5/UART_GPS_INT.c ****         /* User code required at start of ISR */
 227:Generated_Source\PSoC5/UART_GPS_INT.c ****         /* `#START UART_GPS_TXISR_START` */
 228:Generated_Source\PSoC5/UART_GPS_INT.c **** 
 229:Generated_Source\PSoC5/UART_GPS_INT.c ****         /* `#END` */
 230:Generated_Source\PSoC5/UART_GPS_INT.c **** 
 231:Generated_Source\PSoC5/UART_GPS_INT.c ****     #if(CY_PSOC3)   /* Make sure nested interrupt is enabled */
 232:Generated_Source\PSoC5/UART_GPS_INT.c ****         int_en = EA;
 233:Generated_Source\PSoC5/UART_GPS_INT.c ****         CyGlobalIntEnable;
 234:Generated_Source\PSoC5/UART_GPS_INT.c ****     #endif /* (CY_PSOC3) */
 235:Generated_Source\PSoC5/UART_GPS_INT.c **** 
 236:Generated_Source\PSoC5/UART_GPS_INT.c ****         while((UART_GPS_txBufferRead != UART_GPS_txBufferWrite) &&
 142              		.loc 1 236 0
 143 0000 13E0     		b	.L10
 144              	.L13:
 237:Generated_Source\PSoC5/UART_GPS_INT.c ****              ((UART_GPS_TXSTATUS_REG & UART_GPS_TX_STS_FIFO_FULL) == 0u))
 238:Generated_Source\PSoC5/UART_GPS_INT.c ****         {
 239:Generated_Source\PSoC5/UART_GPS_INT.c ****             /* Check pointer wrap around */
 240:Generated_Source\PSoC5/UART_GPS_INT.c ****             if(UART_GPS_txBufferRead >= UART_GPS_TX_BUFFER_SIZE)
 145              		.loc 1 240 0
 146 0002 104B     		ldr	r3, .L14
 147 0004 1B78     		ldrb	r3, [r3]	@ zero_extendqisi2
 148 0006 DBB2     		uxtb	r3, r3
 149 0008 312B     		cmp	r3, #49
 150 000a 02D9     		bls	.L11
 241:Generated_Source\PSoC5/UART_GPS_INT.c ****             {
 242:Generated_Source\PSoC5/UART_GPS_INT.c ****                 UART_GPS_txBufferRead = 0u;
 151              		.loc 1 242 0
 152 000c 0022     		movs	r2, #0
 153 000e 0D4B     		ldr	r3, .L14
 154 0010 1A70     		strb	r2, [r3]
 155              	.L11:
 243:Generated_Source\PSoC5/UART_GPS_INT.c ****             }
 244:Generated_Source\PSoC5/UART_GPS_INT.c **** 
ARM GAS  C:\Users\Nathan\AppData\Local\Temp\ccL3tA4D.s 			page 8


 245:Generated_Source\PSoC5/UART_GPS_INT.c ****             UART_GPS_TXDATA_REG = UART_GPS_txBuffer[UART_GPS_txBufferRead];
 156              		.loc 1 245 0
 157 0012 0C4A     		ldr	r2, .L14
 158 0014 1378     		ldrb	r3, [r2]	@ zero_extendqisi2
 159 0016 DBB2     		uxtb	r3, r3
 160 0018 0B49     		ldr	r1, .L14+4
 161 001a CB5C     		ldrb	r3, [r1, r3]	@ zero_extendqisi2
 162 001c DBB2     		uxtb	r3, r3
 163 001e 0B49     		ldr	r1, .L14+8
 164 0020 0B70     		strb	r3, [r1]
 246:Generated_Source\PSoC5/UART_GPS_INT.c **** 
 247:Generated_Source\PSoC5/UART_GPS_INT.c ****             /* Set next pointer */
 248:Generated_Source\PSoC5/UART_GPS_INT.c ****             UART_GPS_txBufferRead++;
 165              		.loc 1 248 0
 166 0022 1378     		ldrb	r3, [r2]	@ zero_extendqisi2
 167 0024 0133     		adds	r3, r3, #1
 168 0026 DBB2     		uxtb	r3, r3
 169 0028 1370     		strb	r3, [r2]
 170              	.L10:
 236:Generated_Source\PSoC5/UART_GPS_INT.c ****              ((UART_GPS_TXSTATUS_REG & UART_GPS_TX_STS_FIFO_FULL) == 0u))
 171              		.loc 1 236 0
 172 002a 064B     		ldr	r3, .L14
 173 002c 1B78     		ldrb	r3, [r3]	@ zero_extendqisi2
 174 002e DBB2     		uxtb	r3, r3
 175 0030 074A     		ldr	r2, .L14+12
 176 0032 1278     		ldrb	r2, [r2]	@ zero_extendqisi2
 177 0034 9342     		cmp	r3, r2
 178 0036 04D0     		beq	.L9
 237:Generated_Source\PSoC5/UART_GPS_INT.c ****         {
 179              		.loc 1 237 0 discriminator 1
 180 0038 064B     		ldr	r3, .L14+16
 181 003a 1B78     		ldrb	r3, [r3]	@ zero_extendqisi2
 236:Generated_Source\PSoC5/UART_GPS_INT.c ****              ((UART_GPS_TXSTATUS_REG & UART_GPS_TX_STS_FIFO_FULL) == 0u))
 182              		.loc 1 236 0 discriminator 1
 183 003c 13F0040F 		tst	r3, #4
 184 0040 DFD0     		beq	.L13
 185              	.L9:
 186 0042 7047     		bx	lr
 187              	.L15:
 188              		.align	2
 189              	.L14:
 190 0044 00000000 		.word	UART_GPS_txBufferRead
 191 0048 00000000 		.word	UART_GPS_txBuffer
 192 004c 4A640040 		.word	1073767498
 193 0050 00000000 		.word	UART_GPS_txBufferWrite
 194 0054 69640040 		.word	1073767529
 195              		.cfi_endproc
 196              	.LFE1:
 197              		.size	UART_GPS_TXISR, .-UART_GPS_TXISR
 198              		.text
 199              	.Letext0:
 200              		.file 2 "Generated_Source\\PSoC5\\cytypes.h"
 201              		.file 3 "Generated_Source\\PSoC5\\UART_GPS.h"
 202              		.section	.debug_info,"",%progbits
 203              	.Ldebug_info0:
 204 0000 A4010000 		.4byte	0x1a4
 205 0004 0400     		.2byte	0x4
ARM GAS  C:\Users\Nathan\AppData\Local\Temp\ccL3tA4D.s 			page 9


 206 0006 00000000 		.4byte	.Ldebug_abbrev0
 207 000a 04       		.byte	0x4
 208 000b 01       		.uleb128 0x1
 209 000c 8D000000 		.4byte	.LASF29
 210 0010 0C       		.byte	0xc
 211 0011 63020000 		.4byte	.LASF30
 212 0015 38010000 		.4byte	.LASF31
 213 0019 00000000 		.4byte	.Ldebug_ranges0+0
 214 001d 00000000 		.4byte	0
 215 0021 00000000 		.4byte	.Ldebug_line0
 216 0025 02       		.uleb128 0x2
 217 0026 01       		.byte	0x1
 218 0027 06       		.byte	0x6
 219 0028 B1020000 		.4byte	.LASF0
 220 002c 02       		.uleb128 0x2
 221 002d 01       		.byte	0x1
 222 002e 08       		.byte	0x8
 223 002f 7F000000 		.4byte	.LASF1
 224 0033 02       		.uleb128 0x2
 225 0034 02       		.byte	0x2
 226 0035 05       		.byte	0x5
 227 0036 47020000 		.4byte	.LASF2
 228 003a 02       		.uleb128 0x2
 229 003b 02       		.byte	0x2
 230 003c 07       		.byte	0x7
 231 003d 3A000000 		.4byte	.LASF3
 232 0041 02       		.uleb128 0x2
 233 0042 04       		.byte	0x4
 234 0043 05       		.byte	0x5
 235 0044 31000000 		.4byte	.LASF4
 236 0048 02       		.uleb128 0x2
 237 0049 04       		.byte	0x4
 238 004a 07       		.byte	0x7
 239 004b 20010000 		.4byte	.LASF5
 240 004f 02       		.uleb128 0x2
 241 0050 08       		.byte	0x8
 242 0051 05       		.byte	0x5
 243 0052 27020000 		.4byte	.LASF6
 244 0056 02       		.uleb128 0x2
 245 0057 08       		.byte	0x8
 246 0058 07       		.byte	0x7
 247 0059 ED010000 		.4byte	.LASF7
 248 005d 03       		.uleb128 0x3
 249 005e 04       		.byte	0x4
 250 005f 05       		.byte	0x5
 251 0060 696E7400 		.ascii	"int\000"
 252 0064 02       		.uleb128 0x2
 253 0065 04       		.byte	0x4
 254 0066 07       		.byte	0x7
 255 0067 CA010000 		.4byte	.LASF8
 256 006b 04       		.uleb128 0x4
 257 006c 32010000 		.4byte	.LASF9
 258 0070 02       		.byte	0x2
 259 0071 9201     		.2byte	0x192
 260 0073 2C000000 		.4byte	0x2c
 261 0077 04       		.uleb128 0x4
 262 0078 9D010000 		.4byte	.LASF10
ARM GAS  C:\Users\Nathan\AppData\Local\Temp\ccL3tA4D.s 			page 10


 263 007c 02       		.byte	0x2
 264 007d 9301     		.2byte	0x193
 265 007f 3A000000 		.4byte	0x3a
 266 0083 02       		.uleb128 0x2
 267 0084 04       		.byte	0x4
 268 0085 04       		.byte	0x4
 269 0086 2B000000 		.4byte	.LASF11
 270 008a 02       		.uleb128 0x2
 271 008b 08       		.byte	0x8
 272 008c 04       		.byte	0x4
 273 008d 96010000 		.4byte	.LASF12
 274 0091 02       		.uleb128 0x2
 275 0092 01       		.byte	0x1
 276 0093 08       		.byte	0x8
 277 0094 A0020000 		.4byte	.LASF13
 278 0098 04       		.uleb128 0x4
 279 0099 1B010000 		.4byte	.LASF14
 280 009d 02       		.byte	0x2
 281 009e 3C02     		.2byte	0x23c
 282 00a0 A4000000 		.4byte	0xa4
 283 00a4 05       		.uleb128 0x5
 284 00a5 6B000000 		.4byte	0x6b
 285 00a9 05       		.uleb128 0x5
 286 00aa 77000000 		.4byte	0x77
 287 00ae 02       		.uleb128 0x2
 288 00af 08       		.byte	0x8
 289 00b0 04       		.byte	0x4
 290 00b1 A5020000 		.4byte	.LASF15
 291 00b5 02       		.uleb128 0x2
 292 00b6 04       		.byte	0x4
 293 00b7 07       		.byte	0x7
 294 00b8 1E020000 		.4byte	.LASF16
 295 00bc 06       		.uleb128 0x6
 296 00bd 00000000 		.4byte	.LASF32
 297 00c1 01       		.byte	0x1
 298 00c2 3B       		.byte	0x3b
 299 00c3 00000000 		.4byte	.LFB0
 300 00c7 9C000000 		.4byte	.LFE0-.LFB0
 301 00cb 01       		.uleb128 0x1
 302 00cc 9C       		.byte	0x9c
 303 00cd FF000000 		.4byte	0xff
 304 00d1 07       		.uleb128 0x7
 305 00d2 BD020000 		.4byte	.LASF17
 306 00d6 01       		.byte	0x1
 307 00d7 3D       		.byte	0x3d
 308 00d8 6B000000 		.4byte	0x6b
 309 00dc 00000000 		.4byte	.LLST0
 310 00e0 07       		.uleb128 0x7
 311 00e1 74000000 		.4byte	.LASF18
 312 00e5 01       		.byte	0x1
 313 00e6 3E       		.byte	0x3e
 314 00e7 6B000000 		.4byte	0x6b
 315 00eb 1E000000 		.4byte	.LLST1
 316 00ef 07       		.uleb128 0x7
 317 00f0 35020000 		.4byte	.LASF19
 318 00f4 01       		.byte	0x1
 319 00f5 3F       		.byte	0x3f
ARM GAS  C:\Users\Nathan\AppData\Local\Temp\ccL3tA4D.s 			page 11


 320 00f6 6B000000 		.4byte	0x6b
 321 00fa 31000000 		.4byte	.LLST2
 322 00fe 00       		.byte	0
 323 00ff 08       		.uleb128 0x8
 324 0100 A4010000 		.4byte	.LASF33
 325 0104 01       		.byte	0x1
 326 0105 D8       		.byte	0xd8
 327 0106 00000000 		.4byte	.LFB1
 328 010a 58000000 		.4byte	.LFE1-.LFB1
 329 010e 01       		.uleb128 0x1
 330 010f 9C       		.byte	0x9c
 331 0110 09       		.uleb128 0x9
 332 0111 A4000000 		.4byte	0xa4
 333 0115 20010000 		.4byte	0x120
 334 0119 0A       		.uleb128 0xa
 335 011a B5000000 		.4byte	0xb5
 336 011e 31       		.byte	0x31
 337 011f 00       		.byte	0
 338 0120 0B       		.uleb128 0xb
 339 0121 51020000 		.4byte	.LASF20
 340 0125 03       		.byte	0x3
 341 0126 3801     		.2byte	0x138
 342 0128 2C010000 		.4byte	0x12c
 343 012c 05       		.uleb128 0x5
 344 012d 10010000 		.4byte	0x110
 345 0131 0B       		.uleb128 0xb
 346 0132 80010000 		.4byte	.LASF21
 347 0136 03       		.byte	0x3
 348 0137 3901     		.2byte	0x139
 349 0139 A4000000 		.4byte	0xa4
 350 013d 0B       		.uleb128 0xb
 351 013e 89020000 		.4byte	.LASF22
 352 0142 03       		.byte	0x3
 353 0143 3A01     		.2byte	0x13a
 354 0145 6B000000 		.4byte	0x6b
 355 0149 0B       		.uleb128 0xb
 356 014a 5F000000 		.4byte	.LASF23
 357 014e 03       		.byte	0x3
 358 014f 3D01     		.2byte	0x13d
 359 0151 6B000000 		.4byte	0x6b
 360 0155 09       		.uleb128 0x9
 361 0156 A4000000 		.4byte	0xa4
 362 015a 66010000 		.4byte	0x166
 363 015e 0C       		.uleb128 0xc
 364 015f B5000000 		.4byte	0xb5
 365 0163 C101     		.2byte	0x1c1
 366 0165 00       		.byte	0
 367 0166 0B       		.uleb128 0xb
 368 0167 4D000000 		.4byte	.LASF24
 369 016b 03       		.byte	0x3
 370 016c 3E01     		.2byte	0x13e
 371 016e 72010000 		.4byte	0x172
 372 0172 05       		.uleb128 0x5
 373 0173 55010000 		.4byte	0x155
 374 0177 0B       		.uleb128 0xb
 375 0178 D7010000 		.4byte	.LASF25
 376 017c 03       		.byte	0x3
ARM GAS  C:\Users\Nathan\AppData\Local\Temp\ccL3tA4D.s 			page 12


 377 017d 3F01     		.2byte	0x13f
 378 017f A9000000 		.4byte	0xa9
 379 0183 0B       		.uleb128 0xb
 380 0184 B3010000 		.4byte	.LASF26
 381 0188 03       		.byte	0x3
 382 0189 4001     		.2byte	0x140
 383 018b A9000000 		.4byte	0xa9
 384 018f 0B       		.uleb128 0xb
 385 0190 0F000000 		.4byte	.LASF27
 386 0194 03       		.byte	0x3
 387 0195 4101     		.2byte	0x141
 388 0197 A4000000 		.4byte	0xa4
 389 019b 0B       		.uleb128 0xb
 390 019c 04020000 		.4byte	.LASF28
 391 01a0 03       		.byte	0x3
 392 01a1 4201     		.2byte	0x142
 393 01a3 A4000000 		.4byte	0xa4
 394 01a7 00       		.byte	0
 395              		.section	.debug_abbrev,"",%progbits
 396              	.Ldebug_abbrev0:
 397 0000 01       		.uleb128 0x1
 398 0001 11       		.uleb128 0x11
 399 0002 01       		.byte	0x1
 400 0003 25       		.uleb128 0x25
 401 0004 0E       		.uleb128 0xe
 402 0005 13       		.uleb128 0x13
 403 0006 0B       		.uleb128 0xb
 404 0007 03       		.uleb128 0x3
 405 0008 0E       		.uleb128 0xe
 406 0009 1B       		.uleb128 0x1b
 407 000a 0E       		.uleb128 0xe
 408 000b 55       		.uleb128 0x55
 409 000c 17       		.uleb128 0x17
 410 000d 11       		.uleb128 0x11
 411 000e 01       		.uleb128 0x1
 412 000f 10       		.uleb128 0x10
 413 0010 17       		.uleb128 0x17
 414 0011 00       		.byte	0
 415 0012 00       		.byte	0
 416 0013 02       		.uleb128 0x2
 417 0014 24       		.uleb128 0x24
 418 0015 00       		.byte	0
 419 0016 0B       		.uleb128 0xb
 420 0017 0B       		.uleb128 0xb
 421 0018 3E       		.uleb128 0x3e
 422 0019 0B       		.uleb128 0xb
 423 001a 03       		.uleb128 0x3
 424 001b 0E       		.uleb128 0xe
 425 001c 00       		.byte	0
 426 001d 00       		.byte	0
 427 001e 03       		.uleb128 0x3
 428 001f 24       		.uleb128 0x24
 429 0020 00       		.byte	0
 430 0021 0B       		.uleb128 0xb
 431 0022 0B       		.uleb128 0xb
 432 0023 3E       		.uleb128 0x3e
 433 0024 0B       		.uleb128 0xb
ARM GAS  C:\Users\Nathan\AppData\Local\Temp\ccL3tA4D.s 			page 13


 434 0025 03       		.uleb128 0x3
 435 0026 08       		.uleb128 0x8
 436 0027 00       		.byte	0
 437 0028 00       		.byte	0
 438 0029 04       		.uleb128 0x4
 439 002a 16       		.uleb128 0x16
 440 002b 00       		.byte	0
 441 002c 03       		.uleb128 0x3
 442 002d 0E       		.uleb128 0xe
 443 002e 3A       		.uleb128 0x3a
 444 002f 0B       		.uleb128 0xb
 445 0030 3B       		.uleb128 0x3b
 446 0031 05       		.uleb128 0x5
 447 0032 49       		.uleb128 0x49
 448 0033 13       		.uleb128 0x13
 449 0034 00       		.byte	0
 450 0035 00       		.byte	0
 451 0036 05       		.uleb128 0x5
 452 0037 35       		.uleb128 0x35
 453 0038 00       		.byte	0
 454 0039 49       		.uleb128 0x49
 455 003a 13       		.uleb128 0x13
 456 003b 00       		.byte	0
 457 003c 00       		.byte	0
 458 003d 06       		.uleb128 0x6
 459 003e 2E       		.uleb128 0x2e
 460 003f 01       		.byte	0x1
 461 0040 3F       		.uleb128 0x3f
 462 0041 19       		.uleb128 0x19
 463 0042 03       		.uleb128 0x3
 464 0043 0E       		.uleb128 0xe
 465 0044 3A       		.uleb128 0x3a
 466 0045 0B       		.uleb128 0xb
 467 0046 3B       		.uleb128 0x3b
 468 0047 0B       		.uleb128 0xb
 469 0048 27       		.uleb128 0x27
 470 0049 19       		.uleb128 0x19
 471 004a 11       		.uleb128 0x11
 472 004b 01       		.uleb128 0x1
 473 004c 12       		.uleb128 0x12
 474 004d 06       		.uleb128 0x6
 475 004e 40       		.uleb128 0x40
 476 004f 18       		.uleb128 0x18
 477 0050 9742     		.uleb128 0x2117
 478 0052 19       		.uleb128 0x19
 479 0053 01       		.uleb128 0x1
 480 0054 13       		.uleb128 0x13
 481 0055 00       		.byte	0
 482 0056 00       		.byte	0
 483 0057 07       		.uleb128 0x7
 484 0058 34       		.uleb128 0x34
 485 0059 00       		.byte	0
 486 005a 03       		.uleb128 0x3
 487 005b 0E       		.uleb128 0xe
 488 005c 3A       		.uleb128 0x3a
 489 005d 0B       		.uleb128 0xb
 490 005e 3B       		.uleb128 0x3b
ARM GAS  C:\Users\Nathan\AppData\Local\Temp\ccL3tA4D.s 			page 14


 491 005f 0B       		.uleb128 0xb
 492 0060 49       		.uleb128 0x49
 493 0061 13       		.uleb128 0x13
 494 0062 02       		.uleb128 0x2
 495 0063 17       		.uleb128 0x17
 496 0064 00       		.byte	0
 497 0065 00       		.byte	0
 498 0066 08       		.uleb128 0x8
 499 0067 2E       		.uleb128 0x2e
 500 0068 00       		.byte	0
 501 0069 3F       		.uleb128 0x3f
 502 006a 19       		.uleb128 0x19
 503 006b 03       		.uleb128 0x3
 504 006c 0E       		.uleb128 0xe
 505 006d 3A       		.uleb128 0x3a
 506 006e 0B       		.uleb128 0xb
 507 006f 3B       		.uleb128 0x3b
 508 0070 0B       		.uleb128 0xb
 509 0071 27       		.uleb128 0x27
 510 0072 19       		.uleb128 0x19
 511 0073 11       		.uleb128 0x11
 512 0074 01       		.uleb128 0x1
 513 0075 12       		.uleb128 0x12
 514 0076 06       		.uleb128 0x6
 515 0077 40       		.uleb128 0x40
 516 0078 18       		.uleb128 0x18
 517 0079 9742     		.uleb128 0x2117
 518 007b 19       		.uleb128 0x19
 519 007c 00       		.byte	0
 520 007d 00       		.byte	0
 521 007e 09       		.uleb128 0x9
 522 007f 01       		.uleb128 0x1
 523 0080 01       		.byte	0x1
 524 0081 49       		.uleb128 0x49
 525 0082 13       		.uleb128 0x13
 526 0083 01       		.uleb128 0x1
 527 0084 13       		.uleb128 0x13
 528 0085 00       		.byte	0
 529 0086 00       		.byte	0
 530 0087 0A       		.uleb128 0xa
 531 0088 21       		.uleb128 0x21
 532 0089 00       		.byte	0
 533 008a 49       		.uleb128 0x49
 534 008b 13       		.uleb128 0x13
 535 008c 2F       		.uleb128 0x2f
 536 008d 0B       		.uleb128 0xb
 537 008e 00       		.byte	0
 538 008f 00       		.byte	0
 539 0090 0B       		.uleb128 0xb
 540 0091 34       		.uleb128 0x34
 541 0092 00       		.byte	0
 542 0093 03       		.uleb128 0x3
 543 0094 0E       		.uleb128 0xe
 544 0095 3A       		.uleb128 0x3a
 545 0096 0B       		.uleb128 0xb
 546 0097 3B       		.uleb128 0x3b
 547 0098 05       		.uleb128 0x5
ARM GAS  C:\Users\Nathan\AppData\Local\Temp\ccL3tA4D.s 			page 15


 548 0099 49       		.uleb128 0x49
 549 009a 13       		.uleb128 0x13
 550 009b 3F       		.uleb128 0x3f
 551 009c 19       		.uleb128 0x19
 552 009d 3C       		.uleb128 0x3c
 553 009e 19       		.uleb128 0x19
 554 009f 00       		.byte	0
 555 00a0 00       		.byte	0
 556 00a1 0C       		.uleb128 0xc
 557 00a2 21       		.uleb128 0x21
 558 00a3 00       		.byte	0
 559 00a4 49       		.uleb128 0x49
 560 00a5 13       		.uleb128 0x13
 561 00a6 2F       		.uleb128 0x2f
 562 00a7 05       		.uleb128 0x5
 563 00a8 00       		.byte	0
 564 00a9 00       		.byte	0
 565 00aa 00       		.byte	0
 566              		.section	.debug_loc,"",%progbits
 567              	.Ldebug_loc0:
 568              	.LLST0:
 569 0000 06000000 		.4byte	.LVL0
 570 0004 1C000000 		.4byte	.LVL1
 571 0008 0100     		.2byte	0x1
 572 000a 53       		.byte	0x53
 573 000b 2A000000 		.4byte	.LVL2
 574 000f 40000000 		.4byte	.LVL4
 575 0013 0100     		.2byte	0x1
 576 0015 51       		.byte	0x51
 577 0016 00000000 		.4byte	0
 578 001a 00000000 		.4byte	0
 579              	.LLST1:
 580 001e 06000000 		.4byte	.LVL0
 581 0022 1C000000 		.4byte	.LVL1
 582 0026 0100     		.2byte	0x1
 583 0028 53       		.byte	0x53
 584 0029 00000000 		.4byte	0
 585 002d 00000000 		.4byte	0
 586              	.LLST2:
 587 0031 34000000 		.4byte	.LVL3
 588 0035 76000000 		.4byte	.LVL5
 589 0039 0200     		.2byte	0x2
 590 003b 31       		.byte	0x31
 591 003c 9F       		.byte	0x9f
 592 003d 00000000 		.4byte	0
 593 0041 00000000 		.4byte	0
 594              		.section	.debug_aranges,"",%progbits
 595 0000 24000000 		.4byte	0x24
 596 0004 0200     		.2byte	0x2
 597 0006 00000000 		.4byte	.Ldebug_info0
 598 000a 04       		.byte	0x4
 599 000b 00       		.byte	0
 600 000c 0000     		.2byte	0
 601 000e 0000     		.2byte	0
 602 0010 00000000 		.4byte	.LFB0
 603 0014 9C000000 		.4byte	.LFE0-.LFB0
 604 0018 00000000 		.4byte	.LFB1
ARM GAS  C:\Users\Nathan\AppData\Local\Temp\ccL3tA4D.s 			page 16


 605 001c 58000000 		.4byte	.LFE1-.LFB1
 606 0020 00000000 		.4byte	0
 607 0024 00000000 		.4byte	0
 608              		.section	.debug_ranges,"",%progbits
 609              	.Ldebug_ranges0:
 610 0000 00000000 		.4byte	.LFB0
 611 0004 9C000000 		.4byte	.LFE0
 612 0008 00000000 		.4byte	.LFB1
 613 000c 58000000 		.4byte	.LFE1
 614 0010 00000000 		.4byte	0
 615 0014 00000000 		.4byte	0
 616              		.section	.debug_line,"",%progbits
 617              	.Ldebug_line0:
 618 0000 A8000000 		.section	.debug_str,"MS",%progbits,1
 618      02005700 
 618      00000201 
 618      FB0E0D00 
 618      01010101 
 619              	.LASF32:
 620 0000 55415254 		.ascii	"UART_GPS_RXISR\000"
 620      5F475053 
 620      5F525849 
 620      535200
 621              	.LASF27:
 622 000f 55415254 		.ascii	"UART_GPS_rxBufferLoopDetect\000"
 622      5F475053 
 622      5F727842 
 622      75666665 
 622      724C6F6F 
 623              	.LASF11:
 624 002b 666C6F61 		.ascii	"float\000"
 624      7400
 625              	.LASF4:
 626 0031 6C6F6E67 		.ascii	"long int\000"
 626      20696E74 
 626      00
 627              	.LASF3:
 628 003a 73686F72 		.ascii	"short unsigned int\000"
 628      7420756E 
 628      7369676E 
 628      65642069 
 628      6E7400
 629              	.LASF24:
 630 004d 55415254 		.ascii	"UART_GPS_rxBuffer\000"
 630      5F475053 
 630      5F727842 
 630      75666665 
 630      7200
 631              	.LASF23:
 632 005f 55415254 		.ascii	"UART_GPS_errorStatus\000"
 632      5F475053 
 632      5F657272 
 632      6F725374 
 632      61747573 
 633              	.LASF18:
 634 0074 72656164 		.ascii	"readStatus\000"
 634      53746174 
ARM GAS  C:\Users\Nathan\AppData\Local\Temp\ccL3tA4D.s 			page 17


 634      757300
 635              	.LASF1:
 636 007f 756E7369 		.ascii	"unsigned char\000"
 636      676E6564 
 636      20636861 
 636      7200
 637              	.LASF29:
 638 008d 474E5520 		.ascii	"GNU C11 5.4.1 20160609 (release) [ARM/embedded-5-br"
 638      43313120 
 638      352E342E 
 638      31203230 
 638      31363036 
 639 00c0 616E6368 		.ascii	"anch revision 237715] -mcpu=cortex-m3 -mthumb -g -O"
 639      20726576 
 639      6973696F 
 639      6E203233 
 639      37373135 
 640 00f3 67202D66 		.ascii	"g -ffunction-sections -ffat-lto-objects\000"
 640      66756E63 
 640      74696F6E 
 640      2D736563 
 640      74696F6E 
 641              	.LASF14:
 642 011b 72656738 		.ascii	"reg8\000"
 642      00
 643              	.LASF5:
 644 0120 6C6F6E67 		.ascii	"long unsigned int\000"
 644      20756E73 
 644      69676E65 
 644      6420696E 
 644      7400
 645              	.LASF9:
 646 0132 75696E74 		.ascii	"uint8\000"
 646      3800
 647              	.LASF31:
 648 0138 433A5C55 		.ascii	"C:\\Users\\Nathan\\Documents\\MyBuilds\\Flight Cont"
 648      73657273 
 648      5C4E6174 
 648      68616E5C 
 648      446F6375 
 649 0166 726F6C6C 		.ascii	"roller\\ServoControl.cydsn\000"
 649      65725C53 
 649      6572766F 
 649      436F6E74 
 649      726F6C2E 
 650              	.LASF21:
 651 0180 55415254 		.ascii	"UART_GPS_txBufferRead\000"
 651      5F475053 
 651      5F747842 
 651      75666665 
 651      72526561 
 652              	.LASF12:
 653 0196 646F7562 		.ascii	"double\000"
 653      6C6500
 654              	.LASF10:
 655 019d 75696E74 		.ascii	"uint16\000"
 655      313600
ARM GAS  C:\Users\Nathan\AppData\Local\Temp\ccL3tA4D.s 			page 18


 656              	.LASF33:
 657 01a4 55415254 		.ascii	"UART_GPS_TXISR\000"
 657      5F475053 
 657      5F545849 
 657      535200
 658              	.LASF26:
 659 01b3 55415254 		.ascii	"UART_GPS_rxBufferWrite\000"
 659      5F475053 
 659      5F727842 
 659      75666665 
 659      72577269 
 660              	.LASF8:
 661 01ca 756E7369 		.ascii	"unsigned int\000"
 661      676E6564 
 661      20696E74 
 661      00
 662              	.LASF25:
 663 01d7 55415254 		.ascii	"UART_GPS_rxBufferRead\000"
 663      5F475053 
 663      5F727842 
 663      75666665 
 663      72526561 
 664              	.LASF7:
 665 01ed 6C6F6E67 		.ascii	"long long unsigned int\000"
 665      206C6F6E 
 665      6720756E 
 665      7369676E 
 665      65642069 
 666              	.LASF28:
 667 0204 55415254 		.ascii	"UART_GPS_rxBufferOverflow\000"
 667      5F475053 
 667      5F727842 
 667      75666665 
 667      724F7665 
 668              	.LASF16:
 669 021e 73697A65 		.ascii	"sizetype\000"
 669      74797065 
 669      00
 670              	.LASF6:
 671 0227 6C6F6E67 		.ascii	"long long int\000"
 671      206C6F6E 
 671      6720696E 
 671      7400
 672              	.LASF19:
 673 0235 696E6372 		.ascii	"increment_pointer\000"
 673      656D656E 
 673      745F706F 
 673      696E7465 
 673      7200
 674              	.LASF2:
 675 0247 73686F72 		.ascii	"short int\000"
 675      7420696E 
 675      7400
 676              	.LASF20:
 677 0251 55415254 		.ascii	"UART_GPS_txBuffer\000"
 677      5F475053 
 677      5F747842 
ARM GAS  C:\Users\Nathan\AppData\Local\Temp\ccL3tA4D.s 			page 19


 677      75666665 
 677      7200
 678              	.LASF30:
 679 0263 47656E65 		.ascii	"Generated_Source\\PSoC5\\UART_GPS_INT.c\000"
 679      72617465 
 679      645F536F 
 679      75726365 
 679      5C50536F 
 680              	.LASF22:
 681 0289 55415254 		.ascii	"UART_GPS_txBufferWrite\000"
 681      5F475053 
 681      5F747842 
 681      75666665 
 681      72577269 
 682              	.LASF13:
 683 02a0 63686172 		.ascii	"char\000"
 683      00
 684              	.LASF15:
 685 02a5 6C6F6E67 		.ascii	"long double\000"
 685      20646F75 
 685      626C6500 
 686              	.LASF0:
 687 02b1 7369676E 		.ascii	"signed char\000"
 687      65642063 
 687      68617200 
 688              	.LASF17:
 689 02bd 72656164 		.ascii	"readData\000"
 689      44617461 
 689      00
 690              		.ident	"GCC: (GNU Tools for ARM Embedded Processors) 5.4.1 20160609 (release) [ARM/embedded-5-bran
