ARM GAS  C:\Users\Nathan\AppData\Local\Temp\ccxMrHhf.s 			page 1


   1              		.syntax unified
   2              		.cpu cortex-m3
   3              		.fpu softvfp
   4              		.eabi_attribute 20, 1
   5              		.eabi_attribute 21, 1
   6              		.eabi_attribute 23, 3
   7              		.eabi_attribute 24, 1
   8              		.eabi_attribute 25, 1
   9              		.eabi_attribute 26, 1
  10              		.eabi_attribute 30, 4
  11              		.eabi_attribute 34, 1
  12              		.eabi_attribute 18, 4
  13              		.thumb
  14              		.syntax unified
  15              		.file	"emFile_1_SPI0_PM.c"
  16              		.text
  17              	.Ltext0:
  18              		.cfi_sections	.debug_frame
  19              		.section	.text.emFile_1_SPI0_SaveConfig,"ax",%progbits
  20              		.align	1
  21              		.global	emFile_1_SPI0_SaveConfig
  22              		.thumb
  23              		.thumb_func
  24              		.type	emFile_1_SPI0_SaveConfig, %function
  25              	emFile_1_SPI0_SaveConfig:
  26              	.LFB5:
  27              		.cfi_startproc
  28              		@ args = 0, pretend = 0, frame = 0
  29              		@ frame_needed = 0, uses_anonymous_args = 0
  30              		@ link register save eliminated.
  31 0000 7047     		bx	lr
  32              		.cfi_endproc
  33              	.LFE5:
  34              		.size	emFile_1_SPI0_SaveConfig, .-emFile_1_SPI0_SaveConfig
  35              		.section	.text.emFile_1_SPI0_RestoreConfig,"ax",%progbits
  36              		.align	1
  37              		.global	emFile_1_SPI0_RestoreConfig
  38              		.thumb
  39              		.thumb_func
  40              		.type	emFile_1_SPI0_RestoreConfig, %function
  41              	emFile_1_SPI0_RestoreConfig:
  42              	.LFB1:
  43              		.file 1 "Generated_Source\\PSoC5\\emFile_1_SPI0_PM.c"
   1:Generated_Source\PSoC5/emFile_1_SPI0_PM.c **** /*******************************************************************************
   2:Generated_Source\PSoC5/emFile_1_SPI0_PM.c **** * File Name: emFile_1_SPI0_PM.c
   3:Generated_Source\PSoC5/emFile_1_SPI0_PM.c **** * Version 2.40
   4:Generated_Source\PSoC5/emFile_1_SPI0_PM.c **** *
   5:Generated_Source\PSoC5/emFile_1_SPI0_PM.c **** * Description:
   6:Generated_Source\PSoC5/emFile_1_SPI0_PM.c **** *  This file contains the setup, control and status commands to support
   7:Generated_Source\PSoC5/emFile_1_SPI0_PM.c **** *  component operations in low power mode.
   8:Generated_Source\PSoC5/emFile_1_SPI0_PM.c **** *
   9:Generated_Source\PSoC5/emFile_1_SPI0_PM.c **** * Note:
  10:Generated_Source\PSoC5/emFile_1_SPI0_PM.c **** *
  11:Generated_Source\PSoC5/emFile_1_SPI0_PM.c **** ********************************************************************************
  12:Generated_Source\PSoC5/emFile_1_SPI0_PM.c **** * Copyright 2008-2012, Cypress Semiconductor Corporation.  All rights reserved.
  13:Generated_Source\PSoC5/emFile_1_SPI0_PM.c **** * You may use this file only in accordance with the license, terms, conditions,
  14:Generated_Source\PSoC5/emFile_1_SPI0_PM.c **** * disclaimers, and limitations in the end user license agreement accompanying
ARM GAS  C:\Users\Nathan\AppData\Local\Temp\ccxMrHhf.s 			page 2


  15:Generated_Source\PSoC5/emFile_1_SPI0_PM.c **** * the software package with which this file was provided.
  16:Generated_Source\PSoC5/emFile_1_SPI0_PM.c **** *******************************************************************************/
  17:Generated_Source\PSoC5/emFile_1_SPI0_PM.c **** 
  18:Generated_Source\PSoC5/emFile_1_SPI0_PM.c **** #include "emFile_1_SPI0_PVT.h"
  19:Generated_Source\PSoC5/emFile_1_SPI0_PM.c **** 
  20:Generated_Source\PSoC5/emFile_1_SPI0_PM.c **** static emFile_1_SPI0_BACKUP_STRUCT emFile_1_SPI0_backup =
  21:Generated_Source\PSoC5/emFile_1_SPI0_PM.c **** {
  22:Generated_Source\PSoC5/emFile_1_SPI0_PM.c ****     emFile_1_SPI0_DISABLED,
  23:Generated_Source\PSoC5/emFile_1_SPI0_PM.c ****     emFile_1_SPI0_BITCTR_INIT,
  24:Generated_Source\PSoC5/emFile_1_SPI0_PM.c ****     #if(CY_UDB_V0)
  25:Generated_Source\PSoC5/emFile_1_SPI0_PM.c ****         emFile_1_SPI0_TX_INIT_INTERRUPTS_MASK,
  26:Generated_Source\PSoC5/emFile_1_SPI0_PM.c ****         emFile_1_SPI0_RX_INIT_INTERRUPTS_MASK
  27:Generated_Source\PSoC5/emFile_1_SPI0_PM.c ****     #endif /* CY_UDB_V0 */
  28:Generated_Source\PSoC5/emFile_1_SPI0_PM.c **** };
  29:Generated_Source\PSoC5/emFile_1_SPI0_PM.c **** 
  30:Generated_Source\PSoC5/emFile_1_SPI0_PM.c **** 
  31:Generated_Source\PSoC5/emFile_1_SPI0_PM.c **** /*******************************************************************************
  32:Generated_Source\PSoC5/emFile_1_SPI0_PM.c **** * Function Name: emFile_1_SPI0_SaveConfig
  33:Generated_Source\PSoC5/emFile_1_SPI0_PM.c **** ********************************************************************************
  34:Generated_Source\PSoC5/emFile_1_SPI0_PM.c **** *
  35:Generated_Source\PSoC5/emFile_1_SPI0_PM.c **** * Summary:
  36:Generated_Source\PSoC5/emFile_1_SPI0_PM.c **** *  Saves SPIM configuration.
  37:Generated_Source\PSoC5/emFile_1_SPI0_PM.c **** *
  38:Generated_Source\PSoC5/emFile_1_SPI0_PM.c **** * Parameters:
  39:Generated_Source\PSoC5/emFile_1_SPI0_PM.c **** *  None.
  40:Generated_Source\PSoC5/emFile_1_SPI0_PM.c **** *
  41:Generated_Source\PSoC5/emFile_1_SPI0_PM.c **** * Return:
  42:Generated_Source\PSoC5/emFile_1_SPI0_PM.c **** *  None.
  43:Generated_Source\PSoC5/emFile_1_SPI0_PM.c **** *
  44:Generated_Source\PSoC5/emFile_1_SPI0_PM.c **** * Global Variables:
  45:Generated_Source\PSoC5/emFile_1_SPI0_PM.c **** *  emFile_1_SPI0_backup - modified when non-retention registers are saved.
  46:Generated_Source\PSoC5/emFile_1_SPI0_PM.c **** *
  47:Generated_Source\PSoC5/emFile_1_SPI0_PM.c **** * Reentrant:
  48:Generated_Source\PSoC5/emFile_1_SPI0_PM.c **** *  No.
  49:Generated_Source\PSoC5/emFile_1_SPI0_PM.c **** *
  50:Generated_Source\PSoC5/emFile_1_SPI0_PM.c **** *******************************************************************************/
  51:Generated_Source\PSoC5/emFile_1_SPI0_PM.c **** void emFile_1_SPI0_SaveConfig(void) 
  52:Generated_Source\PSoC5/emFile_1_SPI0_PM.c **** {
  53:Generated_Source\PSoC5/emFile_1_SPI0_PM.c ****     /* Store Status Mask registers */
  54:Generated_Source\PSoC5/emFile_1_SPI0_PM.c ****     #if(CY_UDB_V0)
  55:Generated_Source\PSoC5/emFile_1_SPI0_PM.c ****        emFile_1_SPI0_backup.cntrPeriod      = emFile_1_SPI0_COUNTER_PERIOD_REG;
  56:Generated_Source\PSoC5/emFile_1_SPI0_PM.c ****        emFile_1_SPI0_backup.saveSrTxIntMask = emFile_1_SPI0_TX_STATUS_MASK_REG;
  57:Generated_Source\PSoC5/emFile_1_SPI0_PM.c ****        emFile_1_SPI0_backup.saveSrRxIntMask = emFile_1_SPI0_RX_STATUS_MASK_REG;
  58:Generated_Source\PSoC5/emFile_1_SPI0_PM.c ****     #endif /* (CY_UDB_V0) */
  59:Generated_Source\PSoC5/emFile_1_SPI0_PM.c **** }
  60:Generated_Source\PSoC5/emFile_1_SPI0_PM.c **** 
  61:Generated_Source\PSoC5/emFile_1_SPI0_PM.c **** 
  62:Generated_Source\PSoC5/emFile_1_SPI0_PM.c **** /*******************************************************************************
  63:Generated_Source\PSoC5/emFile_1_SPI0_PM.c **** * Function Name: emFile_1_SPI0_RestoreConfig
  64:Generated_Source\PSoC5/emFile_1_SPI0_PM.c **** ********************************************************************************
  65:Generated_Source\PSoC5/emFile_1_SPI0_PM.c **** *
  66:Generated_Source\PSoC5/emFile_1_SPI0_PM.c **** * Summary:
  67:Generated_Source\PSoC5/emFile_1_SPI0_PM.c **** *  Restores SPIM configuration.
  68:Generated_Source\PSoC5/emFile_1_SPI0_PM.c **** *
  69:Generated_Source\PSoC5/emFile_1_SPI0_PM.c **** * Parameters:
  70:Generated_Source\PSoC5/emFile_1_SPI0_PM.c **** *  None.
  71:Generated_Source\PSoC5/emFile_1_SPI0_PM.c **** *
ARM GAS  C:\Users\Nathan\AppData\Local\Temp\ccxMrHhf.s 			page 3


  72:Generated_Source\PSoC5/emFile_1_SPI0_PM.c **** * Return:
  73:Generated_Source\PSoC5/emFile_1_SPI0_PM.c **** *  None.
  74:Generated_Source\PSoC5/emFile_1_SPI0_PM.c **** *
  75:Generated_Source\PSoC5/emFile_1_SPI0_PM.c **** * Global Variables:
  76:Generated_Source\PSoC5/emFile_1_SPI0_PM.c **** *  emFile_1_SPI0_backup - used when non-retention registers are restored.
  77:Generated_Source\PSoC5/emFile_1_SPI0_PM.c **** *
  78:Generated_Source\PSoC5/emFile_1_SPI0_PM.c **** * Side Effects:
  79:Generated_Source\PSoC5/emFile_1_SPI0_PM.c **** *  If this API is called without first calling SaveConfig then in the following
  80:Generated_Source\PSoC5/emFile_1_SPI0_PM.c **** *  registers will be default values from Customizer:
  81:Generated_Source\PSoC5/emFile_1_SPI0_PM.c **** *  emFile_1_SPI0_STATUS_MASK_REG and emFile_1_SPI0_COUNTER_PERIOD_REG.
  82:Generated_Source\PSoC5/emFile_1_SPI0_PM.c **** *
  83:Generated_Source\PSoC5/emFile_1_SPI0_PM.c **** *******************************************************************************/
  84:Generated_Source\PSoC5/emFile_1_SPI0_PM.c **** void emFile_1_SPI0_RestoreConfig(void) 
  85:Generated_Source\PSoC5/emFile_1_SPI0_PM.c **** {
  44              		.loc 1 85 0
  45              		.cfi_startproc
  46              		@ args = 0, pretend = 0, frame = 0
  47              		@ frame_needed = 0, uses_anonymous_args = 0
  48              		@ link register save eliminated.
  49 0000 7047     		bx	lr
  50              		.cfi_endproc
  51              	.LFE1:
  52              		.size	emFile_1_SPI0_RestoreConfig, .-emFile_1_SPI0_RestoreConfig
  53              		.section	.text.emFile_1_SPI0_Sleep,"ax",%progbits
  54              		.align	1
  55              		.global	emFile_1_SPI0_Sleep
  56              		.thumb
  57              		.thumb_func
  58              		.type	emFile_1_SPI0_Sleep, %function
  59              	emFile_1_SPI0_Sleep:
  60              	.LFB2:
  86:Generated_Source\PSoC5/emFile_1_SPI0_PM.c ****     /* Restore the data, saved by SaveConfig() function */
  87:Generated_Source\PSoC5/emFile_1_SPI0_PM.c ****     #if(CY_UDB_V0)
  88:Generated_Source\PSoC5/emFile_1_SPI0_PM.c ****         emFile_1_SPI0_COUNTER_PERIOD_REG = emFile_1_SPI0_backup.cntrPeriod;
  89:Generated_Source\PSoC5/emFile_1_SPI0_PM.c ****         emFile_1_SPI0_TX_STATUS_MASK_REG = ((uint8) emFile_1_SPI0_backup.saveSrTxIntMask);
  90:Generated_Source\PSoC5/emFile_1_SPI0_PM.c ****         emFile_1_SPI0_RX_STATUS_MASK_REG = ((uint8) emFile_1_SPI0_backup.saveSrRxIntMask);
  91:Generated_Source\PSoC5/emFile_1_SPI0_PM.c ****     #endif /* (CY_UDB_V0) */
  92:Generated_Source\PSoC5/emFile_1_SPI0_PM.c **** }
  93:Generated_Source\PSoC5/emFile_1_SPI0_PM.c **** 
  94:Generated_Source\PSoC5/emFile_1_SPI0_PM.c **** 
  95:Generated_Source\PSoC5/emFile_1_SPI0_PM.c **** /*******************************************************************************
  96:Generated_Source\PSoC5/emFile_1_SPI0_PM.c **** * Function Name: emFile_1_SPI0_Sleep
  97:Generated_Source\PSoC5/emFile_1_SPI0_PM.c **** ********************************************************************************
  98:Generated_Source\PSoC5/emFile_1_SPI0_PM.c **** *
  99:Generated_Source\PSoC5/emFile_1_SPI0_PM.c **** * Summary:
 100:Generated_Source\PSoC5/emFile_1_SPI0_PM.c **** *  Prepare SPIM Component goes to sleep.
 101:Generated_Source\PSoC5/emFile_1_SPI0_PM.c **** *
 102:Generated_Source\PSoC5/emFile_1_SPI0_PM.c **** * Parameters:
 103:Generated_Source\PSoC5/emFile_1_SPI0_PM.c **** *  None.
 104:Generated_Source\PSoC5/emFile_1_SPI0_PM.c **** *
 105:Generated_Source\PSoC5/emFile_1_SPI0_PM.c **** * Return:
 106:Generated_Source\PSoC5/emFile_1_SPI0_PM.c **** *  None.
 107:Generated_Source\PSoC5/emFile_1_SPI0_PM.c **** *
 108:Generated_Source\PSoC5/emFile_1_SPI0_PM.c **** * Global Variables:
 109:Generated_Source\PSoC5/emFile_1_SPI0_PM.c **** *  emFile_1_SPI0_backup - modified when non-retention registers are saved.
 110:Generated_Source\PSoC5/emFile_1_SPI0_PM.c **** *
 111:Generated_Source\PSoC5/emFile_1_SPI0_PM.c **** * Reentrant:
ARM GAS  C:\Users\Nathan\AppData\Local\Temp\ccxMrHhf.s 			page 4


 112:Generated_Source\PSoC5/emFile_1_SPI0_PM.c **** *  No.
 113:Generated_Source\PSoC5/emFile_1_SPI0_PM.c **** *
 114:Generated_Source\PSoC5/emFile_1_SPI0_PM.c **** *******************************************************************************/
 115:Generated_Source\PSoC5/emFile_1_SPI0_PM.c **** void emFile_1_SPI0_Sleep(void) 
 116:Generated_Source\PSoC5/emFile_1_SPI0_PM.c **** {
  61              		.loc 1 116 0
  62              		.cfi_startproc
  63              		@ args = 0, pretend = 0, frame = 0
  64              		@ frame_needed = 0, uses_anonymous_args = 0
  65              		@ link register save eliminated.
 117:Generated_Source\PSoC5/emFile_1_SPI0_PM.c ****     /* Save components enable state */
 118:Generated_Source\PSoC5/emFile_1_SPI0_PM.c ****     emFile_1_SPI0_backup.enableState = ((uint8) emFile_1_SPI0_IS_ENABLED);
  66              		.loc 1 118 0
  67 0000 034B     		ldr	r3, .L4
  68 0002 044A     		ldr	r2, .L4+4
  69 0004 1B78     		ldrb	r3, [r3]	@ zero_extendqisi2
  70 0006 C3F30013 		ubfx	r3, r3, #4, #1
  71 000a 1370     		strb	r3, [r2]
 119:Generated_Source\PSoC5/emFile_1_SPI0_PM.c **** 
 120:Generated_Source\PSoC5/emFile_1_SPI0_PM.c ****     emFile_1_SPI0_Stop();
  72              		.loc 1 120 0
  73 000c FFF7FEBF 		b	emFile_1_SPI0_Stop
  74              	.LVL0:
  75              	.L5:
  76              		.align	2
  77              	.L4:
  78 0010 97640040 		.word	1073767575
  79 0014 00000000 		.word	.LANCHOR0
  80              		.cfi_endproc
  81              	.LFE2:
  82              		.size	emFile_1_SPI0_Sleep, .-emFile_1_SPI0_Sleep
  83              		.section	.text.emFile_1_SPI0_Wakeup,"ax",%progbits
  84              		.align	1
  85              		.global	emFile_1_SPI0_Wakeup
  86              		.thumb
  87              		.thumb_func
  88              		.type	emFile_1_SPI0_Wakeup, %function
  89              	emFile_1_SPI0_Wakeup:
  90              	.LFB3:
 121:Generated_Source\PSoC5/emFile_1_SPI0_PM.c ****     emFile_1_SPI0_SaveConfig();
 122:Generated_Source\PSoC5/emFile_1_SPI0_PM.c **** }
 123:Generated_Source\PSoC5/emFile_1_SPI0_PM.c **** 
 124:Generated_Source\PSoC5/emFile_1_SPI0_PM.c **** 
 125:Generated_Source\PSoC5/emFile_1_SPI0_PM.c **** /*******************************************************************************
 126:Generated_Source\PSoC5/emFile_1_SPI0_PM.c **** * Function Name: emFile_1_SPI0_Wakeup
 127:Generated_Source\PSoC5/emFile_1_SPI0_PM.c **** ********************************************************************************
 128:Generated_Source\PSoC5/emFile_1_SPI0_PM.c **** *
 129:Generated_Source\PSoC5/emFile_1_SPI0_PM.c **** * Summary:
 130:Generated_Source\PSoC5/emFile_1_SPI0_PM.c **** *  Prepare SPIM Component to wake up.
 131:Generated_Source\PSoC5/emFile_1_SPI0_PM.c **** *
 132:Generated_Source\PSoC5/emFile_1_SPI0_PM.c **** * Parameters:
 133:Generated_Source\PSoC5/emFile_1_SPI0_PM.c **** *  None.
 134:Generated_Source\PSoC5/emFile_1_SPI0_PM.c **** *
 135:Generated_Source\PSoC5/emFile_1_SPI0_PM.c **** * Return:
 136:Generated_Source\PSoC5/emFile_1_SPI0_PM.c **** *  None.
 137:Generated_Source\PSoC5/emFile_1_SPI0_PM.c **** *
 138:Generated_Source\PSoC5/emFile_1_SPI0_PM.c **** * Global Variables:
ARM GAS  C:\Users\Nathan\AppData\Local\Temp\ccxMrHhf.s 			page 5


 139:Generated_Source\PSoC5/emFile_1_SPI0_PM.c **** *  emFile_1_SPI0_backup - used when non-retention registers are restored.
 140:Generated_Source\PSoC5/emFile_1_SPI0_PM.c **** *  emFile_1_SPI0_txBufferWrite - modified every function call - resets to
 141:Generated_Source\PSoC5/emFile_1_SPI0_PM.c **** *  zero.
 142:Generated_Source\PSoC5/emFile_1_SPI0_PM.c **** *  emFile_1_SPI0_txBufferRead - modified every function call - resets to
 143:Generated_Source\PSoC5/emFile_1_SPI0_PM.c **** *  zero.
 144:Generated_Source\PSoC5/emFile_1_SPI0_PM.c **** *  emFile_1_SPI0_rxBufferWrite - modified every function call - resets to
 145:Generated_Source\PSoC5/emFile_1_SPI0_PM.c **** *  zero.
 146:Generated_Source\PSoC5/emFile_1_SPI0_PM.c **** *  emFile_1_SPI0_rxBufferRead - modified every function call - resets to
 147:Generated_Source\PSoC5/emFile_1_SPI0_PM.c **** *  zero.
 148:Generated_Source\PSoC5/emFile_1_SPI0_PM.c **** *
 149:Generated_Source\PSoC5/emFile_1_SPI0_PM.c **** * Reentrant:
 150:Generated_Source\PSoC5/emFile_1_SPI0_PM.c **** *  No.
 151:Generated_Source\PSoC5/emFile_1_SPI0_PM.c **** *
 152:Generated_Source\PSoC5/emFile_1_SPI0_PM.c **** *******************************************************************************/
 153:Generated_Source\PSoC5/emFile_1_SPI0_PM.c **** void emFile_1_SPI0_Wakeup(void) 
 154:Generated_Source\PSoC5/emFile_1_SPI0_PM.c **** {
  91              		.loc 1 154 0
  92              		.cfi_startproc
  93              		@ args = 0, pretend = 0, frame = 0
  94              		@ frame_needed = 0, uses_anonymous_args = 0
  95 0000 08B5     		push	{r3, lr}
  96              		.cfi_def_cfa_offset 8
  97              		.cfi_offset 3, -8
  98              		.cfi_offset 14, -4
 155:Generated_Source\PSoC5/emFile_1_SPI0_PM.c ****     emFile_1_SPI0_RestoreConfig();
 156:Generated_Source\PSoC5/emFile_1_SPI0_PM.c **** 
 157:Generated_Source\PSoC5/emFile_1_SPI0_PM.c ****     #if(emFile_1_SPI0_RX_SOFTWARE_BUF_ENABLED)
 158:Generated_Source\PSoC5/emFile_1_SPI0_PM.c ****         emFile_1_SPI0_rxBufferFull  = 0u;
 159:Generated_Source\PSoC5/emFile_1_SPI0_PM.c ****         emFile_1_SPI0_rxBufferRead  = 0u;
 160:Generated_Source\PSoC5/emFile_1_SPI0_PM.c ****         emFile_1_SPI0_rxBufferWrite = 0u;
 161:Generated_Source\PSoC5/emFile_1_SPI0_PM.c ****     #endif /* (emFile_1_SPI0_RX_SOFTWARE_BUF_ENABLED) */
 162:Generated_Source\PSoC5/emFile_1_SPI0_PM.c **** 
 163:Generated_Source\PSoC5/emFile_1_SPI0_PM.c ****     #if(emFile_1_SPI0_TX_SOFTWARE_BUF_ENABLED)
 164:Generated_Source\PSoC5/emFile_1_SPI0_PM.c ****         emFile_1_SPI0_txBufferFull  = 0u;
 165:Generated_Source\PSoC5/emFile_1_SPI0_PM.c ****         emFile_1_SPI0_txBufferRead  = 0u;
 166:Generated_Source\PSoC5/emFile_1_SPI0_PM.c ****         emFile_1_SPI0_txBufferWrite = 0u;
 167:Generated_Source\PSoC5/emFile_1_SPI0_PM.c ****     #endif /* (emFile_1_SPI0_TX_SOFTWARE_BUF_ENABLED) */
 168:Generated_Source\PSoC5/emFile_1_SPI0_PM.c **** 
 169:Generated_Source\PSoC5/emFile_1_SPI0_PM.c ****     /* Clear any data from the RX and TX FIFO */
 170:Generated_Source\PSoC5/emFile_1_SPI0_PM.c ****     emFile_1_SPI0_ClearFIFO();
  99              		.loc 1 170 0
 100 0002 FFF7FEFF 		bl	emFile_1_SPI0_ClearFIFO
 101              	.LVL1:
 171:Generated_Source\PSoC5/emFile_1_SPI0_PM.c **** 
 172:Generated_Source\PSoC5/emFile_1_SPI0_PM.c ****     /* Restore components block enable state */
 173:Generated_Source\PSoC5/emFile_1_SPI0_PM.c ****     if(0u != emFile_1_SPI0_backup.enableState)
 102              		.loc 1 173 0
 103 0006 044B     		ldr	r3, .L9
 104 0008 1B78     		ldrb	r3, [r3]	@ zero_extendqisi2
 105 000a 1BB1     		cbz	r3, .L6
 174:Generated_Source\PSoC5/emFile_1_SPI0_PM.c ****     {
 175:Generated_Source\PSoC5/emFile_1_SPI0_PM.c ****         emFile_1_SPI0_Enable();
 176:Generated_Source\PSoC5/emFile_1_SPI0_PM.c ****     }
 177:Generated_Source\PSoC5/emFile_1_SPI0_PM.c **** }
 106              		.loc 1 177 0
 107 000c BDE80840 		pop	{r3, lr}
 108              		.cfi_remember_state
ARM GAS  C:\Users\Nathan\AppData\Local\Temp\ccxMrHhf.s 			page 6


 109              		.cfi_restore 14
 110              		.cfi_restore 3
 111              		.cfi_def_cfa_offset 0
 175:Generated_Source\PSoC5/emFile_1_SPI0_PM.c ****     }
 112              		.loc 1 175 0
 113 0010 FFF7FEBF 		b	emFile_1_SPI0_Enable
 114              	.LVL2:
 115              	.L6:
 116              		.cfi_restore_state
 117 0014 08BD     		pop	{r3, pc}
 118              	.L10:
 119 0016 00BF     		.align	2
 120              	.L9:
 121 0018 00000000 		.word	.LANCHOR0
 122              		.cfi_endproc
 123              	.LFE3:
 124              		.size	emFile_1_SPI0_Wakeup, .-emFile_1_SPI0_Wakeup
 125              		.data
 126              		.set	.LANCHOR0,. + 0
 127              		.type	emFile_1_SPI0_backup, %object
 128              		.size	emFile_1_SPI0_backup, 2
 129              	emFile_1_SPI0_backup:
 130 0000 00       		.byte	0
 131 0001 0F       		.byte	15
 132              		.text
 133              	.Letext0:
 134              		.file 2 "Generated_Source\\PSoC5\\cytypes.h"
 135              		.file 3 "Generated_Source\\PSoC5\\emFile_1_SPI0.h"
 136              		.section	.debug_info,"",%progbits
 137              	.Ldebug_info0:
 138 0000 6C010000 		.4byte	0x16c
 139 0004 0400     		.2byte	0x4
 140 0006 00000000 		.4byte	.Ldebug_abbrev0
 141 000a 04       		.byte	0x4
 142 000b 01       		.uleb128 0x1
 143 000c E7000000 		.4byte	.LASF26
 144 0010 0C       		.byte	0xc
 145 0011 82000000 		.4byte	.LASF27
 146 0015 EC010000 		.4byte	.LASF28
 147 0019 00000000 		.4byte	.Ldebug_ranges0+0
 148 001d 00000000 		.4byte	0
 149 0021 00000000 		.4byte	.Ldebug_line0
 150 0025 02       		.uleb128 0x2
 151 0026 01       		.byte	0x1
 152 0027 06       		.byte	0x6
 153 0028 7B020000 		.4byte	.LASF0
 154 002c 02       		.uleb128 0x2
 155 002d 01       		.byte	0x1
 156 002e 08       		.byte	0x8
 157 002f D4000000 		.4byte	.LASF1
 158 0033 02       		.uleb128 0x2
 159 0034 02       		.byte	0x2
 160 0035 05       		.byte	0x5
 161 0036 50020000 		.4byte	.LASF2
 162 003a 02       		.uleb128 0x2
 163 003b 02       		.byte	0x2
 164 003c 07       		.byte	0x7
ARM GAS  C:\Users\Nathan\AppData\Local\Temp\ccxMrHhf.s 			page 7


 165 003d 3B000000 		.4byte	.LASF3
 166 0041 02       		.uleb128 0x2
 167 0042 04       		.byte	0x4
 168 0043 05       		.byte	0x5
 169 0044 5A020000 		.4byte	.LASF4
 170 0048 02       		.uleb128 0x2
 171 0049 04       		.byte	0x4
 172 004a 07       		.byte	0x7
 173 004b B6010000 		.4byte	.LASF5
 174 004f 02       		.uleb128 0x2
 175 0050 08       		.byte	0x8
 176 0051 05       		.byte	0x5
 177 0052 3D020000 		.4byte	.LASF6
 178 0056 02       		.uleb128 0x2
 179 0057 08       		.byte	0x8
 180 0058 07       		.byte	0x7
 181 0059 D5010000 		.4byte	.LASF7
 182 005d 03       		.uleb128 0x3
 183 005e 04       		.byte	0x4
 184 005f 05       		.byte	0x5
 185 0060 696E7400 		.ascii	"int\000"
 186 0064 02       		.uleb128 0x2
 187 0065 04       		.byte	0x4
 188 0066 07       		.byte	0x7
 189 0067 C8010000 		.4byte	.LASF8
 190 006b 04       		.uleb128 0x4
 191 006c 75010000 		.4byte	.LASF12
 192 0070 02       		.byte	0x2
 193 0071 9201     		.2byte	0x192
 194 0073 2C000000 		.4byte	0x2c
 195 0077 02       		.uleb128 0x2
 196 0078 04       		.byte	0x4
 197 0079 04       		.byte	0x4
 198 007a 35000000 		.4byte	.LASF9
 199 007e 02       		.uleb128 0x2
 200 007f 08       		.byte	0x8
 201 0080 04       		.byte	0x4
 202 0081 90010000 		.4byte	.LASF10
 203 0085 02       		.uleb128 0x2
 204 0086 01       		.byte	0x1
 205 0087 08       		.byte	0x8
 206 0088 4B020000 		.4byte	.LASF11
 207 008c 04       		.uleb128 0x4
 208 008d E2000000 		.4byte	.LASF13
 209 0091 02       		.byte	0x2
 210 0092 3C02     		.2byte	0x23c
 211 0094 98000000 		.4byte	0x98
 212 0098 05       		.uleb128 0x5
 213 0099 6B000000 		.4byte	0x6b
 214 009d 02       		.uleb128 0x2
 215 009e 08       		.byte	0x8
 216 009f 04       		.byte	0x4
 217 00a0 6F020000 		.4byte	.LASF14
 218 00a4 02       		.uleb128 0x2
 219 00a5 04       		.byte	0x4
 220 00a6 07       		.byte	0x7
 221 00a7 34020000 		.4byte	.LASF15
ARM GAS  C:\Users\Nathan\AppData\Local\Temp\ccxMrHhf.s 			page 8


 222 00ab 06       		.uleb128 0x6
 223 00ac 02       		.byte	0x2
 224 00ad 03       		.byte	0x3
 225 00ae 46       		.byte	0x46
 226 00af CC000000 		.4byte	0xcc
 227 00b3 07       		.uleb128 0x7
 228 00b4 63020000 		.4byte	.LASF16
 229 00b8 03       		.byte	0x3
 230 00b9 48       		.byte	0x48
 231 00ba 6B000000 		.4byte	0x6b
 232 00be 00       		.byte	0
 233 00bf 07       		.uleb128 0x7
 234 00c0 97010000 		.4byte	.LASF17
 235 00c4 03       		.byte	0x3
 236 00c5 49       		.byte	0x49
 237 00c6 6B000000 		.4byte	0x6b
 238 00ca 01       		.byte	0x1
 239 00cb 00       		.byte	0
 240 00cc 08       		.uleb128 0x8
 241 00cd 00000000 		.4byte	.LASF18
 242 00d1 03       		.byte	0x3
 243 00d2 4F       		.byte	0x4f
 244 00d3 AB000000 		.4byte	0xab
 245 00d7 09       		.uleb128 0x9
 246 00d8 1C000000 		.4byte	.LASF19
 247 00dc 01       		.byte	0x1
 248 00dd 33       		.byte	0x33
 249 00de 01       		.byte	0x1
 250 00df 09       		.uleb128 0x9
 251 00e0 66000000 		.4byte	.LASF20
 252 00e4 01       		.byte	0x1
 253 00e5 54       		.byte	0x54
 254 00e6 01       		.byte	0x1
 255 00e7 0A       		.uleb128 0xa
 256 00e8 DF000000 		.4byte	0xdf
 257 00ec 00000000 		.4byte	.LFB1
 258 00f0 02000000 		.4byte	.LFE1-.LFB1
 259 00f4 01       		.uleb128 0x1
 260 00f5 9C       		.byte	0x9c
 261 00f6 0B       		.uleb128 0xb
 262 00f7 A2010000 		.4byte	.LASF21
 263 00fb 01       		.byte	0x1
 264 00fc 73       		.byte	0x73
 265 00fd 00000000 		.4byte	.LFB2
 266 0101 18000000 		.4byte	.LFE2-.LFB2
 267 0105 01       		.uleb128 0x1
 268 0106 9C       		.byte	0x9c
 269 0107 15010000 		.4byte	0x115
 270 010b 0C       		.uleb128 0xc
 271 010c 10000000 		.4byte	.LVL0
 272 0110 4E010000 		.4byte	0x14e
 273 0114 00       		.byte	0
 274 0115 0B       		.uleb128 0xb
 275 0116 7B010000 		.4byte	.LASF22
 276 011a 01       		.byte	0x1
 277 011b 99       		.byte	0x99
 278 011c 00000000 		.4byte	.LFB3
ARM GAS  C:\Users\Nathan\AppData\Local\Temp\ccxMrHhf.s 			page 9


 279 0120 1C000000 		.4byte	.LFE3-.LFB3
 280 0124 01       		.uleb128 0x1
 281 0125 9C       		.byte	0x9c
 282 0126 3D010000 		.4byte	0x13d
 283 012a 0D       		.uleb128 0xd
 284 012b 06000000 		.4byte	.LVL1
 285 012f 59010000 		.4byte	0x159
 286 0133 0C       		.uleb128 0xc
 287 0134 14000000 		.4byte	.LVL2
 288 0138 64010000 		.4byte	0x164
 289 013c 00       		.byte	0
 290 013d 0E       		.uleb128 0xe
 291 013e BF000000 		.4byte	.LASF29
 292 0142 01       		.byte	0x1
 293 0143 14       		.byte	0x14
 294 0144 CC000000 		.4byte	0xcc
 295 0148 05       		.uleb128 0x5
 296 0149 03       		.byte	0x3
 297 014a 00000000 		.4byte	emFile_1_SPI0_backup
 298 014e 0F       		.uleb128 0xf
 299 014f AC000000 		.4byte	.LASF23
 300 0153 AC000000 		.4byte	.LASF23
 301 0157 03       		.byte	0x3
 302 0158 59       		.byte	0x59
 303 0159 0F       		.uleb128 0xf
 304 015a 4E000000 		.4byte	.LASF24
 305 015e 4E000000 		.4byte	.LASF24
 306 0162 03       		.byte	0x3
 307 0163 71       		.byte	0x71
 308 0164 0F       		.uleb128 0xf
 309 0165 87020000 		.4byte	.LASF25
 310 0169 87020000 		.4byte	.LASF25
 311 016d 03       		.byte	0x3
 312 016e 57       		.byte	0x57
 313 016f 00       		.byte	0
 314              		.section	.debug_abbrev,"",%progbits
 315              	.Ldebug_abbrev0:
 316 0000 01       		.uleb128 0x1
 317 0001 11       		.uleb128 0x11
 318 0002 01       		.byte	0x1
 319 0003 25       		.uleb128 0x25
 320 0004 0E       		.uleb128 0xe
 321 0005 13       		.uleb128 0x13
 322 0006 0B       		.uleb128 0xb
 323 0007 03       		.uleb128 0x3
 324 0008 0E       		.uleb128 0xe
 325 0009 1B       		.uleb128 0x1b
 326 000a 0E       		.uleb128 0xe
 327 000b 55       		.uleb128 0x55
 328 000c 17       		.uleb128 0x17
 329 000d 11       		.uleb128 0x11
 330 000e 01       		.uleb128 0x1
 331 000f 10       		.uleb128 0x10
 332 0010 17       		.uleb128 0x17
 333 0011 00       		.byte	0
 334 0012 00       		.byte	0
 335 0013 02       		.uleb128 0x2
ARM GAS  C:\Users\Nathan\AppData\Local\Temp\ccxMrHhf.s 			page 10


 336 0014 24       		.uleb128 0x24
 337 0015 00       		.byte	0
 338 0016 0B       		.uleb128 0xb
 339 0017 0B       		.uleb128 0xb
 340 0018 3E       		.uleb128 0x3e
 341 0019 0B       		.uleb128 0xb
 342 001a 03       		.uleb128 0x3
 343 001b 0E       		.uleb128 0xe
 344 001c 00       		.byte	0
 345 001d 00       		.byte	0
 346 001e 03       		.uleb128 0x3
 347 001f 24       		.uleb128 0x24
 348 0020 00       		.byte	0
 349 0021 0B       		.uleb128 0xb
 350 0022 0B       		.uleb128 0xb
 351 0023 3E       		.uleb128 0x3e
 352 0024 0B       		.uleb128 0xb
 353 0025 03       		.uleb128 0x3
 354 0026 08       		.uleb128 0x8
 355 0027 00       		.byte	0
 356 0028 00       		.byte	0
 357 0029 04       		.uleb128 0x4
 358 002a 16       		.uleb128 0x16
 359 002b 00       		.byte	0
 360 002c 03       		.uleb128 0x3
 361 002d 0E       		.uleb128 0xe
 362 002e 3A       		.uleb128 0x3a
 363 002f 0B       		.uleb128 0xb
 364 0030 3B       		.uleb128 0x3b
 365 0031 05       		.uleb128 0x5
 366 0032 49       		.uleb128 0x49
 367 0033 13       		.uleb128 0x13
 368 0034 00       		.byte	0
 369 0035 00       		.byte	0
 370 0036 05       		.uleb128 0x5
 371 0037 35       		.uleb128 0x35
 372 0038 00       		.byte	0
 373 0039 49       		.uleb128 0x49
 374 003a 13       		.uleb128 0x13
 375 003b 00       		.byte	0
 376 003c 00       		.byte	0
 377 003d 06       		.uleb128 0x6
 378 003e 13       		.uleb128 0x13
 379 003f 01       		.byte	0x1
 380 0040 0B       		.uleb128 0xb
 381 0041 0B       		.uleb128 0xb
 382 0042 3A       		.uleb128 0x3a
 383 0043 0B       		.uleb128 0xb
 384 0044 3B       		.uleb128 0x3b
 385 0045 0B       		.uleb128 0xb
 386 0046 01       		.uleb128 0x1
 387 0047 13       		.uleb128 0x13
 388 0048 00       		.byte	0
 389 0049 00       		.byte	0
 390 004a 07       		.uleb128 0x7
 391 004b 0D       		.uleb128 0xd
 392 004c 00       		.byte	0
ARM GAS  C:\Users\Nathan\AppData\Local\Temp\ccxMrHhf.s 			page 11


 393 004d 03       		.uleb128 0x3
 394 004e 0E       		.uleb128 0xe
 395 004f 3A       		.uleb128 0x3a
 396 0050 0B       		.uleb128 0xb
 397 0051 3B       		.uleb128 0x3b
 398 0052 0B       		.uleb128 0xb
 399 0053 49       		.uleb128 0x49
 400 0054 13       		.uleb128 0x13
 401 0055 38       		.uleb128 0x38
 402 0056 0B       		.uleb128 0xb
 403 0057 00       		.byte	0
 404 0058 00       		.byte	0
 405 0059 08       		.uleb128 0x8
 406 005a 16       		.uleb128 0x16
 407 005b 00       		.byte	0
 408 005c 03       		.uleb128 0x3
 409 005d 0E       		.uleb128 0xe
 410 005e 3A       		.uleb128 0x3a
 411 005f 0B       		.uleb128 0xb
 412 0060 3B       		.uleb128 0x3b
 413 0061 0B       		.uleb128 0xb
 414 0062 49       		.uleb128 0x49
 415 0063 13       		.uleb128 0x13
 416 0064 00       		.byte	0
 417 0065 00       		.byte	0
 418 0066 09       		.uleb128 0x9
 419 0067 2E       		.uleb128 0x2e
 420 0068 00       		.byte	0
 421 0069 3F       		.uleb128 0x3f
 422 006a 19       		.uleb128 0x19
 423 006b 03       		.uleb128 0x3
 424 006c 0E       		.uleb128 0xe
 425 006d 3A       		.uleb128 0x3a
 426 006e 0B       		.uleb128 0xb
 427 006f 3B       		.uleb128 0x3b
 428 0070 0B       		.uleb128 0xb
 429 0071 27       		.uleb128 0x27
 430 0072 19       		.uleb128 0x19
 431 0073 20       		.uleb128 0x20
 432 0074 0B       		.uleb128 0xb
 433 0075 00       		.byte	0
 434 0076 00       		.byte	0
 435 0077 0A       		.uleb128 0xa
 436 0078 2E       		.uleb128 0x2e
 437 0079 00       		.byte	0
 438 007a 31       		.uleb128 0x31
 439 007b 13       		.uleb128 0x13
 440 007c 11       		.uleb128 0x11
 441 007d 01       		.uleb128 0x1
 442 007e 12       		.uleb128 0x12
 443 007f 06       		.uleb128 0x6
 444 0080 40       		.uleb128 0x40
 445 0081 18       		.uleb128 0x18
 446 0082 9742     		.uleb128 0x2117
 447 0084 19       		.uleb128 0x19
 448 0085 00       		.byte	0
 449 0086 00       		.byte	0
ARM GAS  C:\Users\Nathan\AppData\Local\Temp\ccxMrHhf.s 			page 12


 450 0087 0B       		.uleb128 0xb
 451 0088 2E       		.uleb128 0x2e
 452 0089 01       		.byte	0x1
 453 008a 3F       		.uleb128 0x3f
 454 008b 19       		.uleb128 0x19
 455 008c 03       		.uleb128 0x3
 456 008d 0E       		.uleb128 0xe
 457 008e 3A       		.uleb128 0x3a
 458 008f 0B       		.uleb128 0xb
 459 0090 3B       		.uleb128 0x3b
 460 0091 0B       		.uleb128 0xb
 461 0092 27       		.uleb128 0x27
 462 0093 19       		.uleb128 0x19
 463 0094 11       		.uleb128 0x11
 464 0095 01       		.uleb128 0x1
 465 0096 12       		.uleb128 0x12
 466 0097 06       		.uleb128 0x6
 467 0098 40       		.uleb128 0x40
 468 0099 18       		.uleb128 0x18
 469 009a 9742     		.uleb128 0x2117
 470 009c 19       		.uleb128 0x19
 471 009d 01       		.uleb128 0x1
 472 009e 13       		.uleb128 0x13
 473 009f 00       		.byte	0
 474 00a0 00       		.byte	0
 475 00a1 0C       		.uleb128 0xc
 476 00a2 898201   		.uleb128 0x4109
 477 00a5 00       		.byte	0
 478 00a6 11       		.uleb128 0x11
 479 00a7 01       		.uleb128 0x1
 480 00a8 9542     		.uleb128 0x2115
 481 00aa 19       		.uleb128 0x19
 482 00ab 31       		.uleb128 0x31
 483 00ac 13       		.uleb128 0x13
 484 00ad 00       		.byte	0
 485 00ae 00       		.byte	0
 486 00af 0D       		.uleb128 0xd
 487 00b0 898201   		.uleb128 0x4109
 488 00b3 00       		.byte	0
 489 00b4 11       		.uleb128 0x11
 490 00b5 01       		.uleb128 0x1
 491 00b6 31       		.uleb128 0x31
 492 00b7 13       		.uleb128 0x13
 493 00b8 00       		.byte	0
 494 00b9 00       		.byte	0
 495 00ba 0E       		.uleb128 0xe
 496 00bb 34       		.uleb128 0x34
 497 00bc 00       		.byte	0
 498 00bd 03       		.uleb128 0x3
 499 00be 0E       		.uleb128 0xe
 500 00bf 3A       		.uleb128 0x3a
 501 00c0 0B       		.uleb128 0xb
 502 00c1 3B       		.uleb128 0x3b
 503 00c2 0B       		.uleb128 0xb
 504 00c3 49       		.uleb128 0x49
 505 00c4 13       		.uleb128 0x13
 506 00c5 02       		.uleb128 0x2
ARM GAS  C:\Users\Nathan\AppData\Local\Temp\ccxMrHhf.s 			page 13


 507 00c6 18       		.uleb128 0x18
 508 00c7 00       		.byte	0
 509 00c8 00       		.byte	0
 510 00c9 0F       		.uleb128 0xf
 511 00ca 2E       		.uleb128 0x2e
 512 00cb 00       		.byte	0
 513 00cc 3F       		.uleb128 0x3f
 514 00cd 19       		.uleb128 0x19
 515 00ce 3C       		.uleb128 0x3c
 516 00cf 19       		.uleb128 0x19
 517 00d0 6E       		.uleb128 0x6e
 518 00d1 0E       		.uleb128 0xe
 519 00d2 03       		.uleb128 0x3
 520 00d3 0E       		.uleb128 0xe
 521 00d4 3A       		.uleb128 0x3a
 522 00d5 0B       		.uleb128 0xb
 523 00d6 3B       		.uleb128 0x3b
 524 00d7 0B       		.uleb128 0xb
 525 00d8 00       		.byte	0
 526 00d9 00       		.byte	0
 527 00da 00       		.byte	0
 528              		.section	.debug_aranges,"",%progbits
 529 0000 2C000000 		.4byte	0x2c
 530 0004 0200     		.2byte	0x2
 531 0006 00000000 		.4byte	.Ldebug_info0
 532 000a 04       		.byte	0x4
 533 000b 00       		.byte	0
 534 000c 0000     		.2byte	0
 535 000e 0000     		.2byte	0
 536 0010 00000000 		.4byte	.LFB1
 537 0014 02000000 		.4byte	.LFE1-.LFB1
 538 0018 00000000 		.4byte	.LFB2
 539 001c 18000000 		.4byte	.LFE2-.LFB2
 540 0020 00000000 		.4byte	.LFB3
 541 0024 1C000000 		.4byte	.LFE3-.LFB3
 542 0028 00000000 		.4byte	0
 543 002c 00000000 		.4byte	0
 544              		.section	.debug_ranges,"",%progbits
 545              	.Ldebug_ranges0:
 546 0000 00000000 		.4byte	.LFB1
 547 0004 02000000 		.4byte	.LFE1
 548 0008 00000000 		.4byte	.LFB2
 549 000c 18000000 		.4byte	.LFE2
 550 0010 00000000 		.4byte	.LFB3
 551 0014 1C000000 		.4byte	.LFE3
 552 0018 00000000 		.4byte	0
 553 001c 00000000 		.4byte	0
 554              		.section	.debug_line,"",%progbits
 555              	.Ldebug_line0:
 556 0000 9E000000 		.section	.debug_str,"MS",%progbits,1
 556      02006000 
 556      00000201 
 556      FB0E0D00 
 556      01010101 
 557              	.LASF18:
 558 0000 656D4669 		.ascii	"emFile_1_SPI0_BACKUP_STRUCT\000"
 558      6C655F31 
ARM GAS  C:\Users\Nathan\AppData\Local\Temp\ccxMrHhf.s 			page 14


 558      5F535049 
 558      305F4241 
 558      434B5550 
 559              	.LASF19:
 560 001c 656D4669 		.ascii	"emFile_1_SPI0_SaveConfig\000"
 560      6C655F31 
 560      5F535049 
 560      305F5361 
 560      7665436F 
 561              	.LASF9:
 562 0035 666C6F61 		.ascii	"float\000"
 562      7400
 563              	.LASF3:
 564 003b 73686F72 		.ascii	"short unsigned int\000"
 564      7420756E 
 564      7369676E 
 564      65642069 
 564      6E7400
 565              	.LASF24:
 566 004e 656D4669 		.ascii	"emFile_1_SPI0_ClearFIFO\000"
 566      6C655F31 
 566      5F535049 
 566      305F436C 
 566      65617246 
 567              	.LASF20:
 568 0066 656D4669 		.ascii	"emFile_1_SPI0_RestoreConfig\000"
 568      6C655F31 
 568      5F535049 
 568      305F5265 
 568      73746F72 
 569              	.LASF27:
 570 0082 47656E65 		.ascii	"Generated_Source\\PSoC5\\emFile_1_SPI0_PM.c\000"
 570      72617465 
 570      645F536F 
 570      75726365 
 570      5C50536F 
 571              	.LASF23:
 572 00ac 656D4669 		.ascii	"emFile_1_SPI0_Stop\000"
 572      6C655F31 
 572      5F535049 
 572      305F5374 
 572      6F7000
 573              	.LASF29:
 574 00bf 656D4669 		.ascii	"emFile_1_SPI0_backup\000"
 574      6C655F31 
 574      5F535049 
 574      305F6261 
 574      636B7570 
 575              	.LASF1:
 576 00d4 756E7369 		.ascii	"unsigned char\000"
 576      676E6564 
 576      20636861 
 576      7200
 577              	.LASF13:
 578 00e2 72656738 		.ascii	"reg8\000"
 578      00
 579              	.LASF26:
ARM GAS  C:\Users\Nathan\AppData\Local\Temp\ccxMrHhf.s 			page 15


 580 00e7 474E5520 		.ascii	"GNU C11 5.4.1 20160609 (release) [ARM/embedded-5-br"
 580      43313120 
 580      352E342E 
 580      31203230 
 580      31363036 
 581 011a 616E6368 		.ascii	"anch revision 237715] -mcpu=cortex-m3 -mthumb -g -O"
 581      20726576 
 581      6973696F 
 581      6E203233 
 581      37373135 
 582 014d 73202D66 		.ascii	"s -ffunction-sections -ffat-lto-objects\000"
 582      66756E63 
 582      74696F6E 
 582      2D736563 
 582      74696F6E 
 583              	.LASF12:
 584 0175 75696E74 		.ascii	"uint8\000"
 584      3800
 585              	.LASF22:
 586 017b 656D4669 		.ascii	"emFile_1_SPI0_Wakeup\000"
 586      6C655F31 
 586      5F535049 
 586      305F5761 
 586      6B657570 
 587              	.LASF10:
 588 0190 646F7562 		.ascii	"double\000"
 588      6C6500
 589              	.LASF17:
 590 0197 636E7472 		.ascii	"cntrPeriod\000"
 590      50657269 
 590      6F6400
 591              	.LASF21:
 592 01a2 656D4669 		.ascii	"emFile_1_SPI0_Sleep\000"
 592      6C655F31 
 592      5F535049 
 592      305F536C 
 592      65657000 
 593              	.LASF5:
 594 01b6 6C6F6E67 		.ascii	"long unsigned int\000"
 594      20756E73 
 594      69676E65 
 594      6420696E 
 594      7400
 595              	.LASF8:
 596 01c8 756E7369 		.ascii	"unsigned int\000"
 596      676E6564 
 596      20696E74 
 596      00
 597              	.LASF7:
 598 01d5 6C6F6E67 		.ascii	"long long unsigned int\000"
 598      206C6F6E 
 598      6720756E 
 598      7369676E 
 598      65642069 
 599              	.LASF28:
 600 01ec 433A5C55 		.ascii	"C:\\Users\\Nathan\\Documents\\MyBuilds\\Flight Cont"
 600      73657273 
ARM GAS  C:\Users\Nathan\AppData\Local\Temp\ccxMrHhf.s 			page 16


 600      5C4E6174 
 600      68616E5C 
 600      446F6375 
 601 021a 726F6C6C 		.ascii	"roller\\ServoControl.cydsn\000"
 601      65725C53 
 601      6572766F 
 601      436F6E74 
 601      726F6C2E 
 602              	.LASF15:
 603 0234 73697A65 		.ascii	"sizetype\000"
 603      74797065 
 603      00
 604              	.LASF6:
 605 023d 6C6F6E67 		.ascii	"long long int\000"
 605      206C6F6E 
 605      6720696E 
 605      7400
 606              	.LASF11:
 607 024b 63686172 		.ascii	"char\000"
 607      00
 608              	.LASF2:
 609 0250 73686F72 		.ascii	"short int\000"
 609      7420696E 
 609      7400
 610              	.LASF4:
 611 025a 6C6F6E67 		.ascii	"long int\000"
 611      20696E74 
 611      00
 612              	.LASF16:
 613 0263 656E6162 		.ascii	"enableState\000"
 613      6C655374 
 613      61746500 
 614              	.LASF14:
 615 026f 6C6F6E67 		.ascii	"long double\000"
 615      20646F75 
 615      626C6500 
 616              	.LASF0:
 617 027b 7369676E 		.ascii	"signed char\000"
 617      65642063 
 617      68617200 
 618              	.LASF25:
 619 0287 656D4669 		.ascii	"emFile_1_SPI0_Enable\000"
 619      6C655F31 
 619      5F535049 
 619      305F456E 
 619      61626C65 
 620              		.ident	"GCC: (GNU Tools for ARM Embedded Processors) 5.4.1 20160609 (release) [ARM/embedded-5-bran
