ARM GAS  C:\Users\Nathan\AppData\Local\Temp\ccGzfuPQ.s 			page 1


   1              		.syntax unified
   2              		.cpu cortex-m3
   3              		.fpu softvfp
   4              		.eabi_attribute 20, 1
   5              		.eabi_attribute 21, 1
   6              		.eabi_attribute 23, 3
   7              		.eabi_attribute 24, 1
   8              		.eabi_attribute 25, 1
   9              		.eabi_attribute 26, 1
  10              		.eabi_attribute 30, 4
  11              		.eabi_attribute 34, 1
  12              		.eabi_attribute 18, 4
  13              		.thumb
  14              		.syntax unified
  15              		.file	"SPI_Altitude_PM.c"
  16              		.text
  17              	.Ltext0:
  18              		.cfi_sections	.debug_frame
  19              		.section	.text.SPI_Altitude_SaveConfig,"ax",%progbits
  20              		.align	1
  21              		.global	SPI_Altitude_SaveConfig
  22              		.thumb
  23              		.thumb_func
  24              		.type	SPI_Altitude_SaveConfig, %function
  25              	SPI_Altitude_SaveConfig:
  26              	.LFB5:
  27              		.cfi_startproc
  28              		@ args = 0, pretend = 0, frame = 0
  29              		@ frame_needed = 0, uses_anonymous_args = 0
  30              		@ link register save eliminated.
  31 0000 7047     		bx	lr
  32              		.cfi_endproc
  33              	.LFE5:
  34              		.size	SPI_Altitude_SaveConfig, .-SPI_Altitude_SaveConfig
  35              		.section	.text.SPI_Altitude_RestoreConfig,"ax",%progbits
  36              		.align	1
  37              		.global	SPI_Altitude_RestoreConfig
  38              		.thumb
  39              		.thumb_func
  40              		.type	SPI_Altitude_RestoreConfig, %function
  41              	SPI_Altitude_RestoreConfig:
  42              	.LFB1:
  43              		.file 1 "Generated_Source\\PSoC5\\SPI_Altitude_PM.c"
   1:Generated_Source\PSoC5/SPI_Altitude_PM.c **** /*******************************************************************************
   2:Generated_Source\PSoC5/SPI_Altitude_PM.c **** * File Name: SPI_Altitude_PM.c
   3:Generated_Source\PSoC5/SPI_Altitude_PM.c **** * Version 2.50
   4:Generated_Source\PSoC5/SPI_Altitude_PM.c **** *
   5:Generated_Source\PSoC5/SPI_Altitude_PM.c **** * Description:
   6:Generated_Source\PSoC5/SPI_Altitude_PM.c **** *  This file contains the setup, control and status commands to support
   7:Generated_Source\PSoC5/SPI_Altitude_PM.c **** *  component operations in low power mode.
   8:Generated_Source\PSoC5/SPI_Altitude_PM.c **** *
   9:Generated_Source\PSoC5/SPI_Altitude_PM.c **** * Note:
  10:Generated_Source\PSoC5/SPI_Altitude_PM.c **** *
  11:Generated_Source\PSoC5/SPI_Altitude_PM.c **** ********************************************************************************
  12:Generated_Source\PSoC5/SPI_Altitude_PM.c **** * Copyright 2008-2015, Cypress Semiconductor Corporation.  All rights reserved.
  13:Generated_Source\PSoC5/SPI_Altitude_PM.c **** * You may use this file only in accordance with the license, terms, conditions,
  14:Generated_Source\PSoC5/SPI_Altitude_PM.c **** * disclaimers, and limitations in the end user license agreement accompanying
ARM GAS  C:\Users\Nathan\AppData\Local\Temp\ccGzfuPQ.s 			page 2


  15:Generated_Source\PSoC5/SPI_Altitude_PM.c **** * the software package with which this file was provided.
  16:Generated_Source\PSoC5/SPI_Altitude_PM.c **** *******************************************************************************/
  17:Generated_Source\PSoC5/SPI_Altitude_PM.c **** 
  18:Generated_Source\PSoC5/SPI_Altitude_PM.c **** #include "SPI_Altitude_PVT.h"
  19:Generated_Source\PSoC5/SPI_Altitude_PM.c **** 
  20:Generated_Source\PSoC5/SPI_Altitude_PM.c **** static SPI_Altitude_BACKUP_STRUCT SPI_Altitude_backup =
  21:Generated_Source\PSoC5/SPI_Altitude_PM.c **** {
  22:Generated_Source\PSoC5/SPI_Altitude_PM.c ****     SPI_Altitude_DISABLED,
  23:Generated_Source\PSoC5/SPI_Altitude_PM.c ****     SPI_Altitude_BITCTR_INIT,
  24:Generated_Source\PSoC5/SPI_Altitude_PM.c **** };
  25:Generated_Source\PSoC5/SPI_Altitude_PM.c **** 
  26:Generated_Source\PSoC5/SPI_Altitude_PM.c **** 
  27:Generated_Source\PSoC5/SPI_Altitude_PM.c **** /*******************************************************************************
  28:Generated_Source\PSoC5/SPI_Altitude_PM.c **** * Function Name: SPI_Altitude_SaveConfig
  29:Generated_Source\PSoC5/SPI_Altitude_PM.c **** ********************************************************************************
  30:Generated_Source\PSoC5/SPI_Altitude_PM.c **** *
  31:Generated_Source\PSoC5/SPI_Altitude_PM.c **** * Summary:
  32:Generated_Source\PSoC5/SPI_Altitude_PM.c **** *  Empty function. Included for consistency with other components.
  33:Generated_Source\PSoC5/SPI_Altitude_PM.c **** *
  34:Generated_Source\PSoC5/SPI_Altitude_PM.c **** * Parameters:
  35:Generated_Source\PSoC5/SPI_Altitude_PM.c **** *  None.
  36:Generated_Source\PSoC5/SPI_Altitude_PM.c **** *
  37:Generated_Source\PSoC5/SPI_Altitude_PM.c **** * Return:
  38:Generated_Source\PSoC5/SPI_Altitude_PM.c **** *  None.
  39:Generated_Source\PSoC5/SPI_Altitude_PM.c **** *
  40:Generated_Source\PSoC5/SPI_Altitude_PM.c **** *******************************************************************************/
  41:Generated_Source\PSoC5/SPI_Altitude_PM.c **** void SPI_Altitude_SaveConfig(void) 
  42:Generated_Source\PSoC5/SPI_Altitude_PM.c **** {
  43:Generated_Source\PSoC5/SPI_Altitude_PM.c **** 
  44:Generated_Source\PSoC5/SPI_Altitude_PM.c **** }
  45:Generated_Source\PSoC5/SPI_Altitude_PM.c **** 
  46:Generated_Source\PSoC5/SPI_Altitude_PM.c **** 
  47:Generated_Source\PSoC5/SPI_Altitude_PM.c **** /*******************************************************************************
  48:Generated_Source\PSoC5/SPI_Altitude_PM.c **** * Function Name: SPI_Altitude_RestoreConfig
  49:Generated_Source\PSoC5/SPI_Altitude_PM.c **** ********************************************************************************
  50:Generated_Source\PSoC5/SPI_Altitude_PM.c **** *
  51:Generated_Source\PSoC5/SPI_Altitude_PM.c **** * Summary:
  52:Generated_Source\PSoC5/SPI_Altitude_PM.c **** *  Empty function. Included for consistency with other components.
  53:Generated_Source\PSoC5/SPI_Altitude_PM.c **** *
  54:Generated_Source\PSoC5/SPI_Altitude_PM.c **** * Parameters:
  55:Generated_Source\PSoC5/SPI_Altitude_PM.c **** *  None.
  56:Generated_Source\PSoC5/SPI_Altitude_PM.c **** *
  57:Generated_Source\PSoC5/SPI_Altitude_PM.c **** * Return:
  58:Generated_Source\PSoC5/SPI_Altitude_PM.c **** *  None.
  59:Generated_Source\PSoC5/SPI_Altitude_PM.c **** *
  60:Generated_Source\PSoC5/SPI_Altitude_PM.c **** *******************************************************************************/
  61:Generated_Source\PSoC5/SPI_Altitude_PM.c **** void SPI_Altitude_RestoreConfig(void) 
  62:Generated_Source\PSoC5/SPI_Altitude_PM.c **** {
  44              		.loc 1 62 0
  45              		.cfi_startproc
  46              		@ args = 0, pretend = 0, frame = 0
  47              		@ frame_needed = 0, uses_anonymous_args = 0
  48              		@ link register save eliminated.
  49 0000 7047     		bx	lr
  50              		.cfi_endproc
  51              	.LFE1:
  52              		.size	SPI_Altitude_RestoreConfig, .-SPI_Altitude_RestoreConfig
ARM GAS  C:\Users\Nathan\AppData\Local\Temp\ccGzfuPQ.s 			page 3


  53              		.section	.text.SPI_Altitude_Sleep,"ax",%progbits
  54              		.align	1
  55              		.global	SPI_Altitude_Sleep
  56              		.thumb
  57              		.thumb_func
  58              		.type	SPI_Altitude_Sleep, %function
  59              	SPI_Altitude_Sleep:
  60              	.LFB2:
  63:Generated_Source\PSoC5/SPI_Altitude_PM.c **** 
  64:Generated_Source\PSoC5/SPI_Altitude_PM.c **** }
  65:Generated_Source\PSoC5/SPI_Altitude_PM.c **** 
  66:Generated_Source\PSoC5/SPI_Altitude_PM.c **** 
  67:Generated_Source\PSoC5/SPI_Altitude_PM.c **** /*******************************************************************************
  68:Generated_Source\PSoC5/SPI_Altitude_PM.c **** * Function Name: SPI_Altitude_Sleep
  69:Generated_Source\PSoC5/SPI_Altitude_PM.c **** ********************************************************************************
  70:Generated_Source\PSoC5/SPI_Altitude_PM.c **** *
  71:Generated_Source\PSoC5/SPI_Altitude_PM.c **** * Summary:
  72:Generated_Source\PSoC5/SPI_Altitude_PM.c **** *  Prepare SPIM Component goes to sleep.
  73:Generated_Source\PSoC5/SPI_Altitude_PM.c **** *
  74:Generated_Source\PSoC5/SPI_Altitude_PM.c **** * Parameters:
  75:Generated_Source\PSoC5/SPI_Altitude_PM.c **** *  None.
  76:Generated_Source\PSoC5/SPI_Altitude_PM.c **** *
  77:Generated_Source\PSoC5/SPI_Altitude_PM.c **** * Return:
  78:Generated_Source\PSoC5/SPI_Altitude_PM.c **** *  None.
  79:Generated_Source\PSoC5/SPI_Altitude_PM.c **** *
  80:Generated_Source\PSoC5/SPI_Altitude_PM.c **** * Global Variables:
  81:Generated_Source\PSoC5/SPI_Altitude_PM.c **** *  SPI_Altitude_backup - modified when non-retention registers are saved.
  82:Generated_Source\PSoC5/SPI_Altitude_PM.c **** *
  83:Generated_Source\PSoC5/SPI_Altitude_PM.c **** * Reentrant:
  84:Generated_Source\PSoC5/SPI_Altitude_PM.c **** *  No.
  85:Generated_Source\PSoC5/SPI_Altitude_PM.c **** *
  86:Generated_Source\PSoC5/SPI_Altitude_PM.c **** *******************************************************************************/
  87:Generated_Source\PSoC5/SPI_Altitude_PM.c **** void SPI_Altitude_Sleep(void) 
  88:Generated_Source\PSoC5/SPI_Altitude_PM.c **** {
  61              		.loc 1 88 0
  62              		.cfi_startproc
  63              		@ args = 0, pretend = 0, frame = 0
  64              		@ frame_needed = 0, uses_anonymous_args = 0
  65              		@ link register save eliminated.
  89:Generated_Source\PSoC5/SPI_Altitude_PM.c ****     /* Save components enable state */
  90:Generated_Source\PSoC5/SPI_Altitude_PM.c ****     SPI_Altitude_backup.enableState = ((uint8) SPI_Altitude_IS_ENABLED);
  66              		.loc 1 90 0
  67 0000 034B     		ldr	r3, .L4
  68 0002 044A     		ldr	r2, .L4+4
  69 0004 1B78     		ldrb	r3, [r3]	@ zero_extendqisi2
  70 0006 C3F30013 		ubfx	r3, r3, #4, #1
  71 000a 1370     		strb	r3, [r2]
  91:Generated_Source\PSoC5/SPI_Altitude_PM.c **** 
  92:Generated_Source\PSoC5/SPI_Altitude_PM.c ****     SPI_Altitude_Stop();
  72              		.loc 1 92 0
  73 000c FFF7FEBF 		b	SPI_Altitude_Stop
  74              	.LVL0:
  75              	.L5:
  76              		.align	2
  77              	.L4:
  78 0010 9B650040 		.word	1073767835
  79 0014 00000000 		.word	.LANCHOR0
ARM GAS  C:\Users\Nathan\AppData\Local\Temp\ccGzfuPQ.s 			page 4


  80              		.cfi_endproc
  81              	.LFE2:
  82              		.size	SPI_Altitude_Sleep, .-SPI_Altitude_Sleep
  83              		.section	.text.SPI_Altitude_Wakeup,"ax",%progbits
  84              		.align	1
  85              		.global	SPI_Altitude_Wakeup
  86              		.thumb
  87              		.thumb_func
  88              		.type	SPI_Altitude_Wakeup, %function
  89              	SPI_Altitude_Wakeup:
  90              	.LFB3:
  93:Generated_Source\PSoC5/SPI_Altitude_PM.c **** }
  94:Generated_Source\PSoC5/SPI_Altitude_PM.c **** 
  95:Generated_Source\PSoC5/SPI_Altitude_PM.c **** 
  96:Generated_Source\PSoC5/SPI_Altitude_PM.c **** /*******************************************************************************
  97:Generated_Source\PSoC5/SPI_Altitude_PM.c **** * Function Name: SPI_Altitude_Wakeup
  98:Generated_Source\PSoC5/SPI_Altitude_PM.c **** ********************************************************************************
  99:Generated_Source\PSoC5/SPI_Altitude_PM.c **** *
 100:Generated_Source\PSoC5/SPI_Altitude_PM.c **** * Summary:
 101:Generated_Source\PSoC5/SPI_Altitude_PM.c **** *  Prepare SPIM Component to wake up.
 102:Generated_Source\PSoC5/SPI_Altitude_PM.c **** *
 103:Generated_Source\PSoC5/SPI_Altitude_PM.c **** * Parameters:
 104:Generated_Source\PSoC5/SPI_Altitude_PM.c **** *  None.
 105:Generated_Source\PSoC5/SPI_Altitude_PM.c **** *
 106:Generated_Source\PSoC5/SPI_Altitude_PM.c **** * Return:
 107:Generated_Source\PSoC5/SPI_Altitude_PM.c **** *  None.
 108:Generated_Source\PSoC5/SPI_Altitude_PM.c **** *
 109:Generated_Source\PSoC5/SPI_Altitude_PM.c **** * Global Variables:
 110:Generated_Source\PSoC5/SPI_Altitude_PM.c **** *  SPI_Altitude_backup - used when non-retention registers are restored.
 111:Generated_Source\PSoC5/SPI_Altitude_PM.c **** *  SPI_Altitude_txBufferWrite - modified every function call - resets to
 112:Generated_Source\PSoC5/SPI_Altitude_PM.c **** *  zero.
 113:Generated_Source\PSoC5/SPI_Altitude_PM.c **** *  SPI_Altitude_txBufferRead - modified every function call - resets to
 114:Generated_Source\PSoC5/SPI_Altitude_PM.c **** *  zero.
 115:Generated_Source\PSoC5/SPI_Altitude_PM.c **** *  SPI_Altitude_rxBufferWrite - modified every function call - resets to
 116:Generated_Source\PSoC5/SPI_Altitude_PM.c **** *  zero.
 117:Generated_Source\PSoC5/SPI_Altitude_PM.c **** *  SPI_Altitude_rxBufferRead - modified every function call - resets to
 118:Generated_Source\PSoC5/SPI_Altitude_PM.c **** *  zero.
 119:Generated_Source\PSoC5/SPI_Altitude_PM.c **** *
 120:Generated_Source\PSoC5/SPI_Altitude_PM.c **** * Reentrant:
 121:Generated_Source\PSoC5/SPI_Altitude_PM.c **** *  No.
 122:Generated_Source\PSoC5/SPI_Altitude_PM.c **** *
 123:Generated_Source\PSoC5/SPI_Altitude_PM.c **** *******************************************************************************/
 124:Generated_Source\PSoC5/SPI_Altitude_PM.c **** void SPI_Altitude_Wakeup(void) 
 125:Generated_Source\PSoC5/SPI_Altitude_PM.c **** {
  91              		.loc 1 125 0
  92              		.cfi_startproc
  93              		@ args = 0, pretend = 0, frame = 0
  94              		@ frame_needed = 0, uses_anonymous_args = 0
 126:Generated_Source\PSoC5/SPI_Altitude_PM.c ****     #if(SPI_Altitude_RX_SOFTWARE_BUF_ENABLED)
 127:Generated_Source\PSoC5/SPI_Altitude_PM.c ****         SPI_Altitude_rxBufferFull  = 0u;
  95              		.loc 1 127 0
  96 0000 0B4A     		ldr	r2, .L9
 125:Generated_Source\PSoC5/SPI_Altitude_PM.c ****     #if(SPI_Altitude_RX_SOFTWARE_BUF_ENABLED)
  97              		.loc 1 125 0
  98 0002 08B5     		push	{r3, lr}
  99              		.cfi_def_cfa_offset 8
 100              		.cfi_offset 3, -8
ARM GAS  C:\Users\Nathan\AppData\Local\Temp\ccGzfuPQ.s 			page 5


 101              		.cfi_offset 14, -4
 102              		.loc 1 127 0
 103 0004 0023     		movs	r3, #0
 104 0006 1370     		strb	r3, [r2]
 128:Generated_Source\PSoC5/SPI_Altitude_PM.c ****         SPI_Altitude_rxBufferRead  = 0u;
 105              		.loc 1 128 0
 106 0008 0A4A     		ldr	r2, .L9+4
 107 000a 1370     		strb	r3, [r2]
 129:Generated_Source\PSoC5/SPI_Altitude_PM.c ****         SPI_Altitude_rxBufferWrite = 0u;
 108              		.loc 1 129 0
 109 000c 0A4A     		ldr	r2, .L9+8
 110 000e 1370     		strb	r3, [r2]
 130:Generated_Source\PSoC5/SPI_Altitude_PM.c ****     #endif /* (SPI_Altitude_RX_SOFTWARE_BUF_ENABLED) */
 131:Generated_Source\PSoC5/SPI_Altitude_PM.c **** 
 132:Generated_Source\PSoC5/SPI_Altitude_PM.c ****     #if(SPI_Altitude_TX_SOFTWARE_BUF_ENABLED)
 133:Generated_Source\PSoC5/SPI_Altitude_PM.c ****         SPI_Altitude_txBufferFull  = 0u;
 111              		.loc 1 133 0
 112 0010 0A4A     		ldr	r2, .L9+12
 113 0012 1370     		strb	r3, [r2]
 134:Generated_Source\PSoC5/SPI_Altitude_PM.c ****         SPI_Altitude_txBufferRead  = 0u;
 114              		.loc 1 134 0
 115 0014 0A4A     		ldr	r2, .L9+16
 116 0016 1370     		strb	r3, [r2]
 135:Generated_Source\PSoC5/SPI_Altitude_PM.c ****         SPI_Altitude_txBufferWrite = 0u;
 117              		.loc 1 135 0
 118 0018 0A4A     		ldr	r2, .L9+20
 119 001a 1370     		strb	r3, [r2]
 136:Generated_Source\PSoC5/SPI_Altitude_PM.c ****     #endif /* (SPI_Altitude_TX_SOFTWARE_BUF_ENABLED) */
 137:Generated_Source\PSoC5/SPI_Altitude_PM.c **** 
 138:Generated_Source\PSoC5/SPI_Altitude_PM.c ****     /* Clear any data from the RX and TX FIFO */
 139:Generated_Source\PSoC5/SPI_Altitude_PM.c ****     SPI_Altitude_ClearFIFO();
 120              		.loc 1 139 0
 121 001c FFF7FEFF 		bl	SPI_Altitude_ClearFIFO
 122              	.LVL1:
 140:Generated_Source\PSoC5/SPI_Altitude_PM.c **** 
 141:Generated_Source\PSoC5/SPI_Altitude_PM.c ****     /* Restore components block enable state */
 142:Generated_Source\PSoC5/SPI_Altitude_PM.c ****     if(0u != SPI_Altitude_backup.enableState)
 123              		.loc 1 142 0
 124 0020 094B     		ldr	r3, .L9+24
 125 0022 1B78     		ldrb	r3, [r3]	@ zero_extendqisi2
 126 0024 1BB1     		cbz	r3, .L6
 143:Generated_Source\PSoC5/SPI_Altitude_PM.c ****     {
 144:Generated_Source\PSoC5/SPI_Altitude_PM.c ****         SPI_Altitude_Enable();
 145:Generated_Source\PSoC5/SPI_Altitude_PM.c ****     }
 146:Generated_Source\PSoC5/SPI_Altitude_PM.c **** }
 127              		.loc 1 146 0
 128 0026 BDE80840 		pop	{r3, lr}
 129              		.cfi_remember_state
 130              		.cfi_restore 14
 131              		.cfi_restore 3
 132              		.cfi_def_cfa_offset 0
 144:Generated_Source\PSoC5/SPI_Altitude_PM.c ****     }
 133              		.loc 1 144 0
 134 002a FFF7FEBF 		b	SPI_Altitude_Enable
 135              	.LVL2:
 136              	.L6:
 137              		.cfi_restore_state
ARM GAS  C:\Users\Nathan\AppData\Local\Temp\ccGzfuPQ.s 			page 6


 138 002e 08BD     		pop	{r3, pc}
 139              	.L10:
 140              		.align	2
 141              	.L9:
 142 0030 00000000 		.word	SPI_Altitude_rxBufferFull
 143 0034 00000000 		.word	SPI_Altitude_rxBufferRead
 144 0038 00000000 		.word	SPI_Altitude_rxBufferWrite
 145 003c 00000000 		.word	SPI_Altitude_txBufferFull
 146 0040 00000000 		.word	SPI_Altitude_txBufferRead
 147 0044 00000000 		.word	SPI_Altitude_txBufferWrite
 148 0048 00000000 		.word	.LANCHOR0
 149              		.cfi_endproc
 150              	.LFE3:
 151              		.size	SPI_Altitude_Wakeup, .-SPI_Altitude_Wakeup
 152              		.data
 153              		.set	.LANCHOR0,. + 0
 154              		.type	SPI_Altitude_backup, %object
 155              		.size	SPI_Altitude_backup, 2
 156              	SPI_Altitude_backup:
 157 0000 00       		.byte	0
 158 0001 0F       		.byte	15
 159              		.text
 160              	.Letext0:
 161              		.file 2 "Generated_Source\\PSoC5\\cytypes.h"
 162              		.file 3 "Generated_Source\\PSoC5\\SPI_Altitude.h"
 163              		.file 4 "Generated_Source\\PSoC5\\SPI_Altitude_PVT.h"
 164              		.section	.debug_info,"",%progbits
 165              	.Ldebug_info0:
 166 0000 A6010000 		.4byte	0x1a6
 167 0004 0400     		.2byte	0x4
 168 0006 00000000 		.4byte	.Ldebug_abbrev0
 169 000a 04       		.byte	0x4
 170 000b 01       		.uleb128 0x1
 171 000c CD000000 		.4byte	.LASF30
 172 0010 0C       		.byte	0xc
 173 0011 7D020000 		.4byte	.LASF31
 174 0015 61010000 		.4byte	.LASF32
 175 0019 00000000 		.4byte	.Ldebug_ranges0+0
 176 001d 00000000 		.4byte	0
 177 0021 00000000 		.4byte	.Ldebug_line0
 178 0025 02       		.uleb128 0x2
 179 0026 01       		.byte	0x1
 180 0027 06       		.byte	0x6
 181 0028 0C030000 		.4byte	.LASF0
 182 002c 02       		.uleb128 0x2
 183 002d 01       		.byte	0x1
 184 002e 08       		.byte	0x8
 185 002f A6000000 		.4byte	.LASF1
 186 0033 02       		.uleb128 0x2
 187 0034 02       		.byte	0x2
 188 0035 05       		.byte	0x5
 189 0036 E1010000 		.4byte	.LASF2
 190 003a 02       		.uleb128 0x2
 191 003b 02       		.byte	0x2
 192 003c 07       		.byte	0x7
 193 003d 58000000 		.4byte	.LASF3
 194 0041 02       		.uleb128 0x2
ARM GAS  C:\Users\Nathan\AppData\Local\Temp\ccGzfuPQ.s 			page 7


 195 0042 04       		.byte	0x4
 196 0043 05       		.byte	0x5
 197 0044 EB020000 		.4byte	.LASF4
 198 0048 02       		.uleb128 0x2
 199 0049 04       		.byte	0x4
 200 004a 07       		.byte	0x7
 201 004b 10020000 		.4byte	.LASF5
 202 004f 02       		.uleb128 0x2
 203 0050 08       		.byte	0x8
 204 0051 05       		.byte	0x5
 205 0052 00000000 		.4byte	.LASF6
 206 0056 02       		.uleb128 0x2
 207 0057 08       		.byte	0x8
 208 0058 07       		.byte	0x7
 209 0059 2F020000 		.4byte	.LASF7
 210 005d 03       		.uleb128 0x3
 211 005e 04       		.byte	0x4
 212 005f 05       		.byte	0x5
 213 0060 696E7400 		.ascii	"int\000"
 214 0064 02       		.uleb128 0x2
 215 0065 04       		.byte	0x4
 216 0066 07       		.byte	0x7
 217 0067 22020000 		.4byte	.LASF8
 218 006b 04       		.uleb128 0x4
 219 006c 5B010000 		.4byte	.LASF12
 220 0070 02       		.byte	0x2
 221 0071 9201     		.2byte	0x192
 222 0073 2C000000 		.4byte	0x2c
 223 0077 02       		.uleb128 0x2
 224 0078 04       		.byte	0x4
 225 0079 04       		.byte	0x4
 226 007a A0000000 		.4byte	.LASF9
 227 007e 02       		.uleb128 0x2
 228 007f 08       		.byte	0x8
 229 0080 04       		.byte	0x4
 230 0081 DA010000 		.4byte	.LASF10
 231 0085 02       		.uleb128 0x2
 232 0086 01       		.byte	0x1
 233 0087 08       		.byte	0x8
 234 0088 A6020000 		.4byte	.LASF11
 235 008c 04       		.uleb128 0x4
 236 008d B4000000 		.4byte	.LASF13
 237 0091 02       		.byte	0x2
 238 0092 3C02     		.2byte	0x23c
 239 0094 98000000 		.4byte	0x98
 240 0098 05       		.uleb128 0x5
 241 0099 6B000000 		.4byte	0x6b
 242 009d 02       		.uleb128 0x2
 243 009e 08       		.byte	0x8
 244 009f 04       		.byte	0x4
 245 00a0 00030000 		.4byte	.LASF14
 246 00a4 02       		.uleb128 0x2
 247 00a5 04       		.byte	0x4
 248 00a6 07       		.byte	0x7
 249 00a7 59020000 		.4byte	.LASF15
 250 00ab 06       		.uleb128 0x6
 251 00ac 02       		.byte	0x2
ARM GAS  C:\Users\Nathan\AppData\Local\Temp\ccGzfuPQ.s 			page 8


 252 00ad 03       		.byte	0x3
 253 00ae 40       		.byte	0x40
 254 00af CC000000 		.4byte	0xcc
 255 00b3 07       		.uleb128 0x7
 256 00b4 F4020000 		.4byte	.LASF16
 257 00b8 03       		.byte	0x3
 258 00b9 42       		.byte	0x42
 259 00ba 6B000000 		.4byte	0x6b
 260 00be 00       		.byte	0
 261 00bf 07       		.uleb128 0x7
 262 00c0 EB010000 		.4byte	.LASF17
 263 00c4 03       		.byte	0x3
 264 00c5 43       		.byte	0x43
 265 00c6 6B000000 		.4byte	0x6b
 266 00ca 01       		.byte	0x1
 267 00cb 00       		.byte	0
 268 00cc 08       		.uleb128 0x8
 269 00cd 0E000000 		.4byte	.LASF18
 270 00d1 03       		.byte	0x3
 271 00d2 44       		.byte	0x44
 272 00d3 AB000000 		.4byte	0xab
 273 00d7 09       		.uleb128 0x9
 274 00d8 6B000000 		.4byte	.LASF33
 275 00dc 01       		.byte	0x1
 276 00dd 3D       		.byte	0x3d
 277 00de 01       		.byte	0x1
 278 00df 0A       		.uleb128 0xa
 279 00e0 D7000000 		.4byte	0xd7
 280 00e4 00000000 		.4byte	.LFB1
 281 00e8 02000000 		.4byte	.LFE1-.LFB1
 282 00ec 01       		.uleb128 0x1
 283 00ed 9C       		.byte	0x9c
 284 00ee 0B       		.uleb128 0xb
 285 00ef 46020000 		.4byte	.LASF19
 286 00f3 01       		.byte	0x1
 287 00f4 57       		.byte	0x57
 288 00f5 00000000 		.4byte	.LFB2
 289 00f9 18000000 		.4byte	.LFE2-.LFB2
 290 00fd 01       		.uleb128 0x1
 291 00fe 9C       		.byte	0x9c
 292 00ff 0D010000 		.4byte	0x10d
 293 0103 0C       		.uleb128 0xc
 294 0104 10000000 		.4byte	.LVL0
 295 0108 88010000 		.4byte	0x188
 296 010c 00       		.byte	0
 297 010d 0B       		.uleb128 0xb
 298 010e B9000000 		.4byte	.LASF20
 299 0112 01       		.byte	0x1
 300 0113 7C       		.byte	0x7c
 301 0114 00000000 		.4byte	.LFB3
 302 0118 4C000000 		.4byte	.LFE3-.LFB3
 303 011c 01       		.uleb128 0x1
 304 011d 9C       		.byte	0x9c
 305 011e 35010000 		.4byte	0x135
 306 0122 0D       		.uleb128 0xd
 307 0123 20000000 		.4byte	.LVL1
 308 0127 93010000 		.4byte	0x193
ARM GAS  C:\Users\Nathan\AppData\Local\Temp\ccGzfuPQ.s 			page 9


 309 012b 0C       		.uleb128 0xc
 310 012c 2E000000 		.4byte	.LVL2
 311 0130 9E010000 		.4byte	0x19e
 312 0134 00       		.byte	0
 313 0135 0E       		.uleb128 0xe
 314 0136 44000000 		.4byte	.LASF34
 315 013a 01       		.byte	0x1
 316 013b 14       		.byte	0x14
 317 013c CC000000 		.4byte	0xcc
 318 0140 05       		.uleb128 0x5
 319 0141 03       		.byte	0x3
 320 0142 00000000 		.4byte	SPI_Altitude_backup
 321 0146 0F       		.uleb128 0xf
 322 0147 D1020000 		.4byte	.LASF21
 323 014b 04       		.byte	0x4
 324 014c 26       		.byte	0x26
 325 014d 98000000 		.4byte	0x98
 326 0151 0F       		.uleb128 0xf
 327 0152 29000000 		.4byte	.LASF22
 328 0156 04       		.byte	0x4
 329 0157 27       		.byte	0x27
 330 0158 98000000 		.4byte	0x98
 331 015c 0F       		.uleb128 0xf
 332 015d 86000000 		.4byte	.LASF23
 333 0161 04       		.byte	0x4
 334 0162 28       		.byte	0x28
 335 0163 98000000 		.4byte	0x98
 336 0167 0F       		.uleb128 0xf
 337 0168 F6010000 		.4byte	.LASF24
 338 016c 04       		.byte	0x4
 339 016d 2D       		.byte	0x2d
 340 016e 98000000 		.4byte	0x98
 341 0172 0F       		.uleb128 0xf
 342 0173 62020000 		.4byte	.LASF25
 343 0177 04       		.byte	0x4
 344 0178 2E       		.byte	0x2e
 345 0179 98000000 		.4byte	0x98
 346 017d 0F       		.uleb128 0xf
 347 017e C0010000 		.4byte	.LASF26
 348 0182 04       		.byte	0x4
 349 0183 2F       		.byte	0x2f
 350 0184 98000000 		.4byte	0x98
 351 0188 10       		.uleb128 0x10
 352 0189 BF020000 		.4byte	.LASF27
 353 018d BF020000 		.4byte	.LASF27
 354 0191 03       		.byte	0x3
 355 0192 4E       		.byte	0x4e
 356 0193 10       		.uleb128 0x10
 357 0194 A9010000 		.4byte	.LASF28
 358 0198 A9010000 		.4byte	.LASF28
 359 019c 03       		.byte	0x3
 360 019d 66       		.byte	0x66
 361 019e 10       		.uleb128 0x10
 362 019f AB020000 		.4byte	.LASF29
 363 01a3 AB020000 		.4byte	.LASF29
 364 01a7 03       		.byte	0x3
 365 01a8 4C       		.byte	0x4c
ARM GAS  C:\Users\Nathan\AppData\Local\Temp\ccGzfuPQ.s 			page 10


 366 01a9 00       		.byte	0
 367              		.section	.debug_abbrev,"",%progbits
 368              	.Ldebug_abbrev0:
 369 0000 01       		.uleb128 0x1
 370 0001 11       		.uleb128 0x11
 371 0002 01       		.byte	0x1
 372 0003 25       		.uleb128 0x25
 373 0004 0E       		.uleb128 0xe
 374 0005 13       		.uleb128 0x13
 375 0006 0B       		.uleb128 0xb
 376 0007 03       		.uleb128 0x3
 377 0008 0E       		.uleb128 0xe
 378 0009 1B       		.uleb128 0x1b
 379 000a 0E       		.uleb128 0xe
 380 000b 55       		.uleb128 0x55
 381 000c 17       		.uleb128 0x17
 382 000d 11       		.uleb128 0x11
 383 000e 01       		.uleb128 0x1
 384 000f 10       		.uleb128 0x10
 385 0010 17       		.uleb128 0x17
 386 0011 00       		.byte	0
 387 0012 00       		.byte	0
 388 0013 02       		.uleb128 0x2
 389 0014 24       		.uleb128 0x24
 390 0015 00       		.byte	0
 391 0016 0B       		.uleb128 0xb
 392 0017 0B       		.uleb128 0xb
 393 0018 3E       		.uleb128 0x3e
 394 0019 0B       		.uleb128 0xb
 395 001a 03       		.uleb128 0x3
 396 001b 0E       		.uleb128 0xe
 397 001c 00       		.byte	0
 398 001d 00       		.byte	0
 399 001e 03       		.uleb128 0x3
 400 001f 24       		.uleb128 0x24
 401 0020 00       		.byte	0
 402 0021 0B       		.uleb128 0xb
 403 0022 0B       		.uleb128 0xb
 404 0023 3E       		.uleb128 0x3e
 405 0024 0B       		.uleb128 0xb
 406 0025 03       		.uleb128 0x3
 407 0026 08       		.uleb128 0x8
 408 0027 00       		.byte	0
 409 0028 00       		.byte	0
 410 0029 04       		.uleb128 0x4
 411 002a 16       		.uleb128 0x16
 412 002b 00       		.byte	0
 413 002c 03       		.uleb128 0x3
 414 002d 0E       		.uleb128 0xe
 415 002e 3A       		.uleb128 0x3a
 416 002f 0B       		.uleb128 0xb
 417 0030 3B       		.uleb128 0x3b
 418 0031 05       		.uleb128 0x5
 419 0032 49       		.uleb128 0x49
 420 0033 13       		.uleb128 0x13
 421 0034 00       		.byte	0
 422 0035 00       		.byte	0
ARM GAS  C:\Users\Nathan\AppData\Local\Temp\ccGzfuPQ.s 			page 11


 423 0036 05       		.uleb128 0x5
 424 0037 35       		.uleb128 0x35
 425 0038 00       		.byte	0
 426 0039 49       		.uleb128 0x49
 427 003a 13       		.uleb128 0x13
 428 003b 00       		.byte	0
 429 003c 00       		.byte	0
 430 003d 06       		.uleb128 0x6
 431 003e 13       		.uleb128 0x13
 432 003f 01       		.byte	0x1
 433 0040 0B       		.uleb128 0xb
 434 0041 0B       		.uleb128 0xb
 435 0042 3A       		.uleb128 0x3a
 436 0043 0B       		.uleb128 0xb
 437 0044 3B       		.uleb128 0x3b
 438 0045 0B       		.uleb128 0xb
 439 0046 01       		.uleb128 0x1
 440 0047 13       		.uleb128 0x13
 441 0048 00       		.byte	0
 442 0049 00       		.byte	0
 443 004a 07       		.uleb128 0x7
 444 004b 0D       		.uleb128 0xd
 445 004c 00       		.byte	0
 446 004d 03       		.uleb128 0x3
 447 004e 0E       		.uleb128 0xe
 448 004f 3A       		.uleb128 0x3a
 449 0050 0B       		.uleb128 0xb
 450 0051 3B       		.uleb128 0x3b
 451 0052 0B       		.uleb128 0xb
 452 0053 49       		.uleb128 0x49
 453 0054 13       		.uleb128 0x13
 454 0055 38       		.uleb128 0x38
 455 0056 0B       		.uleb128 0xb
 456 0057 00       		.byte	0
 457 0058 00       		.byte	0
 458 0059 08       		.uleb128 0x8
 459 005a 16       		.uleb128 0x16
 460 005b 00       		.byte	0
 461 005c 03       		.uleb128 0x3
 462 005d 0E       		.uleb128 0xe
 463 005e 3A       		.uleb128 0x3a
 464 005f 0B       		.uleb128 0xb
 465 0060 3B       		.uleb128 0x3b
 466 0061 0B       		.uleb128 0xb
 467 0062 49       		.uleb128 0x49
 468 0063 13       		.uleb128 0x13
 469 0064 00       		.byte	0
 470 0065 00       		.byte	0
 471 0066 09       		.uleb128 0x9
 472 0067 2E       		.uleb128 0x2e
 473 0068 00       		.byte	0
 474 0069 3F       		.uleb128 0x3f
 475 006a 19       		.uleb128 0x19
 476 006b 03       		.uleb128 0x3
 477 006c 0E       		.uleb128 0xe
 478 006d 3A       		.uleb128 0x3a
 479 006e 0B       		.uleb128 0xb
ARM GAS  C:\Users\Nathan\AppData\Local\Temp\ccGzfuPQ.s 			page 12


 480 006f 3B       		.uleb128 0x3b
 481 0070 0B       		.uleb128 0xb
 482 0071 27       		.uleb128 0x27
 483 0072 19       		.uleb128 0x19
 484 0073 20       		.uleb128 0x20
 485 0074 0B       		.uleb128 0xb
 486 0075 00       		.byte	0
 487 0076 00       		.byte	0
 488 0077 0A       		.uleb128 0xa
 489 0078 2E       		.uleb128 0x2e
 490 0079 00       		.byte	0
 491 007a 31       		.uleb128 0x31
 492 007b 13       		.uleb128 0x13
 493 007c 11       		.uleb128 0x11
 494 007d 01       		.uleb128 0x1
 495 007e 12       		.uleb128 0x12
 496 007f 06       		.uleb128 0x6
 497 0080 40       		.uleb128 0x40
 498 0081 18       		.uleb128 0x18
 499 0082 9742     		.uleb128 0x2117
 500 0084 19       		.uleb128 0x19
 501 0085 00       		.byte	0
 502 0086 00       		.byte	0
 503 0087 0B       		.uleb128 0xb
 504 0088 2E       		.uleb128 0x2e
 505 0089 01       		.byte	0x1
 506 008a 3F       		.uleb128 0x3f
 507 008b 19       		.uleb128 0x19
 508 008c 03       		.uleb128 0x3
 509 008d 0E       		.uleb128 0xe
 510 008e 3A       		.uleb128 0x3a
 511 008f 0B       		.uleb128 0xb
 512 0090 3B       		.uleb128 0x3b
 513 0091 0B       		.uleb128 0xb
 514 0092 27       		.uleb128 0x27
 515 0093 19       		.uleb128 0x19
 516 0094 11       		.uleb128 0x11
 517 0095 01       		.uleb128 0x1
 518 0096 12       		.uleb128 0x12
 519 0097 06       		.uleb128 0x6
 520 0098 40       		.uleb128 0x40
 521 0099 18       		.uleb128 0x18
 522 009a 9742     		.uleb128 0x2117
 523 009c 19       		.uleb128 0x19
 524 009d 01       		.uleb128 0x1
 525 009e 13       		.uleb128 0x13
 526 009f 00       		.byte	0
 527 00a0 00       		.byte	0
 528 00a1 0C       		.uleb128 0xc
 529 00a2 898201   		.uleb128 0x4109
 530 00a5 00       		.byte	0
 531 00a6 11       		.uleb128 0x11
 532 00a7 01       		.uleb128 0x1
 533 00a8 9542     		.uleb128 0x2115
 534 00aa 19       		.uleb128 0x19
 535 00ab 31       		.uleb128 0x31
 536 00ac 13       		.uleb128 0x13
ARM GAS  C:\Users\Nathan\AppData\Local\Temp\ccGzfuPQ.s 			page 13


 537 00ad 00       		.byte	0
 538 00ae 00       		.byte	0
 539 00af 0D       		.uleb128 0xd
 540 00b0 898201   		.uleb128 0x4109
 541 00b3 00       		.byte	0
 542 00b4 11       		.uleb128 0x11
 543 00b5 01       		.uleb128 0x1
 544 00b6 31       		.uleb128 0x31
 545 00b7 13       		.uleb128 0x13
 546 00b8 00       		.byte	0
 547 00b9 00       		.byte	0
 548 00ba 0E       		.uleb128 0xe
 549 00bb 34       		.uleb128 0x34
 550 00bc 00       		.byte	0
 551 00bd 03       		.uleb128 0x3
 552 00be 0E       		.uleb128 0xe
 553 00bf 3A       		.uleb128 0x3a
 554 00c0 0B       		.uleb128 0xb
 555 00c1 3B       		.uleb128 0x3b
 556 00c2 0B       		.uleb128 0xb
 557 00c3 49       		.uleb128 0x49
 558 00c4 13       		.uleb128 0x13
 559 00c5 02       		.uleb128 0x2
 560 00c6 18       		.uleb128 0x18
 561 00c7 00       		.byte	0
 562 00c8 00       		.byte	0
 563 00c9 0F       		.uleb128 0xf
 564 00ca 34       		.uleb128 0x34
 565 00cb 00       		.byte	0
 566 00cc 03       		.uleb128 0x3
 567 00cd 0E       		.uleb128 0xe
 568 00ce 3A       		.uleb128 0x3a
 569 00cf 0B       		.uleb128 0xb
 570 00d0 3B       		.uleb128 0x3b
 571 00d1 0B       		.uleb128 0xb
 572 00d2 49       		.uleb128 0x49
 573 00d3 13       		.uleb128 0x13
 574 00d4 3F       		.uleb128 0x3f
 575 00d5 19       		.uleb128 0x19
 576 00d6 3C       		.uleb128 0x3c
 577 00d7 19       		.uleb128 0x19
 578 00d8 00       		.byte	0
 579 00d9 00       		.byte	0
 580 00da 10       		.uleb128 0x10
 581 00db 2E       		.uleb128 0x2e
 582 00dc 00       		.byte	0
 583 00dd 3F       		.uleb128 0x3f
 584 00de 19       		.uleb128 0x19
 585 00df 3C       		.uleb128 0x3c
 586 00e0 19       		.uleb128 0x19
 587 00e1 6E       		.uleb128 0x6e
 588 00e2 0E       		.uleb128 0xe
 589 00e3 03       		.uleb128 0x3
 590 00e4 0E       		.uleb128 0xe
 591 00e5 3A       		.uleb128 0x3a
 592 00e6 0B       		.uleb128 0xb
 593 00e7 3B       		.uleb128 0x3b
ARM GAS  C:\Users\Nathan\AppData\Local\Temp\ccGzfuPQ.s 			page 14


 594 00e8 0B       		.uleb128 0xb
 595 00e9 00       		.byte	0
 596 00ea 00       		.byte	0
 597 00eb 00       		.byte	0
 598              		.section	.debug_aranges,"",%progbits
 599 0000 2C000000 		.4byte	0x2c
 600 0004 0200     		.2byte	0x2
 601 0006 00000000 		.4byte	.Ldebug_info0
 602 000a 04       		.byte	0x4
 603 000b 00       		.byte	0
 604 000c 0000     		.2byte	0
 605 000e 0000     		.2byte	0
 606 0010 00000000 		.4byte	.LFB1
 607 0014 02000000 		.4byte	.LFE1-.LFB1
 608 0018 00000000 		.4byte	.LFB2
 609 001c 18000000 		.4byte	.LFE2-.LFB2
 610 0020 00000000 		.4byte	.LFB3
 611 0024 4C000000 		.4byte	.LFE3-.LFB3
 612 0028 00000000 		.4byte	0
 613 002c 00000000 		.4byte	0
 614              		.section	.debug_ranges,"",%progbits
 615              	.Ldebug_ranges0:
 616 0000 00000000 		.4byte	.LFB1
 617 0004 02000000 		.4byte	.LFE1
 618 0008 00000000 		.4byte	.LFB2
 619 000c 18000000 		.4byte	.LFE2
 620 0010 00000000 		.4byte	.LFB3
 621 0014 4C000000 		.4byte	.LFE3
 622 0018 00000000 		.4byte	0
 623 001c 00000000 		.4byte	0
 624              		.section	.debug_line,"",%progbits
 625              	.Ldebug_line0:
 626 0000 B6000000 		.section	.debug_str,"MS",%progbits,1
 626      02007400 
 626      00000201 
 626      FB0E0D00 
 626      01010101 
 627              	.LASF6:
 628 0000 6C6F6E67 		.ascii	"long long int\000"
 628      206C6F6E 
 628      6720696E 
 628      7400
 629              	.LASF18:
 630 000e 5350495F 		.ascii	"SPI_Altitude_BACKUP_STRUCT\000"
 630      416C7469 
 630      74756465 
 630      5F424143 
 630      4B55505F 
 631              	.LASF22:
 632 0029 5350495F 		.ascii	"SPI_Altitude_txBufferWrite\000"
 632      416C7469 
 632      74756465 
 632      5F747842 
 632      75666665 
 633              	.LASF34:
 634 0044 5350495F 		.ascii	"SPI_Altitude_backup\000"
 634      416C7469 
ARM GAS  C:\Users\Nathan\AppData\Local\Temp\ccGzfuPQ.s 			page 15


 634      74756465 
 634      5F626163 
 634      6B757000 
 635              	.LASF3:
 636 0058 73686F72 		.ascii	"short unsigned int\000"
 636      7420756E 
 636      7369676E 
 636      65642069 
 636      6E7400
 637              	.LASF33:
 638 006b 5350495F 		.ascii	"SPI_Altitude_RestoreConfig\000"
 638      416C7469 
 638      74756465 
 638      5F526573 
 638      746F7265 
 639              	.LASF23:
 640 0086 5350495F 		.ascii	"SPI_Altitude_txBufferFull\000"
 640      416C7469 
 640      74756465 
 640      5F747842 
 640      75666665 
 641              	.LASF9:
 642 00a0 666C6F61 		.ascii	"float\000"
 642      7400
 643              	.LASF1:
 644 00a6 756E7369 		.ascii	"unsigned char\000"
 644      676E6564 
 644      20636861 
 644      7200
 645              	.LASF13:
 646 00b4 72656738 		.ascii	"reg8\000"
 646      00
 647              	.LASF20:
 648 00b9 5350495F 		.ascii	"SPI_Altitude_Wakeup\000"
 648      416C7469 
 648      74756465 
 648      5F57616B 
 648      65757000 
 649              	.LASF30:
 650 00cd 474E5520 		.ascii	"GNU C11 5.4.1 20160609 (release) [ARM/embedded-5-br"
 650      43313120 
 650      352E342E 
 650      31203230 
 650      31363036 
 651 0100 616E6368 		.ascii	"anch revision 237715] -mcpu=cortex-m3 -mthumb -g -O"
 651      20726576 
 651      6973696F 
 651      6E203233 
 651      37373135 
 652 0133 73202D66 		.ascii	"s -ffunction-sections -ffat-lto-objects\000"
 652      66756E63 
 652      74696F6E 
 652      2D736563 
 652      74696F6E 
 653              	.LASF12:
 654 015b 75696E74 		.ascii	"uint8\000"
 654      3800
ARM GAS  C:\Users\Nathan\AppData\Local\Temp\ccGzfuPQ.s 			page 16


 655              	.LASF32:
 656 0161 433A5C55 		.ascii	"C:\\Users\\Nathan\\Documents\\MyBuilds\\Flight Cont"
 656      73657273 
 656      5C4E6174 
 656      68616E5C 
 656      446F6375 
 657 018f 726F6C6C 		.ascii	"roller\\ServoControl.cydsn\000"
 657      65725C53 
 657      6572766F 
 657      436F6E74 
 657      726F6C2E 
 658              	.LASF28:
 659 01a9 5350495F 		.ascii	"SPI_Altitude_ClearFIFO\000"
 659      416C7469 
 659      74756465 
 659      5F436C65 
 659      61724649 
 660              	.LASF26:
 661 01c0 5350495F 		.ascii	"SPI_Altitude_rxBufferFull\000"
 661      416C7469 
 661      74756465 
 661      5F727842 
 661      75666665 
 662              	.LASF10:
 663 01da 646F7562 		.ascii	"double\000"
 663      6C6500
 664              	.LASF2:
 665 01e1 73686F72 		.ascii	"short int\000"
 665      7420696E 
 665      7400
 666              	.LASF17:
 667 01eb 636E7472 		.ascii	"cntrPeriod\000"
 667      50657269 
 667      6F6400
 668              	.LASF24:
 669 01f6 5350495F 		.ascii	"SPI_Altitude_rxBufferRead\000"
 669      416C7469 
 669      74756465 
 669      5F727842 
 669      75666665 
 670              	.LASF5:
 671 0210 6C6F6E67 		.ascii	"long unsigned int\000"
 671      20756E73 
 671      69676E65 
 671      6420696E 
 671      7400
 672              	.LASF8:
 673 0222 756E7369 		.ascii	"unsigned int\000"
 673      676E6564 
 673      20696E74 
 673      00
 674              	.LASF7:
 675 022f 6C6F6E67 		.ascii	"long long unsigned int\000"
 675      206C6F6E 
 675      6720756E 
 675      7369676E 
 675      65642069 
ARM GAS  C:\Users\Nathan\AppData\Local\Temp\ccGzfuPQ.s 			page 17


 676              	.LASF19:
 677 0246 5350495F 		.ascii	"SPI_Altitude_Sleep\000"
 677      416C7469 
 677      74756465 
 677      5F536C65 
 677      657000
 678              	.LASF15:
 679 0259 73697A65 		.ascii	"sizetype\000"
 679      74797065 
 679      00
 680              	.LASF25:
 681 0262 5350495F 		.ascii	"SPI_Altitude_rxBufferWrite\000"
 681      416C7469 
 681      74756465 
 681      5F727842 
 681      75666665 
 682              	.LASF31:
 683 027d 47656E65 		.ascii	"Generated_Source\\PSoC5\\SPI_Altitude_PM.c\000"
 683      72617465 
 683      645F536F 
 683      75726365 
 683      5C50536F 
 684              	.LASF11:
 685 02a6 63686172 		.ascii	"char\000"
 685      00
 686              	.LASF29:
 687 02ab 5350495F 		.ascii	"SPI_Altitude_Enable\000"
 687      416C7469 
 687      74756465 
 687      5F456E61 
 687      626C6500 
 688              	.LASF27:
 689 02bf 5350495F 		.ascii	"SPI_Altitude_Stop\000"
 689      416C7469 
 689      74756465 
 689      5F53746F 
 689      7000
 690              	.LASF21:
 691 02d1 5350495F 		.ascii	"SPI_Altitude_txBufferRead\000"
 691      416C7469 
 691      74756465 
 691      5F747842 
 691      75666665 
 692              	.LASF4:
 693 02eb 6C6F6E67 		.ascii	"long int\000"
 693      20696E74 
 693      00
 694              	.LASF16:
 695 02f4 656E6162 		.ascii	"enableState\000"
 695      6C655374 
 695      61746500 
 696              	.LASF14:
 697 0300 6C6F6E67 		.ascii	"long double\000"
 697      20646F75 
 697      626C6500 
 698              	.LASF0:
 699 030c 7369676E 		.ascii	"signed char\000"
ARM GAS  C:\Users\Nathan\AppData\Local\Temp\ccGzfuPQ.s 			page 18


 699      65642063 
 699      68617200 
 700              		.ident	"GCC: (GNU Tools for ARM Embedded Processors) 5.4.1 20160609 (release) [ARM/embedded-5-bran
