ARM GAS  C:\Users\Nathan\AppData\Local\Temp\ccJJrtGs.s 			page 1


   1              		.syntax unified
   2              		.cpu cortex-m3
   3              		.fpu softvfp
   4              		.eabi_attribute 20, 1
   5              		.eabi_attribute 21, 1
   6              		.eabi_attribute 23, 3
   7              		.eabi_attribute 24, 1
   8              		.eabi_attribute 25, 1
   9              		.eabi_attribute 26, 1
  10              		.eabi_attribute 30, 4
  11              		.eabi_attribute 34, 1
  12              		.eabi_attribute 18, 4
  13              		.thumb
  14              		.syntax unified
  15              		.file	"SPI_Altitude_INT.c"
  16              		.text
  17              	.Ltext0:
  18              		.cfi_sections	.debug_frame
  19              		.section	.text.SPI_Altitude_TX_ISR,"ax",%progbits
  20              		.align	1
  21              		.global	SPI_Altitude_TX_ISR
  22              		.thumb
  23              		.thumb_func
  24              		.type	SPI_Altitude_TX_ISR, %function
  25              	SPI_Altitude_TX_ISR:
  26              	.LFB0:
  27              		.file 1 "Generated_Source\\PSoC5\\SPI_Altitude_INT.c"
   1:Generated_Source\PSoC5/SPI_Altitude_INT.c **** /*******************************************************************************
   2:Generated_Source\PSoC5/SPI_Altitude_INT.c **** * File Name: SPI_Altitude_INT.c
   3:Generated_Source\PSoC5/SPI_Altitude_INT.c **** * Version 2.50
   4:Generated_Source\PSoC5/SPI_Altitude_INT.c **** *
   5:Generated_Source\PSoC5/SPI_Altitude_INT.c **** * Description:
   6:Generated_Source\PSoC5/SPI_Altitude_INT.c **** *  This file provides all Interrupt Service Routine (ISR) for the SPI Master
   7:Generated_Source\PSoC5/SPI_Altitude_INT.c **** *  component.
   8:Generated_Source\PSoC5/SPI_Altitude_INT.c **** *
   9:Generated_Source\PSoC5/SPI_Altitude_INT.c **** * Note:
  10:Generated_Source\PSoC5/SPI_Altitude_INT.c **** *  None.
  11:Generated_Source\PSoC5/SPI_Altitude_INT.c **** *
  12:Generated_Source\PSoC5/SPI_Altitude_INT.c **** ********************************************************************************
  13:Generated_Source\PSoC5/SPI_Altitude_INT.c **** * Copyright 2008-2015, Cypress Semiconductor Corporation.  All rights reserved.
  14:Generated_Source\PSoC5/SPI_Altitude_INT.c **** * You may use this file only in accordance with the license, terms, conditions,
  15:Generated_Source\PSoC5/SPI_Altitude_INT.c **** * disclaimers, and limitations in the end user license agreement accompanying
  16:Generated_Source\PSoC5/SPI_Altitude_INT.c **** * the software package with which this file was provided.
  17:Generated_Source\PSoC5/SPI_Altitude_INT.c **** *******************************************************************************/
  18:Generated_Source\PSoC5/SPI_Altitude_INT.c **** 
  19:Generated_Source\PSoC5/SPI_Altitude_INT.c **** #include "SPI_Altitude_PVT.h"
  20:Generated_Source\PSoC5/SPI_Altitude_INT.c **** #include "cyapicallbacks.h"
  21:Generated_Source\PSoC5/SPI_Altitude_INT.c **** 
  22:Generated_Source\PSoC5/SPI_Altitude_INT.c **** /* User code required at start of ISR */
  23:Generated_Source\PSoC5/SPI_Altitude_INT.c **** /* `#START SPI_Altitude_ISR_START_DEF` */
  24:Generated_Source\PSoC5/SPI_Altitude_INT.c **** 
  25:Generated_Source\PSoC5/SPI_Altitude_INT.c **** /* `#END` */
  26:Generated_Source\PSoC5/SPI_Altitude_INT.c **** 
  27:Generated_Source\PSoC5/SPI_Altitude_INT.c **** 
  28:Generated_Source\PSoC5/SPI_Altitude_INT.c **** /*******************************************************************************
  29:Generated_Source\PSoC5/SPI_Altitude_INT.c **** * Function Name: SPI_Altitude_TX_ISR
  30:Generated_Source\PSoC5/SPI_Altitude_INT.c **** ********************************************************************************
ARM GAS  C:\Users\Nathan\AppData\Local\Temp\ccJJrtGs.s 			page 2


  31:Generated_Source\PSoC5/SPI_Altitude_INT.c **** *
  32:Generated_Source\PSoC5/SPI_Altitude_INT.c **** * Summary:
  33:Generated_Source\PSoC5/SPI_Altitude_INT.c **** *  Interrupt Service Routine for TX portion of the SPI Master.
  34:Generated_Source\PSoC5/SPI_Altitude_INT.c **** *
  35:Generated_Source\PSoC5/SPI_Altitude_INT.c **** * Parameters:
  36:Generated_Source\PSoC5/SPI_Altitude_INT.c **** *  None.
  37:Generated_Source\PSoC5/SPI_Altitude_INT.c **** *
  38:Generated_Source\PSoC5/SPI_Altitude_INT.c **** * Return:
  39:Generated_Source\PSoC5/SPI_Altitude_INT.c **** *  None.
  40:Generated_Source\PSoC5/SPI_Altitude_INT.c **** *
  41:Generated_Source\PSoC5/SPI_Altitude_INT.c **** * Global variables:
  42:Generated_Source\PSoC5/SPI_Altitude_INT.c **** *  SPI_Altitude_txBufferWrite - used for the account of the bytes which
  43:Generated_Source\PSoC5/SPI_Altitude_INT.c **** *  have been written down in the TX software buffer.
  44:Generated_Source\PSoC5/SPI_Altitude_INT.c **** *  SPI_Altitude_txBufferRead - used for the account of the bytes which
  45:Generated_Source\PSoC5/SPI_Altitude_INT.c **** *  have been read from the TX software buffer, modified when exist data to
  46:Generated_Source\PSoC5/SPI_Altitude_INT.c **** *  sending and FIFO Not Full.
  47:Generated_Source\PSoC5/SPI_Altitude_INT.c **** *  SPI_Altitude_txBuffer[SPI_Altitude_TX_BUFFER_SIZE] - used to store
  48:Generated_Source\PSoC5/SPI_Altitude_INT.c **** *  data to sending.
  49:Generated_Source\PSoC5/SPI_Altitude_INT.c **** *  All described above Global variables are used when Software Buffer is used.
  50:Generated_Source\PSoC5/SPI_Altitude_INT.c **** *
  51:Generated_Source\PSoC5/SPI_Altitude_INT.c **** *******************************************************************************/
  52:Generated_Source\PSoC5/SPI_Altitude_INT.c **** CY_ISR(SPI_Altitude_TX_ISR)
  53:Generated_Source\PSoC5/SPI_Altitude_INT.c **** {
  28              		.loc 1 53 0
  29              		.cfi_startproc
  30              		@ args = 0, pretend = 0, frame = 0
  31              		@ frame_needed = 0, uses_anonymous_args = 0
  54:Generated_Source\PSoC5/SPI_Altitude_INT.c ****     #if(SPI_Altitude_TX_SOFTWARE_BUF_ENABLED)
  55:Generated_Source\PSoC5/SPI_Altitude_INT.c ****         uint8 tmpStatus;
  56:Generated_Source\PSoC5/SPI_Altitude_INT.c ****     #endif /* (SPI_Altitude_TX_SOFTWARE_BUF_ENABLED) */
  57:Generated_Source\PSoC5/SPI_Altitude_INT.c **** 
  58:Generated_Source\PSoC5/SPI_Altitude_INT.c ****     #ifdef SPI_Altitude_TX_ISR_ENTRY_CALLBACK
  59:Generated_Source\PSoC5/SPI_Altitude_INT.c ****         SPI_Altitude_TX_ISR_EntryCallback();
  60:Generated_Source\PSoC5/SPI_Altitude_INT.c ****     #endif /* SPI_Altitude_TX_ISR_ENTRY_CALLBACK */
  61:Generated_Source\PSoC5/SPI_Altitude_INT.c **** 
  62:Generated_Source\PSoC5/SPI_Altitude_INT.c ****     /* User code required at start of ISR */
  63:Generated_Source\PSoC5/SPI_Altitude_INT.c ****     /* `#START SPI_Altitude_TX_ISR_START` */
  64:Generated_Source\PSoC5/SPI_Altitude_INT.c **** 
  65:Generated_Source\PSoC5/SPI_Altitude_INT.c ****     /* `#END` */
  66:Generated_Source\PSoC5/SPI_Altitude_INT.c ****     
  67:Generated_Source\PSoC5/SPI_Altitude_INT.c ****     #if(SPI_Altitude_TX_SOFTWARE_BUF_ENABLED)
  68:Generated_Source\PSoC5/SPI_Altitude_INT.c ****         /* Check if TX data buffer is not empty and there is space in TX FIFO */
  69:Generated_Source\PSoC5/SPI_Altitude_INT.c ****         while(SPI_Altitude_txBufferRead != SPI_Altitude_txBufferWrite)
  32              		.loc 1 69 0
  33 0000 1E4B     		ldr	r3, .L11
  53:Generated_Source\PSoC5/SPI_Altitude_INT.c ****     #if(SPI_Altitude_TX_SOFTWARE_BUF_ENABLED)
  34              		.loc 1 53 0
  35 0002 F0B5     		push	{r4, r5, r6, r7, lr}
  36              		.cfi_def_cfa_offset 20
  37              		.cfi_offset 4, -20
  38              		.cfi_offset 5, -16
  39              		.cfi_offset 6, -12
  40              		.cfi_offset 7, -8
  41              		.cfi_offset 14, -4
  42 0004 1D46     		mov	r5, r3
  43              		.loc 1 69 0
  44 0006 1E4C     		ldr	r4, .L11+4
ARM GAS  C:\Users\Nathan\AppData\Local\Temp\ccJJrtGs.s 			page 3


  70:Generated_Source\PSoC5/SPI_Altitude_INT.c ****         {
  71:Generated_Source\PSoC5/SPI_Altitude_INT.c ****             tmpStatus = SPI_Altitude_GET_STATUS_TX(SPI_Altitude_swStatusTx);
  45              		.loc 1 71 0
  46 0008 1E4E     		ldr	r6, .L11+8
  47 000a 1F49     		ldr	r1, .L11+12
  72:Generated_Source\PSoC5/SPI_Altitude_INT.c ****             SPI_Altitude_swStatusTx = tmpStatus;
  73:Generated_Source\PSoC5/SPI_Altitude_INT.c **** 
  74:Generated_Source\PSoC5/SPI_Altitude_INT.c ****             if(0u != (SPI_Altitude_swStatusTx & SPI_Altitude_STS_TX_FIFO_NOT_FULL))
  75:Generated_Source\PSoC5/SPI_Altitude_INT.c ****             {
  76:Generated_Source\PSoC5/SPI_Altitude_INT.c ****                 if(0u == SPI_Altitude_txBufferFull)
  48              		.loc 1 76 0
  49 000c 1F48     		ldr	r0, .L11+16
  77:Generated_Source\PSoC5/SPI_Altitude_INT.c ****                 {
  78:Generated_Source\PSoC5/SPI_Altitude_INT.c ****                    SPI_Altitude_txBufferRead++;
  79:Generated_Source\PSoC5/SPI_Altitude_INT.c **** 
  80:Generated_Source\PSoC5/SPI_Altitude_INT.c ****                     if(SPI_Altitude_txBufferRead >= SPI_Altitude_TX_BUFFER_SIZE)
  81:Generated_Source\PSoC5/SPI_Altitude_INT.c ****                     {
  82:Generated_Source\PSoC5/SPI_Altitude_INT.c ****                         SPI_Altitude_txBufferRead = 0u;
  83:Generated_Source\PSoC5/SPI_Altitude_INT.c ****                     }
  84:Generated_Source\PSoC5/SPI_Altitude_INT.c ****                 }
  85:Generated_Source\PSoC5/SPI_Altitude_INT.c ****                 else
  86:Generated_Source\PSoC5/SPI_Altitude_INT.c ****                 {
  87:Generated_Source\PSoC5/SPI_Altitude_INT.c ****                     SPI_Altitude_txBufferFull = 0u;
  88:Generated_Source\PSoC5/SPI_Altitude_INT.c ****                 }
  89:Generated_Source\PSoC5/SPI_Altitude_INT.c **** 
  90:Generated_Source\PSoC5/SPI_Altitude_INT.c ****                 /* Put data element into the TX FIFO */
  91:Generated_Source\PSoC5/SPI_Altitude_INT.c ****                 CY_SET_REG8(SPI_Altitude_TXDATA_PTR, 
  50              		.loc 1 91 0
  51 000e 204F     		ldr	r7, .L11+20
  52 0010 DFF884E0 		ldr	lr, .L11+28
  53              	.L2:
  69:Generated_Source\PSoC5/SPI_Altitude_INT.c ****         {
  54              		.loc 1 69 0
  55 0014 93F800C0 		ldrb	ip, [r3]	@ zero_extendqisi2
  56 0018 2278     		ldrb	r2, [r4]	@ zero_extendqisi2
  57 001a 9445     		cmp	ip, r2
  58 001c 0AD0     		beq	.L9
  71:Generated_Source\PSoC5/SPI_Altitude_INT.c ****             SPI_Altitude_swStatusTx = tmpStatus;
  59              		.loc 1 71 0
  60 001e 96F800C0 		ldrb	ip, [r6]	@ zero_extendqisi2
  61 0022 0A78     		ldrb	r2, [r1]	@ zero_extendqisi2
  62 0024 02F00902 		and	r2, r2, #9
  63 0028 4CEA0202 		orr	r2, ip, r2
  64              	.LVL0:
  72:Generated_Source\PSoC5/SPI_Altitude_INT.c **** 
  65              		.loc 1 72 0
  66 002c 0A70     		strb	r2, [r1]
  74:Generated_Source\PSoC5/SPI_Altitude_INT.c ****             {
  67              		.loc 1 74 0
  68 002e 0A78     		ldrb	r2, [r1]	@ zero_extendqisi2
  69              	.LVL1:
  70 0030 5207     		lsls	r2, r2, #29
  71 0032 0BD4     		bmi	.L3
  72              	.LVL2:
  73              	.L9:
  92:Generated_Source\PSoC5/SPI_Altitude_INT.c ****                                              SPI_Altitude_txBuffer[SPI_Altitude_txBufferRead]);
  93:Generated_Source\PSoC5/SPI_Altitude_INT.c ****             }
ARM GAS  C:\Users\Nathan\AppData\Local\Temp\ccJJrtGs.s 			page 4


  94:Generated_Source\PSoC5/SPI_Altitude_INT.c ****             else
  95:Generated_Source\PSoC5/SPI_Altitude_INT.c ****             {
  96:Generated_Source\PSoC5/SPI_Altitude_INT.c ****                 break;
  97:Generated_Source\PSoC5/SPI_Altitude_INT.c ****             }
  98:Generated_Source\PSoC5/SPI_Altitude_INT.c ****         }
  99:Generated_Source\PSoC5/SPI_Altitude_INT.c **** 
 100:Generated_Source\PSoC5/SPI_Altitude_INT.c ****         if(SPI_Altitude_txBufferRead == SPI_Altitude_txBufferWrite)
  74              		.loc 1 100 0
  75 0034 114B     		ldr	r3, .L11
  76 0036 1A78     		ldrb	r2, [r3]	@ zero_extendqisi2
  77 0038 114B     		ldr	r3, .L11+4
  78 003a 1B78     		ldrb	r3, [r3]	@ zero_extendqisi2
  79 003c 9A42     		cmp	r2, r3
  80 003e 1CD1     		bne	.L1
 101:Generated_Source\PSoC5/SPI_Altitude_INT.c ****         {
 102:Generated_Source\PSoC5/SPI_Altitude_INT.c ****             /* TX Buffer is EMPTY: disable interrupt on TX NOT FULL */
 103:Generated_Source\PSoC5/SPI_Altitude_INT.c ****             SPI_Altitude_TX_STATUS_MASK_REG &= ((uint8) ~SPI_Altitude_STS_TX_FIFO_NOT_FULL);
  81              		.loc 1 103 0
  82 0040 144A     		ldr	r2, .L11+24
  83 0042 1378     		ldrb	r3, [r2]	@ zero_extendqisi2
  84 0044 03F0FB03 		and	r3, r3, #251
  85 0048 1370     		strb	r3, [r2]
 104:Generated_Source\PSoC5/SPI_Altitude_INT.c ****         }
 105:Generated_Source\PSoC5/SPI_Altitude_INT.c **** 
 106:Generated_Source\PSoC5/SPI_Altitude_INT.c ****     #endif /* (SPI_Altitude_TX_SOFTWARE_BUF_ENABLED) */
 107:Generated_Source\PSoC5/SPI_Altitude_INT.c **** 
 108:Generated_Source\PSoC5/SPI_Altitude_INT.c ****     /* User code required at end of ISR (Optional) */
 109:Generated_Source\PSoC5/SPI_Altitude_INT.c ****     /* `#START SPI_Altitude_TX_ISR_END` */
 110:Generated_Source\PSoC5/SPI_Altitude_INT.c **** 
 111:Generated_Source\PSoC5/SPI_Altitude_INT.c ****     /* `#END` */
 112:Generated_Source\PSoC5/SPI_Altitude_INT.c ****     
 113:Generated_Source\PSoC5/SPI_Altitude_INT.c ****     #ifdef SPI_Altitude_TX_ISR_EXIT_CALLBACK
 114:Generated_Source\PSoC5/SPI_Altitude_INT.c ****         SPI_Altitude_TX_ISR_ExitCallback();
 115:Generated_Source\PSoC5/SPI_Altitude_INT.c ****     #endif /* SPI_Altitude_TX_ISR_EXIT_CALLBACK */
 116:Generated_Source\PSoC5/SPI_Altitude_INT.c **** }
  86              		.loc 1 116 0
  87 004a 16E0     		b	.L1
  88              	.LVL3:
  89              	.L3:
  76:Generated_Source\PSoC5/SPI_Altitude_INT.c ****                 {
  90              		.loc 1 76 0
  91 004c 0278     		ldrb	r2, [r0]	@ zero_extendqisi2
  92 004e 02F0FF0C 		and	ip, r2, #255
  93 0052 4AB9     		cbnz	r2, .L6
  78:Generated_Source\PSoC5/SPI_Altitude_INT.c **** 
  94              		.loc 1 78 0
  95 0054 1A78     		ldrb	r2, [r3]	@ zero_extendqisi2
  96 0056 0132     		adds	r2, r2, #1
  97 0058 D2B2     		uxtb	r2, r2
  98 005a 1A70     		strb	r2, [r3]
  99              	.LVL4:
  80:Generated_Source\PSoC5/SPI_Altitude_INT.c ****                     {
 100              		.loc 1 80 0
 101 005c 1A78     		ldrb	r2, [r3]	@ zero_extendqisi2
 102 005e 072A     		cmp	r2, #7
 103 0060 04D9     		bls	.L7
  82:Generated_Source\PSoC5/SPI_Altitude_INT.c ****                     }
ARM GAS  C:\Users\Nathan\AppData\Local\Temp\ccJJrtGs.s 			page 5


 104              		.loc 1 82 0
 105 0062 83F800C0 		strb	ip, [r3]
 106 0066 01E0     		b	.L7
 107              	.LVL5:
 108              	.L6:
  87:Generated_Source\PSoC5/SPI_Altitude_INT.c ****                 }
 109              		.loc 1 87 0
 110 0068 0022     		movs	r2, #0
 111 006a 0270     		strb	r2, [r0]
 112              	.LVL6:
 113              	.L7:
  91:Generated_Source\PSoC5/SPI_Altitude_INT.c ****                                              SPI_Altitude_txBuffer[SPI_Altitude_txBufferRead]);
 114              		.loc 1 91 0
 115 006c 2A78     		ldrb	r2, [r5]	@ zero_extendqisi2
 116 006e D2B2     		uxtb	r2, r2
 117 0070 BA5C     		ldrb	r2, [r7, r2]	@ zero_extendqisi2
 118 0072 D2B2     		uxtb	r2, r2
 119 0074 8EF80020 		strb	r2, [lr]
 120 0078 CCE7     		b	.L2
 121              	.L1:
 122 007a F0BD     		pop	{r4, r5, r6, r7, pc}
 123              	.L12:
 124              		.align	2
 125              	.L11:
 126 007c 00000000 		.word	SPI_Altitude_txBufferRead
 127 0080 00000000 		.word	SPI_Altitude_txBufferWrite
 128 0084 6B650040 		.word	1073767787
 129 0088 00000000 		.word	SPI_Altitude_swStatusTx
 130 008c 00000000 		.word	SPI_Altitude_txBufferFull
 131 0090 00000000 		.word	SPI_Altitude_txBuffer
 132 0094 8B650040 		.word	1073767819
 133 0098 4B640040 		.word	1073767499
 134              		.cfi_endproc
 135              	.LFE0:
 136              		.size	SPI_Altitude_TX_ISR, .-SPI_Altitude_TX_ISR
 137              		.section	.text.SPI_Altitude_RX_ISR,"ax",%progbits
 138              		.align	1
 139              		.global	SPI_Altitude_RX_ISR
 140              		.thumb
 141              		.thumb_func
 142              		.type	SPI_Altitude_RX_ISR, %function
 143              	SPI_Altitude_RX_ISR:
 144              	.LFB1:
 117:Generated_Source\PSoC5/SPI_Altitude_INT.c **** 
 118:Generated_Source\PSoC5/SPI_Altitude_INT.c **** 
 119:Generated_Source\PSoC5/SPI_Altitude_INT.c **** /*******************************************************************************
 120:Generated_Source\PSoC5/SPI_Altitude_INT.c **** * Function Name: SPI_Altitude_RX_ISR
 121:Generated_Source\PSoC5/SPI_Altitude_INT.c **** ********************************************************************************
 122:Generated_Source\PSoC5/SPI_Altitude_INT.c **** *
 123:Generated_Source\PSoC5/SPI_Altitude_INT.c **** * Summary:
 124:Generated_Source\PSoC5/SPI_Altitude_INT.c **** *  Interrupt Service Routine for RX portion of the SPI Master.
 125:Generated_Source\PSoC5/SPI_Altitude_INT.c **** *
 126:Generated_Source\PSoC5/SPI_Altitude_INT.c **** * Parameters:
 127:Generated_Source\PSoC5/SPI_Altitude_INT.c **** *  None.
 128:Generated_Source\PSoC5/SPI_Altitude_INT.c **** *
 129:Generated_Source\PSoC5/SPI_Altitude_INT.c **** * Return:
 130:Generated_Source\PSoC5/SPI_Altitude_INT.c **** *  None.
ARM GAS  C:\Users\Nathan\AppData\Local\Temp\ccJJrtGs.s 			page 6


 131:Generated_Source\PSoC5/SPI_Altitude_INT.c **** *
 132:Generated_Source\PSoC5/SPI_Altitude_INT.c **** * Global variables:
 133:Generated_Source\PSoC5/SPI_Altitude_INT.c **** *  SPI_Altitude_rxBufferWrite - used for the account of the bytes which
 134:Generated_Source\PSoC5/SPI_Altitude_INT.c **** *  have been written down in the RX software buffer modified when FIFO contains
 135:Generated_Source\PSoC5/SPI_Altitude_INT.c **** *  new data.
 136:Generated_Source\PSoC5/SPI_Altitude_INT.c **** *  SPI_Altitude_rxBufferRead - used for the account of the bytes which
 137:Generated_Source\PSoC5/SPI_Altitude_INT.c **** *  have been read from the RX software buffer, modified when overflow occurred.
 138:Generated_Source\PSoC5/SPI_Altitude_INT.c **** *  SPI_Altitude_rxBuffer[SPI_Altitude_RX_BUFFER_SIZE] - used to store
 139:Generated_Source\PSoC5/SPI_Altitude_INT.c **** *  received data, modified when FIFO contains new data.
 140:Generated_Source\PSoC5/SPI_Altitude_INT.c **** *  All described above Global variables are used when Software Buffer is used.
 141:Generated_Source\PSoC5/SPI_Altitude_INT.c **** *
 142:Generated_Source\PSoC5/SPI_Altitude_INT.c **** *******************************************************************************/
 143:Generated_Source\PSoC5/SPI_Altitude_INT.c **** CY_ISR(SPI_Altitude_RX_ISR)
 144:Generated_Source\PSoC5/SPI_Altitude_INT.c **** {
 145              		.loc 1 144 0
 146              		.cfi_startproc
 147              		@ args = 0, pretend = 0, frame = 0
 148              		@ frame_needed = 0, uses_anonymous_args = 0
 149 0000 2DE9F047 		push	{r4, r5, r6, r7, r8, r9, r10, lr}
 150              		.cfi_def_cfa_offset 32
 151              		.cfi_offset 4, -32
 152              		.cfi_offset 5, -28
 153              		.cfi_offset 6, -24
 154              		.cfi_offset 7, -20
 155              		.cfi_offset 8, -16
 156              		.cfi_offset 9, -12
 157              		.cfi_offset 10, -8
 158              		.cfi_offset 14, -4
 145:Generated_Source\PSoC5/SPI_Altitude_INT.c ****     #if(SPI_Altitude_RX_SOFTWARE_BUF_ENABLED)
 146:Generated_Source\PSoC5/SPI_Altitude_INT.c ****         uint8 tmpStatus;
 147:Generated_Source\PSoC5/SPI_Altitude_INT.c ****         uint8 rxData;
 148:Generated_Source\PSoC5/SPI_Altitude_INT.c ****     #endif /* (SPI_Altitude_RX_SOFTWARE_BUF_ENABLED) */
 149:Generated_Source\PSoC5/SPI_Altitude_INT.c **** 
 150:Generated_Source\PSoC5/SPI_Altitude_INT.c ****     #ifdef SPI_Altitude_RX_ISR_ENTRY_CALLBACK
 151:Generated_Source\PSoC5/SPI_Altitude_INT.c ****         SPI_Altitude_RX_ISR_EntryCallback();
 152:Generated_Source\PSoC5/SPI_Altitude_INT.c ****     #endif /* SPI_Altitude_RX_ISR_ENTRY_CALLBACK */
 153:Generated_Source\PSoC5/SPI_Altitude_INT.c **** 
 154:Generated_Source\PSoC5/SPI_Altitude_INT.c ****     /* User code required at start of ISR */
 155:Generated_Source\PSoC5/SPI_Altitude_INT.c ****     /* `#START SPI_Altitude_RX_ISR_START` */
 156:Generated_Source\PSoC5/SPI_Altitude_INT.c **** 
 157:Generated_Source\PSoC5/SPI_Altitude_INT.c ****     /* `#END` */
 158:Generated_Source\PSoC5/SPI_Altitude_INT.c ****     
 159:Generated_Source\PSoC5/SPI_Altitude_INT.c ****     #if(SPI_Altitude_RX_SOFTWARE_BUF_ENABLED)
 160:Generated_Source\PSoC5/SPI_Altitude_INT.c **** 
 161:Generated_Source\PSoC5/SPI_Altitude_INT.c ****         tmpStatus = SPI_Altitude_GET_STATUS_RX(SPI_Altitude_swStatusRx);
 159              		.loc 1 161 0
 160 0004 1F4B     		ldr	r3, .L20
 161 0006 204C     		ldr	r4, .L20+4
 162:Generated_Source\PSoC5/SPI_Altitude_INT.c ****         SPI_Altitude_swStatusRx = tmpStatus;
 163:Generated_Source\PSoC5/SPI_Altitude_INT.c **** 
 164:Generated_Source\PSoC5/SPI_Altitude_INT.c ****         /* Check if RX data FIFO has some data to be moved into the RX Buffer */
 165:Generated_Source\PSoC5/SPI_Altitude_INT.c ****         while(0u != (SPI_Altitude_swStatusRx & SPI_Altitude_STS_RX_FIFO_NOT_EMPTY))
 166:Generated_Source\PSoC5/SPI_Altitude_INT.c ****         {
 167:Generated_Source\PSoC5/SPI_Altitude_INT.c ****             rxData = CY_GET_REG8(SPI_Altitude_RXDATA_PTR);
 162              		.loc 1 167 0
 163 0008 204F     		ldr	r7, .L20+8
 161:Generated_Source\PSoC5/SPI_Altitude_INT.c ****         SPI_Altitude_swStatusRx = tmpStatus;
ARM GAS  C:\Users\Nathan\AppData\Local\Temp\ccJJrtGs.s 			page 7


 164              		.loc 1 161 0
 165 000a 2178     		ldrb	r1, [r4]	@ zero_extendqisi2
 166 000c 1A78     		ldrb	r2, [r3]	@ zero_extendqisi2
 168:Generated_Source\PSoC5/SPI_Altitude_INT.c **** 
 169:Generated_Source\PSoC5/SPI_Altitude_INT.c ****             /* Set next pointer. */
 170:Generated_Source\PSoC5/SPI_Altitude_INT.c ****             SPI_Altitude_rxBufferWrite++;
 171:Generated_Source\PSoC5/SPI_Altitude_INT.c ****             if(SPI_Altitude_rxBufferWrite >= SPI_Altitude_RX_BUFFER_SIZE)
 172:Generated_Source\PSoC5/SPI_Altitude_INT.c ****             {
 173:Generated_Source\PSoC5/SPI_Altitude_INT.c ****                 SPI_Altitude_rxBufferWrite = 0u;
 174:Generated_Source\PSoC5/SPI_Altitude_INT.c ****             }
 175:Generated_Source\PSoC5/SPI_Altitude_INT.c **** 
 176:Generated_Source\PSoC5/SPI_Altitude_INT.c ****             if(SPI_Altitude_rxBufferWrite == SPI_Altitude_rxBufferRead)
 177:Generated_Source\PSoC5/SPI_Altitude_INT.c ****             {
 178:Generated_Source\PSoC5/SPI_Altitude_INT.c ****                 SPI_Altitude_rxBufferRead++;
 179:Generated_Source\PSoC5/SPI_Altitude_INT.c ****                 if(SPI_Altitude_rxBufferRead >= SPI_Altitude_RX_BUFFER_SIZE)
 180:Generated_Source\PSoC5/SPI_Altitude_INT.c ****                 {
 181:Generated_Source\PSoC5/SPI_Altitude_INT.c ****                     SPI_Altitude_rxBufferRead = 0u;
 182:Generated_Source\PSoC5/SPI_Altitude_INT.c ****                 }
 183:Generated_Source\PSoC5/SPI_Altitude_INT.c **** 
 184:Generated_Source\PSoC5/SPI_Altitude_INT.c ****                 SPI_Altitude_rxBufferFull = 1u;
 167              		.loc 1 184 0
 168 000e DFF888E0 		ldr	lr, .L20+20
 161:Generated_Source\PSoC5/SPI_Altitude_INT.c ****         SPI_Altitude_swStatusRx = tmpStatus;
 169              		.loc 1 161 0
 170 0012 02F04002 		and	r2, r2, #64
 171 0016 0A43     		orrs	r2, r2, r1
 172              	.LVL7:
 162:Generated_Source\PSoC5/SPI_Altitude_INT.c **** 
 173              		.loc 1 162 0
 174 0018 1A70     		strb	r2, [r3]
 170:Generated_Source\PSoC5/SPI_Altitude_INT.c ****             if(SPI_Altitude_rxBufferWrite >= SPI_Altitude_RX_BUFFER_SIZE)
 175              		.loc 1 170 0
 176 001a 1D4A     		ldr	r2, .L20+12
 177              	.LVL8:
 176:Generated_Source\PSoC5/SPI_Altitude_INT.c ****             {
 178              		.loc 1 176 0
 179 001c 1D49     		ldr	r1, .L20+16
 180 001e 1546     		mov	r5, r2
 185:Generated_Source\PSoC5/SPI_Altitude_INT.c ****             }
 186:Generated_Source\PSoC5/SPI_Altitude_INT.c **** 
 187:Generated_Source\PSoC5/SPI_Altitude_INT.c ****             /* Move data from the FIFO to the Buffer */
 188:Generated_Source\PSoC5/SPI_Altitude_INT.c ****             SPI_Altitude_rxBuffer[SPI_Altitude_rxBufferWrite] = rxData;
 181              		.loc 1 188 0
 182 0020 DFF87880 		ldr	r8, .L20+24
 173:Generated_Source\PSoC5/SPI_Altitude_INT.c ****             }
 183              		.loc 1 173 0
 184 0024 0026     		movs	r6, #0
 184:Generated_Source\PSoC5/SPI_Altitude_INT.c ****             }
 185              		.loc 1 184 0
 186 0026 4FF0010C 		mov	ip, #1
 187              	.LVL9:
 188              	.L14:
 165:Generated_Source\PSoC5/SPI_Altitude_INT.c ****         {
 189              		.loc 1 165 0
 190 002a 1878     		ldrb	r0, [r3]	@ zero_extendqisi2
 191 002c 8006     		lsls	r0, r0, #26
 192 002e 27D5     		bpl	.L19
ARM GAS  C:\Users\Nathan\AppData\Local\Temp\ccJJrtGs.s 			page 8


 167:Generated_Source\PSoC5/SPI_Altitude_INT.c **** 
 193              		.loc 1 167 0
 194 0030 97F80090 		ldrb	r9, [r7]	@ zero_extendqisi2
 170:Generated_Source\PSoC5/SPI_Altitude_INT.c ****             if(SPI_Altitude_rxBufferWrite >= SPI_Altitude_RX_BUFFER_SIZE)
 195              		.loc 1 170 0
 196 0034 1078     		ldrb	r0, [r2]	@ zero_extendqisi2
 167:Generated_Source\PSoC5/SPI_Altitude_INT.c **** 
 197              		.loc 1 167 0
 198 0036 5FFA89F9 		uxtb	r9, r9
 199              	.LVL10:
 170:Generated_Source\PSoC5/SPI_Altitude_INT.c ****             if(SPI_Altitude_rxBufferWrite >= SPI_Altitude_RX_BUFFER_SIZE)
 200              		.loc 1 170 0
 201 003a 0130     		adds	r0, r0, #1
 202 003c C0B2     		uxtb	r0, r0
 203 003e 1070     		strb	r0, [r2]
 171:Generated_Source\PSoC5/SPI_Altitude_INT.c ****             {
 204              		.loc 1 171 0
 205 0040 1078     		ldrb	r0, [r2]	@ zero_extendqisi2
 206 0042 0728     		cmp	r0, #7
 173:Generated_Source\PSoC5/SPI_Altitude_INT.c ****             }
 207              		.loc 1 173 0
 208 0044 88BF     		it	hi
 209 0046 1670     		strbhi	r6, [r2]
 176:Generated_Source\PSoC5/SPI_Altitude_INT.c ****             {
 210              		.loc 1 176 0
 211 0048 95F800A0 		ldrb	r10, [r5]	@ zero_extendqisi2
 212 004c 0878     		ldrb	r0, [r1]	@ zero_extendqisi2
 213 004e 8245     		cmp	r10, r0
 214 0050 09D1     		bne	.L16
 178:Generated_Source\PSoC5/SPI_Altitude_INT.c ****                 if(SPI_Altitude_rxBufferRead >= SPI_Altitude_RX_BUFFER_SIZE)
 215              		.loc 1 178 0
 216 0052 0878     		ldrb	r0, [r1]	@ zero_extendqisi2
 217 0054 0130     		adds	r0, r0, #1
 218 0056 C0B2     		uxtb	r0, r0
 219 0058 0870     		strb	r0, [r1]
 179:Generated_Source\PSoC5/SPI_Altitude_INT.c ****                 {
 220              		.loc 1 179 0
 221 005a 0878     		ldrb	r0, [r1]	@ zero_extendqisi2
 222 005c 0728     		cmp	r0, #7
 181:Generated_Source\PSoC5/SPI_Altitude_INT.c ****                 }
 223              		.loc 1 181 0
 224 005e 88BF     		it	hi
 225 0060 0E70     		strbhi	r6, [r1]
 184:Generated_Source\PSoC5/SPI_Altitude_INT.c ****             }
 226              		.loc 1 184 0
 227 0062 8EF800C0 		strb	ip, [lr]
 228              	.L16:
 229              		.loc 1 188 0
 230 0066 2878     		ldrb	r0, [r5]	@ zero_extendqisi2
 231 0068 C0B2     		uxtb	r0, r0
 232 006a 08F80090 		strb	r9, [r8, r0]
 189:Generated_Source\PSoC5/SPI_Altitude_INT.c **** 
 190:Generated_Source\PSoC5/SPI_Altitude_INT.c ****             tmpStatus = SPI_Altitude_GET_STATUS_RX(SPI_Altitude_swStatusRx);
 233              		.loc 1 190 0
 234 006e 94F80090 		ldrb	r9, [r4]	@ zero_extendqisi2
 235              	.LVL11:
 236 0072 1878     		ldrb	r0, [r3]	@ zero_extendqisi2
ARM GAS  C:\Users\Nathan\AppData\Local\Temp\ccJJrtGs.s 			page 9


 237              	.LVL12:
 238 0074 00F04000 		and	r0, r0, #64
 239 0078 49EA0000 		orr	r0, r9, r0
 240              	.LVL13:
 191:Generated_Source\PSoC5/SPI_Altitude_INT.c ****             SPI_Altitude_swStatusRx = tmpStatus;
 241              		.loc 1 191 0
 242 007c 1870     		strb	r0, [r3]
 243 007e D4E7     		b	.L14
 244              	.LVL14:
 245              	.L19:
 192:Generated_Source\PSoC5/SPI_Altitude_INT.c ****         }
 193:Generated_Source\PSoC5/SPI_Altitude_INT.c **** 
 194:Generated_Source\PSoC5/SPI_Altitude_INT.c ****     #endif /* (SPI_Altitude_RX_SOFTWARE_BUF_ENABLED) */
 195:Generated_Source\PSoC5/SPI_Altitude_INT.c **** 
 196:Generated_Source\PSoC5/SPI_Altitude_INT.c ****     /* User code required at end of ISR (Optional) */
 197:Generated_Source\PSoC5/SPI_Altitude_INT.c ****     /* `#START SPI_Altitude_RX_ISR_END` */
 198:Generated_Source\PSoC5/SPI_Altitude_INT.c **** 
 199:Generated_Source\PSoC5/SPI_Altitude_INT.c ****     /* `#END` */
 200:Generated_Source\PSoC5/SPI_Altitude_INT.c ****     
 201:Generated_Source\PSoC5/SPI_Altitude_INT.c ****     #ifdef SPI_Altitude_RX_ISR_EXIT_CALLBACK
 202:Generated_Source\PSoC5/SPI_Altitude_INT.c ****         SPI_Altitude_RX_ISR_ExitCallback();
 203:Generated_Source\PSoC5/SPI_Altitude_INT.c ****     #endif /* SPI_Altitude_RX_ISR_EXIT_CALLBACK */
 204:Generated_Source\PSoC5/SPI_Altitude_INT.c **** }
 246              		.loc 1 204 0
 247 0080 BDE8F087 		pop	{r4, r5, r6, r7, r8, r9, r10, pc}
 248              	.L21:
 249              		.align	2
 250              	.L20:
 251 0084 00000000 		.word	SPI_Altitude_swStatusRx
 252 0088 64640040 		.word	1073767524
 253 008c 5B640040 		.word	1073767515
 254 0090 00000000 		.word	SPI_Altitude_rxBufferWrite
 255 0094 00000000 		.word	SPI_Altitude_rxBufferRead
 256 0098 00000000 		.word	SPI_Altitude_rxBufferFull
 257 009c 00000000 		.word	SPI_Altitude_rxBuffer
 258              		.cfi_endproc
 259              	.LFE1:
 260              		.size	SPI_Altitude_RX_ISR, .-SPI_Altitude_RX_ISR
 261              		.text
 262              	.Letext0:
 263              		.file 2 "Generated_Source\\PSoC5\\cytypes.h"
 264              		.file 3 "Generated_Source\\PSoC5\\SPI_Altitude_PVT.h"
 265              		.section	.debug_info,"",%progbits
 266              	.Ldebug_info0:
 267 0000 89010000 		.4byte	0x189
 268 0004 0400     		.2byte	0x4
 269 0006 00000000 		.4byte	.Ldebug_abbrev0
 270 000a 04       		.byte	0x4
 271 000b 01       		.uleb128 0x1
 272 000c CD000000 		.4byte	.LASF30
 273 0010 0C       		.byte	0xc
 274 0011 58000000 		.4byte	.LASF31
 275 0015 61010000 		.4byte	.LASF32
 276 0019 00000000 		.4byte	.Ldebug_ranges0+0
 277 001d 00000000 		.4byte	0
 278 0021 00000000 		.4byte	.Ldebug_line0
 279 0025 02       		.uleb128 0x2
ARM GAS  C:\Users\Nathan\AppData\Local\Temp\ccJJrtGs.s 			page 10


 280 0026 01       		.byte	0x1
 281 0027 06       		.byte	0x6
 282 0028 D6020000 		.4byte	.LASF0
 283 002c 02       		.uleb128 0x2
 284 002d 01       		.byte	0x1
 285 002e 08       		.byte	0x8
 286 002f A2000000 		.4byte	.LASF1
 287 0033 02       		.uleb128 0x2
 288 0034 02       		.byte	0x2
 289 0035 05       		.byte	0x5
 290 0036 93020000 		.4byte	.LASF2
 291 003a 02       		.uleb128 0x2
 292 003b 02       		.byte	0x2
 293 003c 07       		.byte	0x7
 294 003d 45000000 		.4byte	.LASF3
 295 0041 02       		.uleb128 0x2
 296 0042 04       		.byte	0x4
 297 0043 05       		.byte	0x5
 298 0044 B7020000 		.4byte	.LASF4
 299 0048 02       		.uleb128 0x2
 300 0049 04       		.byte	0x4
 301 004a 07       		.byte	0x7
 302 004b E2010000 		.4byte	.LASF5
 303 004f 02       		.uleb128 0x2
 304 0050 08       		.byte	0x8
 305 0051 05       		.byte	0x5
 306 0052 6C020000 		.4byte	.LASF6
 307 0056 02       		.uleb128 0x2
 308 0057 08       		.byte	0x8
 309 0058 07       		.byte	0x7
 310 0059 31020000 		.4byte	.LASF7
 311 005d 03       		.uleb128 0x3
 312 005e 04       		.byte	0x4
 313 005f 05       		.byte	0x5
 314 0060 696E7400 		.ascii	"int\000"
 315 0064 02       		.uleb128 0x2
 316 0065 04       		.byte	0x4
 317 0066 07       		.byte	0x7
 318 0067 24020000 		.4byte	.LASF8
 319 006b 04       		.uleb128 0x4
 320 006c 5B010000 		.4byte	.LASF12
 321 0070 02       		.byte	0x2
 322 0071 9201     		.2byte	0x192
 323 0073 2C000000 		.4byte	0x2c
 324 0077 02       		.uleb128 0x2
 325 0078 04       		.byte	0x4
 326 0079 04       		.byte	0x4
 327 007a 9C000000 		.4byte	.LASF9
 328 007e 02       		.uleb128 0x2
 329 007f 08       		.byte	0x8
 330 0080 04       		.byte	0x4
 331 0081 E2020000 		.4byte	.LASF10
 332 0085 02       		.uleb128 0x2
 333 0086 01       		.byte	0x1
 334 0087 08       		.byte	0x8
 335 0088 7A020000 		.4byte	.LASF11
 336 008c 04       		.uleb128 0x4
ARM GAS  C:\Users\Nathan\AppData\Local\Temp\ccJJrtGs.s 			page 11


 337 008d B0000000 		.4byte	.LASF13
 338 0091 02       		.byte	0x2
 339 0092 3C02     		.2byte	0x23c
 340 0094 98000000 		.4byte	0x98
 341 0098 05       		.uleb128 0x5
 342 0099 6B000000 		.4byte	0x6b
 343 009d 02       		.uleb128 0x2
 344 009e 08       		.byte	0x8
 345 009f 04       		.byte	0x4
 346 00a0 CA020000 		.4byte	.LASF14
 347 00a4 02       		.uleb128 0x2
 348 00a5 04       		.byte	0x4
 349 00a6 07       		.byte	0x7
 350 00a7 48020000 		.4byte	.LASF15
 351 00ab 06       		.uleb128 0x6
 352 00ac 7F020000 		.4byte	.LASF16
 353 00b0 01       		.byte	0x1
 354 00b1 34       		.byte	0x34
 355 00b2 00000000 		.4byte	.LFB0
 356 00b6 9C000000 		.4byte	.LFE0-.LFB0
 357 00ba 01       		.uleb128 0x1
 358 00bb 9C       		.byte	0x9c
 359 00bc D0000000 		.4byte	0xd0
 360 00c0 07       		.uleb128 0x7
 361 00c1 C0020000 		.4byte	.LASF18
 362 00c5 01       		.byte	0x1
 363 00c6 37       		.byte	0x37
 364 00c7 6B000000 		.4byte	0x6b
 365 00cb 00000000 		.4byte	.LLST0
 366 00cf 00       		.byte	0
 367 00d0 06       		.uleb128 0x6
 368 00d1 1B000000 		.4byte	.LASF17
 369 00d5 01       		.byte	0x1
 370 00d6 8F       		.byte	0x8f
 371 00d7 00000000 		.4byte	.LFB1
 372 00db A0000000 		.4byte	.LFE1-.LFB1
 373 00df 01       		.uleb128 0x1
 374 00e0 9C       		.byte	0x9c
 375 00e1 04010000 		.4byte	0x104
 376 00e5 07       		.uleb128 0x7
 377 00e6 C0020000 		.4byte	.LASF18
 378 00ea 01       		.byte	0x1
 379 00eb 92       		.byte	0x92
 380 00ec 6B000000 		.4byte	0x6b
 381 00f0 37000000 		.4byte	.LLST1
 382 00f4 07       		.uleb128 0x7
 383 00f5 DB010000 		.4byte	.LASF19
 384 00f9 01       		.byte	0x1
 385 00fa 93       		.byte	0x93
 386 00fb 6B000000 		.4byte	0x6b
 387 00ff 61000000 		.4byte	.LLST2
 388 0103 00       		.byte	0
 389 0104 08       		.uleb128 0x8
 390 0105 A9010000 		.4byte	.LASF20
 391 0109 03       		.byte	0x3
 392 010a 21       		.byte	0x21
 393 010b 98000000 		.4byte	0x98
ARM GAS  C:\Users\Nathan\AppData\Local\Temp\ccJJrtGs.s 			page 12


 394 010f 08       		.uleb128 0x8
 395 0110 B5000000 		.4byte	.LASF21
 396 0114 03       		.byte	0x3
 397 0115 22       		.byte	0x22
 398 0116 98000000 		.4byte	0x98
 399 011a 09       		.uleb128 0x9
 400 011b 98000000 		.4byte	0x98
 401 011f 2A010000 		.4byte	0x12a
 402 0123 0A       		.uleb128 0xa
 403 0124 A4000000 		.4byte	0xa4
 404 0128 07       		.byte	0x7
 405 0129 00       		.byte	0
 406 012a 08       		.uleb128 0x8
 407 012b 2F000000 		.4byte	.LASF22
 408 012f 03       		.byte	0x3
 409 0130 25       		.byte	0x25
 410 0131 35010000 		.4byte	0x135
 411 0135 05       		.uleb128 0x5
 412 0136 1A010000 		.4byte	0x11a
 413 013a 08       		.uleb128 0x8
 414 013b 9D020000 		.4byte	.LASF23
 415 013f 03       		.byte	0x3
 416 0140 26       		.byte	0x26
 417 0141 98000000 		.4byte	0x98
 418 0145 08       		.uleb128 0x8
 419 0146 00000000 		.4byte	.LASF24
 420 014a 03       		.byte	0x3
 421 014b 27       		.byte	0x27
 422 014c 98000000 		.4byte	0x98
 423 0150 08       		.uleb128 0x8
 424 0151 82000000 		.4byte	.LASF25
 425 0155 03       		.byte	0x3
 426 0156 28       		.byte	0x28
 427 0157 98000000 		.4byte	0x98
 428 015b 08       		.uleb128 0x8
 429 015c F4010000 		.4byte	.LASF26
 430 0160 03       		.byte	0x3
 431 0161 2C       		.byte	0x2c
 432 0162 66010000 		.4byte	0x166
 433 0166 05       		.uleb128 0x5
 434 0167 1A010000 		.4byte	0x11a
 435 016b 08       		.uleb128 0x8
 436 016c 0A020000 		.4byte	.LASF27
 437 0170 03       		.byte	0x3
 438 0171 2D       		.byte	0x2d
 439 0172 98000000 		.4byte	0x98
 440 0176 08       		.uleb128 0x8
 441 0177 51020000 		.4byte	.LASF28
 442 017b 03       		.byte	0x3
 443 017c 2E       		.byte	0x2e
 444 017d 98000000 		.4byte	0x98
 445 0181 08       		.uleb128 0x8
 446 0182 C1010000 		.4byte	.LASF29
 447 0186 03       		.byte	0x3
 448 0187 2F       		.byte	0x2f
 449 0188 98000000 		.4byte	0x98
 450 018c 00       		.byte	0
ARM GAS  C:\Users\Nathan\AppData\Local\Temp\ccJJrtGs.s 			page 13


 451              		.section	.debug_abbrev,"",%progbits
 452              	.Ldebug_abbrev0:
 453 0000 01       		.uleb128 0x1
 454 0001 11       		.uleb128 0x11
 455 0002 01       		.byte	0x1
 456 0003 25       		.uleb128 0x25
 457 0004 0E       		.uleb128 0xe
 458 0005 13       		.uleb128 0x13
 459 0006 0B       		.uleb128 0xb
 460 0007 03       		.uleb128 0x3
 461 0008 0E       		.uleb128 0xe
 462 0009 1B       		.uleb128 0x1b
 463 000a 0E       		.uleb128 0xe
 464 000b 55       		.uleb128 0x55
 465 000c 17       		.uleb128 0x17
 466 000d 11       		.uleb128 0x11
 467 000e 01       		.uleb128 0x1
 468 000f 10       		.uleb128 0x10
 469 0010 17       		.uleb128 0x17
 470 0011 00       		.byte	0
 471 0012 00       		.byte	0
 472 0013 02       		.uleb128 0x2
 473 0014 24       		.uleb128 0x24
 474 0015 00       		.byte	0
 475 0016 0B       		.uleb128 0xb
 476 0017 0B       		.uleb128 0xb
 477 0018 3E       		.uleb128 0x3e
 478 0019 0B       		.uleb128 0xb
 479 001a 03       		.uleb128 0x3
 480 001b 0E       		.uleb128 0xe
 481 001c 00       		.byte	0
 482 001d 00       		.byte	0
 483 001e 03       		.uleb128 0x3
 484 001f 24       		.uleb128 0x24
 485 0020 00       		.byte	0
 486 0021 0B       		.uleb128 0xb
 487 0022 0B       		.uleb128 0xb
 488 0023 3E       		.uleb128 0x3e
 489 0024 0B       		.uleb128 0xb
 490 0025 03       		.uleb128 0x3
 491 0026 08       		.uleb128 0x8
 492 0027 00       		.byte	0
 493 0028 00       		.byte	0
 494 0029 04       		.uleb128 0x4
 495 002a 16       		.uleb128 0x16
 496 002b 00       		.byte	0
 497 002c 03       		.uleb128 0x3
 498 002d 0E       		.uleb128 0xe
 499 002e 3A       		.uleb128 0x3a
 500 002f 0B       		.uleb128 0xb
 501 0030 3B       		.uleb128 0x3b
 502 0031 05       		.uleb128 0x5
 503 0032 49       		.uleb128 0x49
 504 0033 13       		.uleb128 0x13
 505 0034 00       		.byte	0
 506 0035 00       		.byte	0
 507 0036 05       		.uleb128 0x5
ARM GAS  C:\Users\Nathan\AppData\Local\Temp\ccJJrtGs.s 			page 14


 508 0037 35       		.uleb128 0x35
 509 0038 00       		.byte	0
 510 0039 49       		.uleb128 0x49
 511 003a 13       		.uleb128 0x13
 512 003b 00       		.byte	0
 513 003c 00       		.byte	0
 514 003d 06       		.uleb128 0x6
 515 003e 2E       		.uleb128 0x2e
 516 003f 01       		.byte	0x1
 517 0040 3F       		.uleb128 0x3f
 518 0041 19       		.uleb128 0x19
 519 0042 03       		.uleb128 0x3
 520 0043 0E       		.uleb128 0xe
 521 0044 3A       		.uleb128 0x3a
 522 0045 0B       		.uleb128 0xb
 523 0046 3B       		.uleb128 0x3b
 524 0047 0B       		.uleb128 0xb
 525 0048 27       		.uleb128 0x27
 526 0049 19       		.uleb128 0x19
 527 004a 11       		.uleb128 0x11
 528 004b 01       		.uleb128 0x1
 529 004c 12       		.uleb128 0x12
 530 004d 06       		.uleb128 0x6
 531 004e 40       		.uleb128 0x40
 532 004f 18       		.uleb128 0x18
 533 0050 9742     		.uleb128 0x2117
 534 0052 19       		.uleb128 0x19
 535 0053 01       		.uleb128 0x1
 536 0054 13       		.uleb128 0x13
 537 0055 00       		.byte	0
 538 0056 00       		.byte	0
 539 0057 07       		.uleb128 0x7
 540 0058 34       		.uleb128 0x34
 541 0059 00       		.byte	0
 542 005a 03       		.uleb128 0x3
 543 005b 0E       		.uleb128 0xe
 544 005c 3A       		.uleb128 0x3a
 545 005d 0B       		.uleb128 0xb
 546 005e 3B       		.uleb128 0x3b
 547 005f 0B       		.uleb128 0xb
 548 0060 49       		.uleb128 0x49
 549 0061 13       		.uleb128 0x13
 550 0062 02       		.uleb128 0x2
 551 0063 17       		.uleb128 0x17
 552 0064 00       		.byte	0
 553 0065 00       		.byte	0
 554 0066 08       		.uleb128 0x8
 555 0067 34       		.uleb128 0x34
 556 0068 00       		.byte	0
 557 0069 03       		.uleb128 0x3
 558 006a 0E       		.uleb128 0xe
 559 006b 3A       		.uleb128 0x3a
 560 006c 0B       		.uleb128 0xb
 561 006d 3B       		.uleb128 0x3b
 562 006e 0B       		.uleb128 0xb
 563 006f 49       		.uleb128 0x49
 564 0070 13       		.uleb128 0x13
ARM GAS  C:\Users\Nathan\AppData\Local\Temp\ccJJrtGs.s 			page 15


 565 0071 3F       		.uleb128 0x3f
 566 0072 19       		.uleb128 0x19
 567 0073 3C       		.uleb128 0x3c
 568 0074 19       		.uleb128 0x19
 569 0075 00       		.byte	0
 570 0076 00       		.byte	0
 571 0077 09       		.uleb128 0x9
 572 0078 01       		.uleb128 0x1
 573 0079 01       		.byte	0x1
 574 007a 49       		.uleb128 0x49
 575 007b 13       		.uleb128 0x13
 576 007c 01       		.uleb128 0x1
 577 007d 13       		.uleb128 0x13
 578 007e 00       		.byte	0
 579 007f 00       		.byte	0
 580 0080 0A       		.uleb128 0xa
 581 0081 21       		.uleb128 0x21
 582 0082 00       		.byte	0
 583 0083 49       		.uleb128 0x49
 584 0084 13       		.uleb128 0x13
 585 0085 2F       		.uleb128 0x2f
 586 0086 0B       		.uleb128 0xb
 587 0087 00       		.byte	0
 588 0088 00       		.byte	0
 589 0089 00       		.byte	0
 590              		.section	.debug_loc,"",%progbits
 591              	.Ldebug_loc0:
 592              	.LLST0:
 593 0000 2C000000 		.4byte	.LVL0
 594 0004 30000000 		.4byte	.LVL1
 595 0008 0100     		.2byte	0x1
 596 000a 52       		.byte	0x52
 597 000b 30000000 		.4byte	.LVL1
 598 000f 34000000 		.4byte	.LVL2
 599 0013 0200     		.2byte	0x2
 600 0015 71       		.byte	0x71
 601 0016 00       		.sleb128 0
 602 0017 4C000000 		.4byte	.LVL3
 603 001b 5C000000 		.4byte	.LVL4
 604 001f 0200     		.2byte	0x2
 605 0021 71       		.byte	0x71
 606 0022 00       		.sleb128 0
 607 0023 68000000 		.4byte	.LVL5
 608 0027 6C000000 		.4byte	.LVL6
 609 002b 0200     		.2byte	0x2
 610 002d 71       		.byte	0x71
 611 002e 00       		.sleb128 0
 612 002f 00000000 		.4byte	0
 613 0033 00000000 		.4byte	0
 614              	.LLST1:
 615 0037 18000000 		.4byte	.LVL7
 616 003b 1C000000 		.4byte	.LVL8
 617 003f 0100     		.2byte	0x1
 618 0041 52       		.byte	0x52
 619 0042 1C000000 		.4byte	.LVL8
 620 0046 2A000000 		.4byte	.LVL9
 621 004a 0200     		.2byte	0x2
ARM GAS  C:\Users\Nathan\AppData\Local\Temp\ccJJrtGs.s 			page 16


 622 004c 73       		.byte	0x73
 623 004d 00       		.sleb128 0
 624 004e 7C000000 		.4byte	.LVL13
 625 0052 80000000 		.4byte	.LVL14
 626 0056 0100     		.2byte	0x1
 627 0058 50       		.byte	0x50
 628 0059 00000000 		.4byte	0
 629 005d 00000000 		.4byte	0
 630              	.LLST2:
 631 0061 3A000000 		.4byte	.LVL10
 632 0065 72000000 		.4byte	.LVL11
 633 0069 0100     		.2byte	0x1
 634 006b 59       		.byte	0x59
 635 006c 72000000 		.4byte	.LVL11
 636 0070 74000000 		.4byte	.LVL12
 637 0074 0500     		.2byte	0x5
 638 0076 78       		.byte	0x78
 639 0077 00       		.sleb128 0
 640 0078 70       		.byte	0x70
 641 0079 00       		.sleb128 0
 642 007a 22       		.byte	0x22
 643 007b 00000000 		.4byte	0
 644 007f 00000000 		.4byte	0
 645              		.section	.debug_aranges,"",%progbits
 646 0000 24000000 		.4byte	0x24
 647 0004 0200     		.2byte	0x2
 648 0006 00000000 		.4byte	.Ldebug_info0
 649 000a 04       		.byte	0x4
 650 000b 00       		.byte	0
 651 000c 0000     		.2byte	0
 652 000e 0000     		.2byte	0
 653 0010 00000000 		.4byte	.LFB0
 654 0014 9C000000 		.4byte	.LFE0-.LFB0
 655 0018 00000000 		.4byte	.LFB1
 656 001c A0000000 		.4byte	.LFE1-.LFB1
 657 0020 00000000 		.4byte	0
 658 0024 00000000 		.4byte	0
 659              		.section	.debug_ranges,"",%progbits
 660              	.Ldebug_ranges0:
 661 0000 00000000 		.4byte	.LFB0
 662 0004 9C000000 		.4byte	.LFE0
 663 0008 00000000 		.4byte	.LFB1
 664 000c A0000000 		.4byte	.LFE1
 665 0010 00000000 		.4byte	0
 666 0014 00000000 		.4byte	0
 667              		.section	.debug_line,"",%progbits
 668              	.Ldebug_line0:
 669 0000 D8000000 		.section	.debug_str,"MS",%progbits,1
 669      02006300 
 669      00000201 
 669      FB0E0D00 
 669      01010101 
 670              	.LASF24:
 671 0000 5350495F 		.ascii	"SPI_Altitude_txBufferWrite\000"
 671      416C7469 
 671      74756465 
 671      5F747842 
ARM GAS  C:\Users\Nathan\AppData\Local\Temp\ccJJrtGs.s 			page 17


 671      75666665 
 672              	.LASF17:
 673 001b 5350495F 		.ascii	"SPI_Altitude_RX_ISR\000"
 673      416C7469 
 673      74756465 
 673      5F52585F 
 673      49535200 
 674              	.LASF22:
 675 002f 5350495F 		.ascii	"SPI_Altitude_txBuffer\000"
 675      416C7469 
 675      74756465 
 675      5F747842 
 675      75666665 
 676              	.LASF3:
 677 0045 73686F72 		.ascii	"short unsigned int\000"
 677      7420756E 
 677      7369676E 
 677      65642069 
 677      6E7400
 678              	.LASF31:
 679 0058 47656E65 		.ascii	"Generated_Source\\PSoC5\\SPI_Altitude_INT.c\000"
 679      72617465 
 679      645F536F 
 679      75726365 
 679      5C50536F 
 680              	.LASF25:
 681 0082 5350495F 		.ascii	"SPI_Altitude_txBufferFull\000"
 681      416C7469 
 681      74756465 
 681      5F747842 
 681      75666665 
 682              	.LASF9:
 683 009c 666C6F61 		.ascii	"float\000"
 683      7400
 684              	.LASF1:
 685 00a2 756E7369 		.ascii	"unsigned char\000"
 685      676E6564 
 685      20636861 
 685      7200
 686              	.LASF13:
 687 00b0 72656738 		.ascii	"reg8\000"
 687      00
 688              	.LASF21:
 689 00b5 5350495F 		.ascii	"SPI_Altitude_swStatusRx\000"
 689      416C7469 
 689      74756465 
 689      5F737753 
 689      74617475 
 690              	.LASF30:
 691 00cd 474E5520 		.ascii	"GNU C11 5.4.1 20160609 (release) [ARM/embedded-5-br"
 691      43313120 
 691      352E342E 
 691      31203230 
 691      31363036 
 692 0100 616E6368 		.ascii	"anch revision 237715] -mcpu=cortex-m3 -mthumb -g -O"
 692      20726576 
 692      6973696F 
ARM GAS  C:\Users\Nathan\AppData\Local\Temp\ccJJrtGs.s 			page 18


 692      6E203233 
 692      37373135 
 693 0133 73202D66 		.ascii	"s -ffunction-sections -ffat-lto-objects\000"
 693      66756E63 
 693      74696F6E 
 693      2D736563 
 693      74696F6E 
 694              	.LASF12:
 695 015b 75696E74 		.ascii	"uint8\000"
 695      3800
 696              	.LASF32:
 697 0161 433A5C55 		.ascii	"C:\\Users\\Nathan\\Documents\\MyBuilds\\Flight Cont"
 697      73657273 
 697      5C4E6174 
 697      68616E5C 
 697      446F6375 
 698 018f 726F6C6C 		.ascii	"roller\\ServoControl.cydsn\000"
 698      65725C53 
 698      6572766F 
 698      436F6E74 
 698      726F6C2E 
 699              	.LASF20:
 700 01a9 5350495F 		.ascii	"SPI_Altitude_swStatusTx\000"
 700      416C7469 
 700      74756465 
 700      5F737753 
 700      74617475 
 701              	.LASF29:
 702 01c1 5350495F 		.ascii	"SPI_Altitude_rxBufferFull\000"
 702      416C7469 
 702      74756465 
 702      5F727842 
 702      75666665 
 703              	.LASF19:
 704 01db 72784461 		.ascii	"rxData\000"
 704      746100
 705              	.LASF5:
 706 01e2 6C6F6E67 		.ascii	"long unsigned int\000"
 706      20756E73 
 706      69676E65 
 706      6420696E 
 706      7400
 707              	.LASF26:
 708 01f4 5350495F 		.ascii	"SPI_Altitude_rxBuffer\000"
 708      416C7469 
 708      74756465 
 708      5F727842 
 708      75666665 
 709              	.LASF27:
 710 020a 5350495F 		.ascii	"SPI_Altitude_rxBufferRead\000"
 710      416C7469 
 710      74756465 
 710      5F727842 
 710      75666665 
 711              	.LASF8:
 712 0224 756E7369 		.ascii	"unsigned int\000"
 712      676E6564 
ARM GAS  C:\Users\Nathan\AppData\Local\Temp\ccJJrtGs.s 			page 19


 712      20696E74 
 712      00
 713              	.LASF7:
 714 0231 6C6F6E67 		.ascii	"long long unsigned int\000"
 714      206C6F6E 
 714      6720756E 
 714      7369676E 
 714      65642069 
 715              	.LASF15:
 716 0248 73697A65 		.ascii	"sizetype\000"
 716      74797065 
 716      00
 717              	.LASF28:
 718 0251 5350495F 		.ascii	"SPI_Altitude_rxBufferWrite\000"
 718      416C7469 
 718      74756465 
 718      5F727842 
 718      75666665 
 719              	.LASF6:
 720 026c 6C6F6E67 		.ascii	"long long int\000"
 720      206C6F6E 
 720      6720696E 
 720      7400
 721              	.LASF11:
 722 027a 63686172 		.ascii	"char\000"
 722      00
 723              	.LASF16:
 724 027f 5350495F 		.ascii	"SPI_Altitude_TX_ISR\000"
 724      416C7469 
 724      74756465 
 724      5F54585F 
 724      49535200 
 725              	.LASF2:
 726 0293 73686F72 		.ascii	"short int\000"
 726      7420696E 
 726      7400
 727              	.LASF23:
 728 029d 5350495F 		.ascii	"SPI_Altitude_txBufferRead\000"
 728      416C7469 
 728      74756465 
 728      5F747842 
 728      75666665 
 729              	.LASF4:
 730 02b7 6C6F6E67 		.ascii	"long int\000"
 730      20696E74 
 730      00
 731              	.LASF18:
 732 02c0 746D7053 		.ascii	"tmpStatus\000"
 732      74617475 
 732      7300
 733              	.LASF14:
 734 02ca 6C6F6E67 		.ascii	"long double\000"
 734      20646F75 
 734      626C6500 
 735              	.LASF0:
 736 02d6 7369676E 		.ascii	"signed char\000"
 736      65642063 
ARM GAS  C:\Users\Nathan\AppData\Local\Temp\ccJJrtGs.s 			page 20


 736      68617200 
 737              	.LASF10:
 738 02e2 646F7562 		.ascii	"double\000"
 738      6C6500
 739              		.ident	"GCC: (GNU Tools for ARM Embedded Processors) 5.4.1 20160609 (release) [ARM/embedded-5-bran
