ARM GAS  C:\Users\Nathan\AppData\Local\Temp\ccZqVRd2.s 			page 1


   1              		.syntax unified
   2              		.cpu cortex-m3
   3              		.fpu softvfp
   4              		.eabi_attribute 20, 1
   5              		.eabi_attribute 21, 1
   6              		.eabi_attribute 23, 3
   7              		.eabi_attribute 24, 1
   8              		.eabi_attribute 25, 1
   9              		.eabi_attribute 26, 1
  10              		.eabi_attribute 30, 4
  11              		.eabi_attribute 34, 1
  12              		.eabi_attribute 18, 4
  13              		.thumb
  14              		.syntax unified
  15              		.file	"UART_GPS_INT.c"
  16              		.text
  17              	.Ltext0:
  18              		.cfi_sections	.debug_frame
  19              		.section	.text.UART_GPS_RXISR,"ax",%progbits
  20              		.align	1
  21              		.global	UART_GPS_RXISR
  22              		.thumb
  23              		.thumb_func
  24              		.type	UART_GPS_RXISR, %function
  25              	UART_GPS_RXISR:
  26              	.LFB0:
  27              		.file 1 "Generated_Source\\PSoC5\\UART_GPS_INT.c"
   1:Generated_Source\PSoC5/UART_GPS_INT.c **** /*******************************************************************************
   2:Generated_Source\PSoC5/UART_GPS_INT.c **** * File Name: UART_GPSINT.c
   3:Generated_Source\PSoC5/UART_GPS_INT.c **** * Version 2.50
   4:Generated_Source\PSoC5/UART_GPS_INT.c **** *
   5:Generated_Source\PSoC5/UART_GPS_INT.c **** * Description:
   6:Generated_Source\PSoC5/UART_GPS_INT.c **** *  This file provides all Interrupt Service functionality of the UART component
   7:Generated_Source\PSoC5/UART_GPS_INT.c **** *
   8:Generated_Source\PSoC5/UART_GPS_INT.c **** ********************************************************************************
   9:Generated_Source\PSoC5/UART_GPS_INT.c **** * Copyright 2008-2015, Cypress Semiconductor Corporation.  All rights reserved.
  10:Generated_Source\PSoC5/UART_GPS_INT.c **** * You may use this file only in accordance with the license, terms, conditions,
  11:Generated_Source\PSoC5/UART_GPS_INT.c **** * disclaimers, and limitations in the end user license agreement accompanying
  12:Generated_Source\PSoC5/UART_GPS_INT.c **** * the software package with which this file was provided.
  13:Generated_Source\PSoC5/UART_GPS_INT.c **** *******************************************************************************/
  14:Generated_Source\PSoC5/UART_GPS_INT.c **** 
  15:Generated_Source\PSoC5/UART_GPS_INT.c **** #include "UART_GPS.h"
  16:Generated_Source\PSoC5/UART_GPS_INT.c **** #include "cyapicallbacks.h"
  17:Generated_Source\PSoC5/UART_GPS_INT.c **** 
  18:Generated_Source\PSoC5/UART_GPS_INT.c **** 
  19:Generated_Source\PSoC5/UART_GPS_INT.c **** /***************************************
  20:Generated_Source\PSoC5/UART_GPS_INT.c **** * Custom Declarations
  21:Generated_Source\PSoC5/UART_GPS_INT.c **** ***************************************/
  22:Generated_Source\PSoC5/UART_GPS_INT.c **** /* `#START CUSTOM_DECLARATIONS` Place your declaration here */
  23:Generated_Source\PSoC5/UART_GPS_INT.c **** 
  24:Generated_Source\PSoC5/UART_GPS_INT.c **** /* `#END` */
  25:Generated_Source\PSoC5/UART_GPS_INT.c **** 
  26:Generated_Source\PSoC5/UART_GPS_INT.c **** #if (UART_GPS_RX_INTERRUPT_ENABLED && (UART_GPS_RX_ENABLED || UART_GPS_HD_ENABLED))
  27:Generated_Source\PSoC5/UART_GPS_INT.c ****     /*******************************************************************************
  28:Generated_Source\PSoC5/UART_GPS_INT.c ****     * Function Name: UART_GPS_RXISR
  29:Generated_Source\PSoC5/UART_GPS_INT.c ****     ********************************************************************************
  30:Generated_Source\PSoC5/UART_GPS_INT.c ****     *
ARM GAS  C:\Users\Nathan\AppData\Local\Temp\ccZqVRd2.s 			page 2


  31:Generated_Source\PSoC5/UART_GPS_INT.c ****     * Summary:
  32:Generated_Source\PSoC5/UART_GPS_INT.c ****     *  Interrupt Service Routine for RX portion of the UART
  33:Generated_Source\PSoC5/UART_GPS_INT.c ****     *
  34:Generated_Source\PSoC5/UART_GPS_INT.c ****     * Parameters:
  35:Generated_Source\PSoC5/UART_GPS_INT.c ****     *  None.
  36:Generated_Source\PSoC5/UART_GPS_INT.c ****     *
  37:Generated_Source\PSoC5/UART_GPS_INT.c ****     * Return:
  38:Generated_Source\PSoC5/UART_GPS_INT.c ****     *  None.
  39:Generated_Source\PSoC5/UART_GPS_INT.c ****     *
  40:Generated_Source\PSoC5/UART_GPS_INT.c ****     * Global Variables:
  41:Generated_Source\PSoC5/UART_GPS_INT.c ****     *  UART_GPS_rxBuffer - RAM buffer pointer for save received data.
  42:Generated_Source\PSoC5/UART_GPS_INT.c ****     *  UART_GPS_rxBufferWrite - cyclic index for write to rxBuffer,
  43:Generated_Source\PSoC5/UART_GPS_INT.c ****     *     increments after each byte saved to buffer.
  44:Generated_Source\PSoC5/UART_GPS_INT.c ****     *  UART_GPS_rxBufferRead - cyclic index for read from rxBuffer,
  45:Generated_Source\PSoC5/UART_GPS_INT.c ****     *     checked to detect overflow condition.
  46:Generated_Source\PSoC5/UART_GPS_INT.c ****     *  UART_GPS_rxBufferOverflow - software overflow flag. Set to one
  47:Generated_Source\PSoC5/UART_GPS_INT.c ****     *     when UART_GPS_rxBufferWrite index overtakes
  48:Generated_Source\PSoC5/UART_GPS_INT.c ****     *     UART_GPS_rxBufferRead index.
  49:Generated_Source\PSoC5/UART_GPS_INT.c ****     *  UART_GPS_rxBufferLoopDetect - additional variable to detect overflow.
  50:Generated_Source\PSoC5/UART_GPS_INT.c ****     *     Set to one when UART_GPS_rxBufferWrite is equal to
  51:Generated_Source\PSoC5/UART_GPS_INT.c ****     *    UART_GPS_rxBufferRead
  52:Generated_Source\PSoC5/UART_GPS_INT.c ****     *  UART_GPS_rxAddressMode - this variable contains the Address mode,
  53:Generated_Source\PSoC5/UART_GPS_INT.c ****     *     selected in customizer or set by UART_SetRxAddressMode() API.
  54:Generated_Source\PSoC5/UART_GPS_INT.c ****     *  UART_GPS_rxAddressDetected - set to 1 when correct address received,
  55:Generated_Source\PSoC5/UART_GPS_INT.c ****     *     and analysed to store following addressed data bytes to the buffer.
  56:Generated_Source\PSoC5/UART_GPS_INT.c ****     *     When not correct address received, set to 0 to skip following data bytes.
  57:Generated_Source\PSoC5/UART_GPS_INT.c ****     *
  58:Generated_Source\PSoC5/UART_GPS_INT.c ****     *******************************************************************************/
  59:Generated_Source\PSoC5/UART_GPS_INT.c ****     CY_ISR(UART_GPS_RXISR)
  60:Generated_Source\PSoC5/UART_GPS_INT.c ****     {
  28              		.loc 1 60 0
  29              		.cfi_startproc
  30              		@ args = 0, pretend = 0, frame = 0
  31              		@ frame_needed = 0, uses_anonymous_args = 0
  32              	.LVL0:
  33 0000 2DE9F043 		push	{r4, r5, r6, r7, r8, r9, lr}
  34              		.cfi_def_cfa_offset 28
  35              		.cfi_offset 4, -28
  36              		.cfi_offset 5, -24
  37              		.cfi_offset 6, -20
  38              		.cfi_offset 7, -16
  39              		.cfi_offset 8, -12
  40              		.cfi_offset 9, -8
  41              		.cfi_offset 14, -4
  61:Generated_Source\PSoC5/UART_GPS_INT.c ****         uint8 readData;
  62:Generated_Source\PSoC5/UART_GPS_INT.c ****         uint8 readStatus;
  63:Generated_Source\PSoC5/UART_GPS_INT.c ****         uint8 increment_pointer = 0u;
  64:Generated_Source\PSoC5/UART_GPS_INT.c **** 
  65:Generated_Source\PSoC5/UART_GPS_INT.c ****     #if(CY_PSOC3)
  66:Generated_Source\PSoC5/UART_GPS_INT.c ****         uint8 int_en;
  67:Generated_Source\PSoC5/UART_GPS_INT.c ****     #endif /* (CY_PSOC3) */
  68:Generated_Source\PSoC5/UART_GPS_INT.c **** 
  69:Generated_Source\PSoC5/UART_GPS_INT.c ****     #ifdef UART_GPS_RXISR_ENTRY_CALLBACK
  70:Generated_Source\PSoC5/UART_GPS_INT.c ****         UART_GPS_RXISR_EntryCallback();
  71:Generated_Source\PSoC5/UART_GPS_INT.c ****     #endif /* UART_GPS_RXISR_ENTRY_CALLBACK */
  72:Generated_Source\PSoC5/UART_GPS_INT.c **** 
  73:Generated_Source\PSoC5/UART_GPS_INT.c ****         /* User code required at start of ISR */
ARM GAS  C:\Users\Nathan\AppData\Local\Temp\ccZqVRd2.s 			page 3


  74:Generated_Source\PSoC5/UART_GPS_INT.c ****         /* `#START UART_GPS_RXISR_START` */
  75:Generated_Source\PSoC5/UART_GPS_INT.c **** 
  76:Generated_Source\PSoC5/UART_GPS_INT.c ****         /* `#END` */
  77:Generated_Source\PSoC5/UART_GPS_INT.c **** 
  78:Generated_Source\PSoC5/UART_GPS_INT.c ****     #if(CY_PSOC3)   /* Make sure nested interrupt is enabled */
  79:Generated_Source\PSoC5/UART_GPS_INT.c ****         int_en = EA;
  80:Generated_Source\PSoC5/UART_GPS_INT.c ****         CyGlobalIntEnable;
  81:Generated_Source\PSoC5/UART_GPS_INT.c ****     #endif /* (CY_PSOC3) */
  82:Generated_Source\PSoC5/UART_GPS_INT.c **** 
  83:Generated_Source\PSoC5/UART_GPS_INT.c ****         do
  84:Generated_Source\PSoC5/UART_GPS_INT.c ****         {
  85:Generated_Source\PSoC5/UART_GPS_INT.c ****             /* Read receiver status register */
  86:Generated_Source\PSoC5/UART_GPS_INT.c ****             readStatus = UART_GPS_RXSTATUS_REG;
  87:Generated_Source\PSoC5/UART_GPS_INT.c ****             /* Copy the same status to readData variable for backward compatibility support 
  88:Generated_Source\PSoC5/UART_GPS_INT.c ****             *  of the user code in UART_GPS_RXISR_ERROR` section. 
  89:Generated_Source\PSoC5/UART_GPS_INT.c ****             */
  90:Generated_Source\PSoC5/UART_GPS_INT.c ****             readData = readStatus;
  91:Generated_Source\PSoC5/UART_GPS_INT.c **** 
  92:Generated_Source\PSoC5/UART_GPS_INT.c ****             if((readStatus & (UART_GPS_RX_STS_BREAK | 
  93:Generated_Source\PSoC5/UART_GPS_INT.c ****                             UART_GPS_RX_STS_PAR_ERROR |
  94:Generated_Source\PSoC5/UART_GPS_INT.c ****                             UART_GPS_RX_STS_STOP_ERROR | 
  95:Generated_Source\PSoC5/UART_GPS_INT.c ****                             UART_GPS_RX_STS_OVERRUN)) != 0u)
  96:Generated_Source\PSoC5/UART_GPS_INT.c ****             {
  97:Generated_Source\PSoC5/UART_GPS_INT.c ****                 /* ERROR handling. */
  98:Generated_Source\PSoC5/UART_GPS_INT.c ****                 UART_GPS_errorStatus |= readStatus & ( UART_GPS_RX_STS_BREAK | 
  99:Generated_Source\PSoC5/UART_GPS_INT.c ****                                                             UART_GPS_RX_STS_PAR_ERROR | 
 100:Generated_Source\PSoC5/UART_GPS_INT.c ****                                                             UART_GPS_RX_STS_STOP_ERROR | 
 101:Generated_Source\PSoC5/UART_GPS_INT.c ****                                                             UART_GPS_RX_STS_OVERRUN);
 102:Generated_Source\PSoC5/UART_GPS_INT.c ****                 /* `#START UART_GPS_RXISR_ERROR` */
 103:Generated_Source\PSoC5/UART_GPS_INT.c **** 
 104:Generated_Source\PSoC5/UART_GPS_INT.c ****                 /* `#END` */
 105:Generated_Source\PSoC5/UART_GPS_INT.c ****                 
 106:Generated_Source\PSoC5/UART_GPS_INT.c ****             #ifdef UART_GPS_RXISR_ERROR_CALLBACK
 107:Generated_Source\PSoC5/UART_GPS_INT.c ****                 UART_GPS_RXISR_ERROR_Callback();
 108:Generated_Source\PSoC5/UART_GPS_INT.c ****             #endif /* UART_GPS_RXISR_ERROR_CALLBACK */
 109:Generated_Source\PSoC5/UART_GPS_INT.c ****             }
 110:Generated_Source\PSoC5/UART_GPS_INT.c ****             
 111:Generated_Source\PSoC5/UART_GPS_INT.c ****             if((readStatus & UART_GPS_RX_STS_FIFO_NOTEMPTY) != 0u)
 112:Generated_Source\PSoC5/UART_GPS_INT.c ****             {
 113:Generated_Source\PSoC5/UART_GPS_INT.c ****                 /* Read data from the RX data register */
 114:Generated_Source\PSoC5/UART_GPS_INT.c ****                 readData = UART_GPS_RXDATA_REG;
 115:Generated_Source\PSoC5/UART_GPS_INT.c ****             #if (UART_GPS_RXHW_ADDRESS_ENABLED)
 116:Generated_Source\PSoC5/UART_GPS_INT.c ****                 if(UART_GPS_rxAddressMode == (uint8)UART_GPS__B_UART__AM_SW_DETECT_TO_BUFFER)
 117:Generated_Source\PSoC5/UART_GPS_INT.c ****                 {
 118:Generated_Source\PSoC5/UART_GPS_INT.c ****                     if((readStatus & UART_GPS_RX_STS_MRKSPC) != 0u)
 119:Generated_Source\PSoC5/UART_GPS_INT.c ****                     {
 120:Generated_Source\PSoC5/UART_GPS_INT.c ****                         if ((readStatus & UART_GPS_RX_STS_ADDR_MATCH) != 0u)
 121:Generated_Source\PSoC5/UART_GPS_INT.c ****                         {
 122:Generated_Source\PSoC5/UART_GPS_INT.c ****                             UART_GPS_rxAddressDetected = 1u;
 123:Generated_Source\PSoC5/UART_GPS_INT.c ****                         }
 124:Generated_Source\PSoC5/UART_GPS_INT.c ****                         else
 125:Generated_Source\PSoC5/UART_GPS_INT.c ****                         {
 126:Generated_Source\PSoC5/UART_GPS_INT.c ****                             UART_GPS_rxAddressDetected = 0u;
 127:Generated_Source\PSoC5/UART_GPS_INT.c ****                         }
 128:Generated_Source\PSoC5/UART_GPS_INT.c ****                     }
 129:Generated_Source\PSoC5/UART_GPS_INT.c ****                     if(UART_GPS_rxAddressDetected != 0u)
 130:Generated_Source\PSoC5/UART_GPS_INT.c ****                     {   /* Store only addressed data */
ARM GAS  C:\Users\Nathan\AppData\Local\Temp\ccZqVRd2.s 			page 4


 131:Generated_Source\PSoC5/UART_GPS_INT.c ****                         UART_GPS_rxBuffer[UART_GPS_rxBufferWrite] = readData;
 132:Generated_Source\PSoC5/UART_GPS_INT.c ****                         increment_pointer = 1u;
 133:Generated_Source\PSoC5/UART_GPS_INT.c ****                     }
 134:Generated_Source\PSoC5/UART_GPS_INT.c ****                 }
 135:Generated_Source\PSoC5/UART_GPS_INT.c ****                 else /* Without software addressing */
 136:Generated_Source\PSoC5/UART_GPS_INT.c ****                 {
 137:Generated_Source\PSoC5/UART_GPS_INT.c ****                     UART_GPS_rxBuffer[UART_GPS_rxBufferWrite] = readData;
 138:Generated_Source\PSoC5/UART_GPS_INT.c ****                     increment_pointer = 1u;
 139:Generated_Source\PSoC5/UART_GPS_INT.c ****                 }
 140:Generated_Source\PSoC5/UART_GPS_INT.c ****             #else  /* Without addressing */
 141:Generated_Source\PSoC5/UART_GPS_INT.c ****                 UART_GPS_rxBuffer[UART_GPS_rxBufferWrite] = readData;
  42              		.loc 1 141 0
  43 0004 1E49     		ldr	r1, .L15
 142:Generated_Source\PSoC5/UART_GPS_INT.c ****                 increment_pointer = 1u;
 143:Generated_Source\PSoC5/UART_GPS_INT.c ****             #endif /* (UART_GPS_RXHW_ADDRESS_ENABLED) */
 144:Generated_Source\PSoC5/UART_GPS_INT.c **** 
 145:Generated_Source\PSoC5/UART_GPS_INT.c ****                 /* Do not increment buffer pointer when skip not addressed data */
 146:Generated_Source\PSoC5/UART_GPS_INT.c ****                 if(increment_pointer != 0u)
 147:Generated_Source\PSoC5/UART_GPS_INT.c ****                 {
 148:Generated_Source\PSoC5/UART_GPS_INT.c ****                     if(UART_GPS_rxBufferLoopDetect != 0u)
  44              		.loc 1 148 0
  45 0006 1F4C     		ldr	r4, .L15+4
  46 0008 0A46     		mov	r2, r1
  47 000a 2546     		mov	r5, r4
  86:Generated_Source\PSoC5/UART_GPS_INT.c ****             /* Copy the same status to readData variable for backward compatibility support 
  48              		.loc 1 86 0
  49 000c 1E4E     		ldr	r6, .L15+8
  98:Generated_Source\PSoC5/UART_GPS_INT.c ****                                                             UART_GPS_RX_STS_PAR_ERROR | 
  50              		.loc 1 98 0
  51 000e 1F48     		ldr	r0, .L15+12
 114:Generated_Source\PSoC5/UART_GPS_INT.c ****             #if (UART_GPS_RXHW_ADDRESS_ENABLED)
  52              		.loc 1 114 0
  53 0010 1F4F     		ldr	r7, .L15+16
 141:Generated_Source\PSoC5/UART_GPS_INT.c ****                 increment_pointer = 1u;
  54              		.loc 1 141 0
  55 0012 DFF884E0 		ldr	lr, .L15+24
 149:Generated_Source\PSoC5/UART_GPS_INT.c ****                     {   /* Set Software Buffer status Overflow */
 150:Generated_Source\PSoC5/UART_GPS_INT.c ****                         UART_GPS_rxBufferOverflow = 1u;
  56              		.loc 1 150 0
  57 0016 DFF884C0 		ldr	ip, .L15+28
  58              	.LVL1:
  59              	.L7:
  86:Generated_Source\PSoC5/UART_GPS_INT.c ****             /* Copy the same status to readData variable for backward compatibility support 
  60              		.loc 1 86 0
  61 001a 3378     		ldrb	r3, [r6]	@ zero_extendqisi2
  62 001c DBB2     		uxtb	r3, r3
  63              	.LVL2:
  92:Generated_Source\PSoC5/UART_GPS_INT.c ****                             UART_GPS_RX_STS_PAR_ERROR |
  64              		.loc 1 92 0
  65 001e 13F01E09 		ands	r9, r3, #30
  98:Generated_Source\PSoC5/UART_GPS_INT.c ****                                                             UART_GPS_RX_STS_PAR_ERROR | 
  66              		.loc 1 98 0
  67 0022 1EBF     		ittt	ne
  68 0024 90F80080 		ldrbne	r8, [r0]	@ zero_extendqisi2
  69 0028 49EA0808 		orrne	r8, r9, r8
  70 002c 80F80080 		strbne	r8, [r0]
 111:Generated_Source\PSoC5/UART_GPS_INT.c ****             {
ARM GAS  C:\Users\Nathan\AppData\Local\Temp\ccZqVRd2.s 			page 5


  71              		.loc 1 111 0
  72 0030 9B06     		lsls	r3, r3, #26
  73              	.LVL3:
  74 0032 23D5     		bpl	.L1
 114:Generated_Source\PSoC5/UART_GPS_INT.c ****             #if (UART_GPS_RXHW_ADDRESS_ENABLED)
  75              		.loc 1 114 0
  76 0034 97F80080 		ldrb	r8, [r7]	@ zero_extendqisi2
 141:Generated_Source\PSoC5/UART_GPS_INT.c ****                 increment_pointer = 1u;
  77              		.loc 1 141 0
  78 0038 0B88     		ldrh	r3, [r1]
 114:Generated_Source\PSoC5/UART_GPS_INT.c ****             #if (UART_GPS_RXHW_ADDRESS_ENABLED)
  79              		.loc 1 114 0
  80 003a 5FFA88F8 		uxtb	r8, r8
  81              	.LVL4:
 141:Generated_Source\PSoC5/UART_GPS_INT.c ****                 increment_pointer = 1u;
  82              		.loc 1 141 0
  83 003e 9BB2     		uxth	r3, r3
  84 0040 0EF80380 		strb	r8, [lr, r3]
  85              	.LVL5:
 148:Generated_Source\PSoC5/UART_GPS_INT.c ****                     {   /* Set Software Buffer status Overflow */
  86              		.loc 1 148 0
  87 0044 2378     		ldrb	r3, [r4]	@ zero_extendqisi2
  88 0046 13B1     		cbz	r3, .L4
  89              		.loc 1 150 0
  90 0048 0123     		movs	r3, #1
  91 004a 8CF80030 		strb	r3, [ip]
  92              	.L4:
 151:Generated_Source\PSoC5/UART_GPS_INT.c ****                     }
 152:Generated_Source\PSoC5/UART_GPS_INT.c ****                     /* Set next pointer. */
 153:Generated_Source\PSoC5/UART_GPS_INT.c ****                     UART_GPS_rxBufferWrite++;
  93              		.loc 1 153 0
  94 004e 1388     		ldrh	r3, [r2]
  95 0050 0133     		adds	r3, r3, #1
  96 0052 9BB2     		uxth	r3, r3
  97 0054 1380     		strh	r3, [r2]	@ movhi
 154:Generated_Source\PSoC5/UART_GPS_INT.c **** 
 155:Generated_Source\PSoC5/UART_GPS_INT.c ****                     /* Check pointer for a loop condition */
 156:Generated_Source\PSoC5/UART_GPS_INT.c ****                     if(UART_GPS_rxBufferWrite >= UART_GPS_RX_BUFFER_SIZE)
  98              		.loc 1 156 0
  99 0056 1388     		ldrh	r3, [r2]
 100 0058 9BB2     		uxth	r3, r3
 101 005a B3F5E17F 		cmp	r3, #450
 157:Generated_Source\PSoC5/UART_GPS_INT.c ****                     {
 158:Generated_Source\PSoC5/UART_GPS_INT.c ****                         UART_GPS_rxBufferWrite = 0u;
 102              		.loc 1 158 0
 103 005e 24BF     		itt	cs
 104 0060 0023     		movcs	r3, #0
 105 0062 0B80     		strhcs	r3, [r1]	@ movhi
 159:Generated_Source\PSoC5/UART_GPS_INT.c ****                     }
 160:Generated_Source\PSoC5/UART_GPS_INT.c **** 
 161:Generated_Source\PSoC5/UART_GPS_INT.c ****                     /* Detect pre-overload condition and set flag */
 162:Generated_Source\PSoC5/UART_GPS_INT.c ****                     if(UART_GPS_rxBufferWrite == UART_GPS_rxBufferRead)
 106              		.loc 1 162 0
 107 0064 0B4B     		ldr	r3, .L15+20
 108 0066 B2F80080 		ldrh	r8, [r2]
 109              	.LVL6:
 110 006a 1B88     		ldrh	r3, [r3]
ARM GAS  C:\Users\Nathan\AppData\Local\Temp\ccZqVRd2.s 			page 6


 111 006c 1FFA88F8 		uxth	r8, r8
 112 0070 9BB2     		uxth	r3, r3
 113 0072 9845     		cmp	r8, r3
 114 0074 D1D1     		bne	.L7
 163:Generated_Source\PSoC5/UART_GPS_INT.c ****                     {
 164:Generated_Source\PSoC5/UART_GPS_INT.c ****                         UART_GPS_rxBufferLoopDetect = 1u;
 115              		.loc 1 164 0
 116 0076 0123     		movs	r3, #1
 117 0078 2B70     		strb	r3, [r5]
 118 007a CEE7     		b	.L7
 119              	.LVL7:
 120              	.L1:
 121 007c BDE8F083 		pop	{r4, r5, r6, r7, r8, r9, pc}
 122              	.L16:
 123              		.align	2
 124              	.L15:
 125 0080 00000000 		.word	UART_GPS_rxBufferWrite
 126 0084 00000000 		.word	UART_GPS_rxBufferLoopDetect
 127 0088 66650040 		.word	1073767782
 128 008c 00000000 		.word	UART_GPS_errorStatus
 129 0090 43640040 		.word	1073767491
 130 0094 00000000 		.word	UART_GPS_rxBufferRead
 131 0098 00000000 		.word	UART_GPS_rxBuffer
 132 009c 00000000 		.word	UART_GPS_rxBufferOverflow
 133              		.cfi_endproc
 134              	.LFE0:
 135              		.size	UART_GPS_RXISR, .-UART_GPS_RXISR
 136              		.section	.text.UART_GPS_TXISR,"ax",%progbits
 137              		.align	1
 138              		.global	UART_GPS_TXISR
 139              		.thumb
 140              		.thumb_func
 141              		.type	UART_GPS_TXISR, %function
 142              	UART_GPS_TXISR:
 143              	.LFB1:
 165:Generated_Source\PSoC5/UART_GPS_INT.c ****                         /* When Hardware Flow Control selected */
 166:Generated_Source\PSoC5/UART_GPS_INT.c ****                         #if (UART_GPS_FLOW_CONTROL != 0u)
 167:Generated_Source\PSoC5/UART_GPS_INT.c ****                             /* Disable RX interrupt mask, it is enabled when user read data from th
 168:Generated_Source\PSoC5/UART_GPS_INT.c ****                             UART_GPS_RXSTATUS_MASK_REG  &= (uint8)~UART_GPS_RX_STS_FIFO_NOTEMPTY;
 169:Generated_Source\PSoC5/UART_GPS_INT.c ****                             CyIntClearPending(UART_GPS_RX_VECT_NUM);
 170:Generated_Source\PSoC5/UART_GPS_INT.c ****                             break; /* Break the reading of the FIFO loop, leave the data there for 
 171:Generated_Source\PSoC5/UART_GPS_INT.c ****                         #endif /* (UART_GPS_FLOW_CONTROL != 0u) */
 172:Generated_Source\PSoC5/UART_GPS_INT.c ****                     }
 173:Generated_Source\PSoC5/UART_GPS_INT.c ****                 }
 174:Generated_Source\PSoC5/UART_GPS_INT.c ****             }
 175:Generated_Source\PSoC5/UART_GPS_INT.c ****         }while((readStatus & UART_GPS_RX_STS_FIFO_NOTEMPTY) != 0u);
 176:Generated_Source\PSoC5/UART_GPS_INT.c **** 
 177:Generated_Source\PSoC5/UART_GPS_INT.c ****         /* User code required at end of ISR (Optional) */
 178:Generated_Source\PSoC5/UART_GPS_INT.c ****         /* `#START UART_GPS_RXISR_END` */
 179:Generated_Source\PSoC5/UART_GPS_INT.c **** 
 180:Generated_Source\PSoC5/UART_GPS_INT.c ****         /* `#END` */
 181:Generated_Source\PSoC5/UART_GPS_INT.c **** 
 182:Generated_Source\PSoC5/UART_GPS_INT.c ****     #ifdef UART_GPS_RXISR_EXIT_CALLBACK
 183:Generated_Source\PSoC5/UART_GPS_INT.c ****         UART_GPS_RXISR_ExitCallback();
 184:Generated_Source\PSoC5/UART_GPS_INT.c ****     #endif /* UART_GPS_RXISR_EXIT_CALLBACK */
 185:Generated_Source\PSoC5/UART_GPS_INT.c **** 
 186:Generated_Source\PSoC5/UART_GPS_INT.c ****     #if(CY_PSOC3)
ARM GAS  C:\Users\Nathan\AppData\Local\Temp\ccZqVRd2.s 			page 7


 187:Generated_Source\PSoC5/UART_GPS_INT.c ****         EA = int_en;
 188:Generated_Source\PSoC5/UART_GPS_INT.c ****     #endif /* (CY_PSOC3) */
 189:Generated_Source\PSoC5/UART_GPS_INT.c ****     }
 190:Generated_Source\PSoC5/UART_GPS_INT.c ****     
 191:Generated_Source\PSoC5/UART_GPS_INT.c **** #endif /* (UART_GPS_RX_INTERRUPT_ENABLED && (UART_GPS_RX_ENABLED || UART_GPS_HD_ENABLED)) */
 192:Generated_Source\PSoC5/UART_GPS_INT.c **** 
 193:Generated_Source\PSoC5/UART_GPS_INT.c **** 
 194:Generated_Source\PSoC5/UART_GPS_INT.c **** #if (UART_GPS_TX_INTERRUPT_ENABLED && UART_GPS_TX_ENABLED)
 195:Generated_Source\PSoC5/UART_GPS_INT.c ****     /*******************************************************************************
 196:Generated_Source\PSoC5/UART_GPS_INT.c ****     * Function Name: UART_GPS_TXISR
 197:Generated_Source\PSoC5/UART_GPS_INT.c ****     ********************************************************************************
 198:Generated_Source\PSoC5/UART_GPS_INT.c ****     *
 199:Generated_Source\PSoC5/UART_GPS_INT.c ****     * Summary:
 200:Generated_Source\PSoC5/UART_GPS_INT.c ****     * Interrupt Service Routine for the TX portion of the UART
 201:Generated_Source\PSoC5/UART_GPS_INT.c ****     *
 202:Generated_Source\PSoC5/UART_GPS_INT.c ****     * Parameters:
 203:Generated_Source\PSoC5/UART_GPS_INT.c ****     *  None.
 204:Generated_Source\PSoC5/UART_GPS_INT.c ****     *
 205:Generated_Source\PSoC5/UART_GPS_INT.c ****     * Return:
 206:Generated_Source\PSoC5/UART_GPS_INT.c ****     *  None.
 207:Generated_Source\PSoC5/UART_GPS_INT.c ****     *
 208:Generated_Source\PSoC5/UART_GPS_INT.c ****     * Global Variables:
 209:Generated_Source\PSoC5/UART_GPS_INT.c ****     *  UART_GPS_txBuffer - RAM buffer pointer for transmit data from.
 210:Generated_Source\PSoC5/UART_GPS_INT.c ****     *  UART_GPS_txBufferRead - cyclic index for read and transmit data
 211:Generated_Source\PSoC5/UART_GPS_INT.c ****     *     from txBuffer, increments after each transmitted byte.
 212:Generated_Source\PSoC5/UART_GPS_INT.c ****     *  UART_GPS_rxBufferWrite - cyclic index for write to txBuffer,
 213:Generated_Source\PSoC5/UART_GPS_INT.c ****     *     checked to detect available for transmission bytes.
 214:Generated_Source\PSoC5/UART_GPS_INT.c ****     *
 215:Generated_Source\PSoC5/UART_GPS_INT.c ****     *******************************************************************************/
 216:Generated_Source\PSoC5/UART_GPS_INT.c ****     CY_ISR(UART_GPS_TXISR)
 217:Generated_Source\PSoC5/UART_GPS_INT.c ****     {
 144              		.loc 1 217 0
 145              		.cfi_startproc
 146              		@ args = 0, pretend = 0, frame = 0
 147              		@ frame_needed = 0, uses_anonymous_args = 0
 218:Generated_Source\PSoC5/UART_GPS_INT.c ****     #if(CY_PSOC3)
 219:Generated_Source\PSoC5/UART_GPS_INT.c ****         uint8 int_en;
 220:Generated_Source\PSoC5/UART_GPS_INT.c ****     #endif /* (CY_PSOC3) */
 221:Generated_Source\PSoC5/UART_GPS_INT.c **** 
 222:Generated_Source\PSoC5/UART_GPS_INT.c ****     #ifdef UART_GPS_TXISR_ENTRY_CALLBACK
 223:Generated_Source\PSoC5/UART_GPS_INT.c ****         UART_GPS_TXISR_EntryCallback();
 224:Generated_Source\PSoC5/UART_GPS_INT.c ****     #endif /* UART_GPS_TXISR_ENTRY_CALLBACK */
 225:Generated_Source\PSoC5/UART_GPS_INT.c **** 
 226:Generated_Source\PSoC5/UART_GPS_INT.c ****         /* User code required at start of ISR */
 227:Generated_Source\PSoC5/UART_GPS_INT.c ****         /* `#START UART_GPS_TXISR_START` */
 228:Generated_Source\PSoC5/UART_GPS_INT.c **** 
 229:Generated_Source\PSoC5/UART_GPS_INT.c ****         /* `#END` */
 230:Generated_Source\PSoC5/UART_GPS_INT.c **** 
 231:Generated_Source\PSoC5/UART_GPS_INT.c ****     #if(CY_PSOC3)   /* Make sure nested interrupt is enabled */
 232:Generated_Source\PSoC5/UART_GPS_INT.c ****         int_en = EA;
 233:Generated_Source\PSoC5/UART_GPS_INT.c ****         CyGlobalIntEnable;
 234:Generated_Source\PSoC5/UART_GPS_INT.c ****     #endif /* (CY_PSOC3) */
 235:Generated_Source\PSoC5/UART_GPS_INT.c **** 
 236:Generated_Source\PSoC5/UART_GPS_INT.c ****         while((UART_GPS_txBufferRead != UART_GPS_txBufferWrite) &&
 148              		.loc 1 236 0
 149 0000 0E4A     		ldr	r2, .L22
 217:Generated_Source\PSoC5/UART_GPS_INT.c ****     #if(CY_PSOC3)
ARM GAS  C:\Users\Nathan\AppData\Local\Temp\ccZqVRd2.s 			page 8


 150              		.loc 1 217 0
 151 0002 F0B5     		push	{r4, r5, r6, r7, lr}
 152              		.cfi_def_cfa_offset 20
 153              		.cfi_offset 4, -20
 154              		.cfi_offset 5, -16
 155              		.cfi_offset 6, -12
 156              		.cfi_offset 7, -8
 157              		.cfi_offset 14, -4
 158 0004 1146     		mov	r1, r2
 159              		.loc 1 236 0
 160 0006 0E4C     		ldr	r4, .L22+4
 237:Generated_Source\PSoC5/UART_GPS_INT.c ****              ((UART_GPS_TXSTATUS_REG & UART_GPS_TX_STS_FIFO_FULL) == 0u))
 161              		.loc 1 237 0
 162 0008 0E48     		ldr	r0, .L22+8
 238:Generated_Source\PSoC5/UART_GPS_INT.c ****         {
 239:Generated_Source\PSoC5/UART_GPS_INT.c ****             /* Check pointer wrap around */
 240:Generated_Source\PSoC5/UART_GPS_INT.c ****             if(UART_GPS_txBufferRead >= UART_GPS_TX_BUFFER_SIZE)
 241:Generated_Source\PSoC5/UART_GPS_INT.c ****             {
 242:Generated_Source\PSoC5/UART_GPS_INT.c ****                 UART_GPS_txBufferRead = 0u;
 243:Generated_Source\PSoC5/UART_GPS_INT.c ****             }
 244:Generated_Source\PSoC5/UART_GPS_INT.c **** 
 245:Generated_Source\PSoC5/UART_GPS_INT.c ****             UART_GPS_TXDATA_REG = UART_GPS_txBuffer[UART_GPS_txBufferRead];
 163              		.loc 1 245 0
 164 000a 0F4D     		ldr	r5, .L22+12
 165 000c 0F4E     		ldr	r6, .L22+16
 166              	.L18:
 236:Generated_Source\PSoC5/UART_GPS_INT.c ****              ((UART_GPS_TXSTATUS_REG & UART_GPS_TX_STS_FIFO_FULL) == 0u))
 167              		.loc 1 236 0
 168 000e 1378     		ldrb	r3, [r2]	@ zero_extendqisi2
 169 0010 2778     		ldrb	r7, [r4]	@ zero_extendqisi2
 170 0012 9F42     		cmp	r7, r3
 171 0014 11D0     		beq	.L17
 237:Generated_Source\PSoC5/UART_GPS_INT.c ****              ((UART_GPS_TXSTATUS_REG & UART_GPS_TX_STS_FIFO_FULL) == 0u))
 172              		.loc 1 237 0 discriminator 1
 173 0016 0378     		ldrb	r3, [r0]	@ zero_extendqisi2
 236:Generated_Source\PSoC5/UART_GPS_INT.c ****              ((UART_GPS_TXSTATUS_REG & UART_GPS_TX_STS_FIFO_FULL) == 0u))
 174              		.loc 1 236 0 discriminator 1
 175 0018 13F00403 		ands	r3, r3, #4
 176 001c 0DD1     		bne	.L17
 240:Generated_Source\PSoC5/UART_GPS_INT.c ****             {
 177              		.loc 1 240 0
 178 001e 1778     		ldrb	r7, [r2]	@ zero_extendqisi2
 179 0020 312F     		cmp	r7, #49
 242:Generated_Source\PSoC5/UART_GPS_INT.c ****             }
 180              		.loc 1 242 0
 181 0022 88BF     		it	hi
 182 0024 1370     		strbhi	r3, [r2]
 183              		.loc 1 245 0
 184 0026 0B78     		ldrb	r3, [r1]	@ zero_extendqisi2
 185 0028 DBB2     		uxtb	r3, r3
 186 002a EB5C     		ldrb	r3, [r5, r3]	@ zero_extendqisi2
 187 002c DBB2     		uxtb	r3, r3
 188 002e 3370     		strb	r3, [r6]
 246:Generated_Source\PSoC5/UART_GPS_INT.c **** 
 247:Generated_Source\PSoC5/UART_GPS_INT.c ****             /* Set next pointer */
 248:Generated_Source\PSoC5/UART_GPS_INT.c ****             UART_GPS_txBufferRead++;
 189              		.loc 1 248 0
ARM GAS  C:\Users\Nathan\AppData\Local\Temp\ccZqVRd2.s 			page 9


 190 0030 0B78     		ldrb	r3, [r1]	@ zero_extendqisi2
 191 0032 0133     		adds	r3, r3, #1
 192 0034 DBB2     		uxtb	r3, r3
 193 0036 0B70     		strb	r3, [r1]
 194 0038 E9E7     		b	.L18
 195              	.L17:
 196 003a F0BD     		pop	{r4, r5, r6, r7, pc}
 197              	.L23:
 198              		.align	2
 199              	.L22:
 200 003c 00000000 		.word	UART_GPS_txBufferRead
 201 0040 00000000 		.word	UART_GPS_txBufferWrite
 202 0044 61640040 		.word	1073767521
 203 0048 00000000 		.word	UART_GPS_txBuffer
 204 004c 41640040 		.word	1073767489
 205              		.cfi_endproc
 206              	.LFE1:
 207              		.size	UART_GPS_TXISR, .-UART_GPS_TXISR
 208              		.text
 209              	.Letext0:
 210              		.file 2 "Generated_Source\\PSoC5\\cytypes.h"
 211              		.file 3 "Generated_Source\\PSoC5\\UART_GPS.h"
 212              		.section	.debug_info,"",%progbits
 213              	.Ldebug_info0:
 214 0000 A4010000 		.4byte	0x1a4
 215 0004 0400     		.2byte	0x4
 216 0006 00000000 		.4byte	.Ldebug_abbrev0
 217 000a 04       		.byte	0x4
 218 000b 01       		.uleb128 0x1
 219 000c 92000000 		.4byte	.LASF29
 220 0010 0C       		.byte	0xc
 221 0011 63020000 		.4byte	.LASF30
 222 0015 26010000 		.4byte	.LASF31
 223 0019 00000000 		.4byte	.Ldebug_ranges0+0
 224 001d 00000000 		.4byte	0
 225 0021 00000000 		.4byte	.Ldebug_line0
 226 0025 02       		.uleb128 0x2
 227 0026 01       		.byte	0x1
 228 0027 06       		.byte	0x6
 229 0028 B1020000 		.4byte	.LASF0
 230 002c 02       		.uleb128 0x2
 231 002d 01       		.byte	0x1
 232 002e 08       		.byte	0x8
 233 002f 7F000000 		.4byte	.LASF1
 234 0033 02       		.uleb128 0x2
 235 0034 02       		.byte	0x2
 236 0035 05       		.byte	0x5
 237 0036 47020000 		.4byte	.LASF2
 238 003a 02       		.uleb128 0x2
 239 003b 02       		.byte	0x2
 240 003c 07       		.byte	0x7
 241 003d 3A000000 		.4byte	.LASF3
 242 0041 02       		.uleb128 0x2
 243 0042 04       		.byte	0x4
 244 0043 05       		.byte	0x5
 245 0044 31000000 		.4byte	.LASF4
 246 0048 02       		.uleb128 0x2
ARM GAS  C:\Users\Nathan\AppData\Local\Temp\ccZqVRd2.s 			page 10


 247 0049 04       		.byte	0x4
 248 004a 07       		.byte	0x7
 249 004b B8010000 		.4byte	.LASF5
 250 004f 02       		.uleb128 0x2
 251 0050 08       		.byte	0x8
 252 0051 05       		.byte	0x5
 253 0052 27020000 		.4byte	.LASF6
 254 0056 02       		.uleb128 0x2
 255 0057 08       		.byte	0x8
 256 0058 07       		.byte	0x7
 257 0059 ED010000 		.4byte	.LASF7
 258 005d 03       		.uleb128 0x3
 259 005e 04       		.byte	0x4
 260 005f 05       		.byte	0x5
 261 0060 696E7400 		.ascii	"int\000"
 262 0064 02       		.uleb128 0x2
 263 0065 04       		.byte	0x4
 264 0066 07       		.byte	0x7
 265 0067 CA010000 		.4byte	.LASF8
 266 006b 04       		.uleb128 0x4
 267 006c 20010000 		.4byte	.LASF9
 268 0070 02       		.byte	0x2
 269 0071 9201     		.2byte	0x192
 270 0073 2C000000 		.4byte	0x2c
 271 0077 04       		.uleb128 0x4
 272 0078 8B010000 		.4byte	.LASF10
 273 007c 02       		.byte	0x2
 274 007d 9301     		.2byte	0x193
 275 007f 3A000000 		.4byte	0x3a
 276 0083 02       		.uleb128 0x2
 277 0084 04       		.byte	0x4
 278 0085 04       		.byte	0x4
 279 0086 2B000000 		.4byte	.LASF11
 280 008a 02       		.uleb128 0x2
 281 008b 08       		.byte	0x8
 282 008c 04       		.byte	0x4
 283 008d 84010000 		.4byte	.LASF12
 284 0091 02       		.uleb128 0x2
 285 0092 01       		.byte	0x1
 286 0093 08       		.byte	0x8
 287 0094 A0020000 		.4byte	.LASF13
 288 0098 04       		.uleb128 0x4
 289 0099 8D000000 		.4byte	.LASF14
 290 009d 02       		.byte	0x2
 291 009e 3C02     		.2byte	0x23c
 292 00a0 A4000000 		.4byte	0xa4
 293 00a4 05       		.uleb128 0x5
 294 00a5 6B000000 		.4byte	0x6b
 295 00a9 05       		.uleb128 0x5
 296 00aa 77000000 		.4byte	0x77
 297 00ae 02       		.uleb128 0x2
 298 00af 08       		.byte	0x8
 299 00b0 04       		.byte	0x4
 300 00b1 A5020000 		.4byte	.LASF15
 301 00b5 02       		.uleb128 0x2
 302 00b6 04       		.byte	0x4
 303 00b7 07       		.byte	0x7
ARM GAS  C:\Users\Nathan\AppData\Local\Temp\ccZqVRd2.s 			page 11


 304 00b8 1E020000 		.4byte	.LASF16
 305 00bc 06       		.uleb128 0x6
 306 00bd 00000000 		.4byte	.LASF32
 307 00c1 01       		.byte	0x1
 308 00c2 3B       		.byte	0x3b
 309 00c3 00000000 		.4byte	.LFB0
 310 00c7 A0000000 		.4byte	.LFE0-.LFB0
 311 00cb 01       		.uleb128 0x1
 312 00cc 9C       		.byte	0x9c
 313 00cd FF000000 		.4byte	0xff
 314 00d1 07       		.uleb128 0x7
 315 00d2 BD020000 		.4byte	.LASF17
 316 00d6 01       		.byte	0x1
 317 00d7 3D       		.byte	0x3d
 318 00d8 6B000000 		.4byte	0x6b
 319 00dc 00000000 		.4byte	.LLST0
 320 00e0 07       		.uleb128 0x7
 321 00e1 74000000 		.4byte	.LASF18
 322 00e5 01       		.byte	0x1
 323 00e6 3E       		.byte	0x3e
 324 00e7 6B000000 		.4byte	0x6b
 325 00eb 1E000000 		.4byte	.LLST1
 326 00ef 07       		.uleb128 0x7
 327 00f0 35020000 		.4byte	.LASF19
 328 00f4 01       		.byte	0x1
 329 00f5 3F       		.byte	0x3f
 330 00f6 6B000000 		.4byte	0x6b
 331 00fa 31000000 		.4byte	.LLST2
 332 00fe 00       		.byte	0
 333 00ff 08       		.uleb128 0x8
 334 0100 92010000 		.4byte	.LASF33
 335 0104 01       		.byte	0x1
 336 0105 D8       		.byte	0xd8
 337 0106 00000000 		.4byte	.LFB1
 338 010a 50000000 		.4byte	.LFE1-.LFB1
 339 010e 01       		.uleb128 0x1
 340 010f 9C       		.byte	0x9c
 341 0110 09       		.uleb128 0x9
 342 0111 A4000000 		.4byte	0xa4
 343 0115 20010000 		.4byte	0x120
 344 0119 0A       		.uleb128 0xa
 345 011a B5000000 		.4byte	0xb5
 346 011e 31       		.byte	0x31
 347 011f 00       		.byte	0
 348 0120 0B       		.uleb128 0xb
 349 0121 51020000 		.4byte	.LASF20
 350 0125 03       		.byte	0x3
 351 0126 3801     		.2byte	0x138
 352 0128 2C010000 		.4byte	0x12c
 353 012c 05       		.uleb128 0x5
 354 012d 10010000 		.4byte	0x110
 355 0131 0B       		.uleb128 0xb
 356 0132 6E010000 		.4byte	.LASF21
 357 0136 03       		.byte	0x3
 358 0137 3901     		.2byte	0x139
 359 0139 A4000000 		.4byte	0xa4
 360 013d 0B       		.uleb128 0xb
ARM GAS  C:\Users\Nathan\AppData\Local\Temp\ccZqVRd2.s 			page 12


 361 013e 89020000 		.4byte	.LASF22
 362 0142 03       		.byte	0x3
 363 0143 3A01     		.2byte	0x13a
 364 0145 6B000000 		.4byte	0x6b
 365 0149 0B       		.uleb128 0xb
 366 014a 5F000000 		.4byte	.LASF23
 367 014e 03       		.byte	0x3
 368 014f 3D01     		.2byte	0x13d
 369 0151 6B000000 		.4byte	0x6b
 370 0155 09       		.uleb128 0x9
 371 0156 A4000000 		.4byte	0xa4
 372 015a 66010000 		.4byte	0x166
 373 015e 0C       		.uleb128 0xc
 374 015f B5000000 		.4byte	0xb5
 375 0163 C101     		.2byte	0x1c1
 376 0165 00       		.byte	0
 377 0166 0B       		.uleb128 0xb
 378 0167 4D000000 		.4byte	.LASF24
 379 016b 03       		.byte	0x3
 380 016c 3E01     		.2byte	0x13e
 381 016e 72010000 		.4byte	0x172
 382 0172 05       		.uleb128 0x5
 383 0173 55010000 		.4byte	0x155
 384 0177 0B       		.uleb128 0xb
 385 0178 D7010000 		.4byte	.LASF25
 386 017c 03       		.byte	0x3
 387 017d 3F01     		.2byte	0x13f
 388 017f A9000000 		.4byte	0xa9
 389 0183 0B       		.uleb128 0xb
 390 0184 A1010000 		.4byte	.LASF26
 391 0188 03       		.byte	0x3
 392 0189 4001     		.2byte	0x140
 393 018b A9000000 		.4byte	0xa9
 394 018f 0B       		.uleb128 0xb
 395 0190 0F000000 		.4byte	.LASF27
 396 0194 03       		.byte	0x3
 397 0195 4101     		.2byte	0x141
 398 0197 A4000000 		.4byte	0xa4
 399 019b 0B       		.uleb128 0xb
 400 019c 04020000 		.4byte	.LASF28
 401 01a0 03       		.byte	0x3
 402 01a1 4201     		.2byte	0x142
 403 01a3 A4000000 		.4byte	0xa4
 404 01a7 00       		.byte	0
 405              		.section	.debug_abbrev,"",%progbits
 406              	.Ldebug_abbrev0:
 407 0000 01       		.uleb128 0x1
 408 0001 11       		.uleb128 0x11
 409 0002 01       		.byte	0x1
 410 0003 25       		.uleb128 0x25
 411 0004 0E       		.uleb128 0xe
 412 0005 13       		.uleb128 0x13
 413 0006 0B       		.uleb128 0xb
 414 0007 03       		.uleb128 0x3
 415 0008 0E       		.uleb128 0xe
 416 0009 1B       		.uleb128 0x1b
 417 000a 0E       		.uleb128 0xe
ARM GAS  C:\Users\Nathan\AppData\Local\Temp\ccZqVRd2.s 			page 13


 418 000b 55       		.uleb128 0x55
 419 000c 17       		.uleb128 0x17
 420 000d 11       		.uleb128 0x11
 421 000e 01       		.uleb128 0x1
 422 000f 10       		.uleb128 0x10
 423 0010 17       		.uleb128 0x17
 424 0011 00       		.byte	0
 425 0012 00       		.byte	0
 426 0013 02       		.uleb128 0x2
 427 0014 24       		.uleb128 0x24
 428 0015 00       		.byte	0
 429 0016 0B       		.uleb128 0xb
 430 0017 0B       		.uleb128 0xb
 431 0018 3E       		.uleb128 0x3e
 432 0019 0B       		.uleb128 0xb
 433 001a 03       		.uleb128 0x3
 434 001b 0E       		.uleb128 0xe
 435 001c 00       		.byte	0
 436 001d 00       		.byte	0
 437 001e 03       		.uleb128 0x3
 438 001f 24       		.uleb128 0x24
 439 0020 00       		.byte	0
 440 0021 0B       		.uleb128 0xb
 441 0022 0B       		.uleb128 0xb
 442 0023 3E       		.uleb128 0x3e
 443 0024 0B       		.uleb128 0xb
 444 0025 03       		.uleb128 0x3
 445 0026 08       		.uleb128 0x8
 446 0027 00       		.byte	0
 447 0028 00       		.byte	0
 448 0029 04       		.uleb128 0x4
 449 002a 16       		.uleb128 0x16
 450 002b 00       		.byte	0
 451 002c 03       		.uleb128 0x3
 452 002d 0E       		.uleb128 0xe
 453 002e 3A       		.uleb128 0x3a
 454 002f 0B       		.uleb128 0xb
 455 0030 3B       		.uleb128 0x3b
 456 0031 05       		.uleb128 0x5
 457 0032 49       		.uleb128 0x49
 458 0033 13       		.uleb128 0x13
 459 0034 00       		.byte	0
 460 0035 00       		.byte	0
 461 0036 05       		.uleb128 0x5
 462 0037 35       		.uleb128 0x35
 463 0038 00       		.byte	0
 464 0039 49       		.uleb128 0x49
 465 003a 13       		.uleb128 0x13
 466 003b 00       		.byte	0
 467 003c 00       		.byte	0
 468 003d 06       		.uleb128 0x6
 469 003e 2E       		.uleb128 0x2e
 470 003f 01       		.byte	0x1
 471 0040 3F       		.uleb128 0x3f
 472 0041 19       		.uleb128 0x19
 473 0042 03       		.uleb128 0x3
 474 0043 0E       		.uleb128 0xe
ARM GAS  C:\Users\Nathan\AppData\Local\Temp\ccZqVRd2.s 			page 14


 475 0044 3A       		.uleb128 0x3a
 476 0045 0B       		.uleb128 0xb
 477 0046 3B       		.uleb128 0x3b
 478 0047 0B       		.uleb128 0xb
 479 0048 27       		.uleb128 0x27
 480 0049 19       		.uleb128 0x19
 481 004a 11       		.uleb128 0x11
 482 004b 01       		.uleb128 0x1
 483 004c 12       		.uleb128 0x12
 484 004d 06       		.uleb128 0x6
 485 004e 40       		.uleb128 0x40
 486 004f 18       		.uleb128 0x18
 487 0050 9742     		.uleb128 0x2117
 488 0052 19       		.uleb128 0x19
 489 0053 01       		.uleb128 0x1
 490 0054 13       		.uleb128 0x13
 491 0055 00       		.byte	0
 492 0056 00       		.byte	0
 493 0057 07       		.uleb128 0x7
 494 0058 34       		.uleb128 0x34
 495 0059 00       		.byte	0
 496 005a 03       		.uleb128 0x3
 497 005b 0E       		.uleb128 0xe
 498 005c 3A       		.uleb128 0x3a
 499 005d 0B       		.uleb128 0xb
 500 005e 3B       		.uleb128 0x3b
 501 005f 0B       		.uleb128 0xb
 502 0060 49       		.uleb128 0x49
 503 0061 13       		.uleb128 0x13
 504 0062 02       		.uleb128 0x2
 505 0063 17       		.uleb128 0x17
 506 0064 00       		.byte	0
 507 0065 00       		.byte	0
 508 0066 08       		.uleb128 0x8
 509 0067 2E       		.uleb128 0x2e
 510 0068 00       		.byte	0
 511 0069 3F       		.uleb128 0x3f
 512 006a 19       		.uleb128 0x19
 513 006b 03       		.uleb128 0x3
 514 006c 0E       		.uleb128 0xe
 515 006d 3A       		.uleb128 0x3a
 516 006e 0B       		.uleb128 0xb
 517 006f 3B       		.uleb128 0x3b
 518 0070 0B       		.uleb128 0xb
 519 0071 27       		.uleb128 0x27
 520 0072 19       		.uleb128 0x19
 521 0073 11       		.uleb128 0x11
 522 0074 01       		.uleb128 0x1
 523 0075 12       		.uleb128 0x12
 524 0076 06       		.uleb128 0x6
 525 0077 40       		.uleb128 0x40
 526 0078 18       		.uleb128 0x18
 527 0079 9742     		.uleb128 0x2117
 528 007b 19       		.uleb128 0x19
 529 007c 00       		.byte	0
 530 007d 00       		.byte	0
 531 007e 09       		.uleb128 0x9
ARM GAS  C:\Users\Nathan\AppData\Local\Temp\ccZqVRd2.s 			page 15


 532 007f 01       		.uleb128 0x1
 533 0080 01       		.byte	0x1
 534 0081 49       		.uleb128 0x49
 535 0082 13       		.uleb128 0x13
 536 0083 01       		.uleb128 0x1
 537 0084 13       		.uleb128 0x13
 538 0085 00       		.byte	0
 539 0086 00       		.byte	0
 540 0087 0A       		.uleb128 0xa
 541 0088 21       		.uleb128 0x21
 542 0089 00       		.byte	0
 543 008a 49       		.uleb128 0x49
 544 008b 13       		.uleb128 0x13
 545 008c 2F       		.uleb128 0x2f
 546 008d 0B       		.uleb128 0xb
 547 008e 00       		.byte	0
 548 008f 00       		.byte	0
 549 0090 0B       		.uleb128 0xb
 550 0091 34       		.uleb128 0x34
 551 0092 00       		.byte	0
 552 0093 03       		.uleb128 0x3
 553 0094 0E       		.uleb128 0xe
 554 0095 3A       		.uleb128 0x3a
 555 0096 0B       		.uleb128 0xb
 556 0097 3B       		.uleb128 0x3b
 557 0098 05       		.uleb128 0x5
 558 0099 49       		.uleb128 0x49
 559 009a 13       		.uleb128 0x13
 560 009b 3F       		.uleb128 0x3f
 561 009c 19       		.uleb128 0x19
 562 009d 3C       		.uleb128 0x3c
 563 009e 19       		.uleb128 0x19
 564 009f 00       		.byte	0
 565 00a0 00       		.byte	0
 566 00a1 0C       		.uleb128 0xc
 567 00a2 21       		.uleb128 0x21
 568 00a3 00       		.byte	0
 569 00a4 49       		.uleb128 0x49
 570 00a5 13       		.uleb128 0x13
 571 00a6 2F       		.uleb128 0x2f
 572 00a7 05       		.uleb128 0x5
 573 00a8 00       		.byte	0
 574 00a9 00       		.byte	0
 575 00aa 00       		.byte	0
 576              		.section	.debug_loc,"",%progbits
 577              	.Ldebug_loc0:
 578              	.LLST0:
 579 0000 1E000000 		.4byte	.LVL2
 580 0004 32000000 		.4byte	.LVL3
 581 0008 0100     		.2byte	0x1
 582 000a 53       		.byte	0x53
 583 000b 3E000000 		.4byte	.LVL4
 584 000f 6A000000 		.4byte	.LVL6
 585 0013 0100     		.2byte	0x1
 586 0015 58       		.byte	0x58
 587 0016 00000000 		.4byte	0
 588 001a 00000000 		.4byte	0
ARM GAS  C:\Users\Nathan\AppData\Local\Temp\ccZqVRd2.s 			page 16


 589              	.LLST1:
 590 001e 1E000000 		.4byte	.LVL2
 591 0022 32000000 		.4byte	.LVL3
 592 0026 0100     		.2byte	0x1
 593 0028 53       		.byte	0x53
 594 0029 00000000 		.4byte	0
 595 002d 00000000 		.4byte	0
 596              	.LLST2:
 597 0031 00000000 		.4byte	.LVL0
 598 0035 1A000000 		.4byte	.LVL1
 599 0039 0200     		.2byte	0x2
 600 003b 30       		.byte	0x30
 601 003c 9F       		.byte	0x9f
 602 003d 44000000 		.4byte	.LVL5
 603 0041 7C000000 		.4byte	.LVL7
 604 0045 0200     		.2byte	0x2
 605 0047 31       		.byte	0x31
 606 0048 9F       		.byte	0x9f
 607 0049 00000000 		.4byte	0
 608 004d 00000000 		.4byte	0
 609              		.section	.debug_aranges,"",%progbits
 610 0000 24000000 		.4byte	0x24
 611 0004 0200     		.2byte	0x2
 612 0006 00000000 		.4byte	.Ldebug_info0
 613 000a 04       		.byte	0x4
 614 000b 00       		.byte	0
 615 000c 0000     		.2byte	0
 616 000e 0000     		.2byte	0
 617 0010 00000000 		.4byte	.LFB0
 618 0014 A0000000 		.4byte	.LFE0-.LFB0
 619 0018 00000000 		.4byte	.LFB1
 620 001c 50000000 		.4byte	.LFE1-.LFB1
 621 0020 00000000 		.4byte	0
 622 0024 00000000 		.4byte	0
 623              		.section	.debug_ranges,"",%progbits
 624              	.Ldebug_ranges0:
 625 0000 00000000 		.4byte	.LFB0
 626 0004 A0000000 		.4byte	.LFE0
 627 0008 00000000 		.4byte	.LFB1
 628 000c 50000000 		.4byte	.LFE1
 629 0010 00000000 		.4byte	0
 630 0014 00000000 		.4byte	0
 631              		.section	.debug_line,"",%progbits
 632              	.Ldebug_line0:
 633 0000 C5000000 		.section	.debug_str,"MS",%progbits,1
 633      02005700 
 633      00000201 
 633      FB0E0D00 
 633      01010101 
 634              	.LASF32:
 635 0000 55415254 		.ascii	"UART_GPS_RXISR\000"
 635      5F475053 
 635      5F525849 
 635      535200
 636              	.LASF27:
 637 000f 55415254 		.ascii	"UART_GPS_rxBufferLoopDetect\000"
 637      5F475053 
ARM GAS  C:\Users\Nathan\AppData\Local\Temp\ccZqVRd2.s 			page 17


 637      5F727842 
 637      75666665 
 637      724C6F6F 
 638              	.LASF11:
 639 002b 666C6F61 		.ascii	"float\000"
 639      7400
 640              	.LASF4:
 641 0031 6C6F6E67 		.ascii	"long int\000"
 641      20696E74 
 641      00
 642              	.LASF3:
 643 003a 73686F72 		.ascii	"short unsigned int\000"
 643      7420756E 
 643      7369676E 
 643      65642069 
 643      6E7400
 644              	.LASF24:
 645 004d 55415254 		.ascii	"UART_GPS_rxBuffer\000"
 645      5F475053 
 645      5F727842 
 645      75666665 
 645      7200
 646              	.LASF23:
 647 005f 55415254 		.ascii	"UART_GPS_errorStatus\000"
 647      5F475053 
 647      5F657272 
 647      6F725374 
 647      61747573 
 648              	.LASF18:
 649 0074 72656164 		.ascii	"readStatus\000"
 649      53746174 
 649      757300
 650              	.LASF1:
 651 007f 756E7369 		.ascii	"unsigned char\000"
 651      676E6564 
 651      20636861 
 651      7200
 652              	.LASF14:
 653 008d 72656738 		.ascii	"reg8\000"
 653      00
 654              	.LASF29:
 655 0092 474E5520 		.ascii	"GNU C11 5.4.1 20160609 (release) [ARM/embedded-5-br"
 655      43313120 
 655      352E342E 
 655      31203230 
 655      31363036 
 656 00c5 616E6368 		.ascii	"anch revision 237715] -mcpu=cortex-m3 -mthumb -g -O"
 656      20726576 
 656      6973696F 
 656      6E203233 
 656      37373135 
 657 00f8 73202D66 		.ascii	"s -ffunction-sections -ffat-lto-objects\000"
 657      66756E63 
 657      74696F6E 
 657      2D736563 
 657      74696F6E 
 658              	.LASF9:
ARM GAS  C:\Users\Nathan\AppData\Local\Temp\ccZqVRd2.s 			page 18


 659 0120 75696E74 		.ascii	"uint8\000"
 659      3800
 660              	.LASF31:
 661 0126 433A5C55 		.ascii	"C:\\Users\\Nathan\\Documents\\MyBuilds\\Flight Cont"
 661      73657273 
 661      5C4E6174 
 661      68616E5C 
 661      446F6375 
 662 0154 726F6C6C 		.ascii	"roller\\ServoControl.cydsn\000"
 662      65725C53 
 662      6572766F 
 662      436F6E74 
 662      726F6C2E 
 663              	.LASF21:
 664 016e 55415254 		.ascii	"UART_GPS_txBufferRead\000"
 664      5F475053 
 664      5F747842 
 664      75666665 
 664      72526561 
 665              	.LASF12:
 666 0184 646F7562 		.ascii	"double\000"
 666      6C6500
 667              	.LASF10:
 668 018b 75696E74 		.ascii	"uint16\000"
 668      313600
 669              	.LASF33:
 670 0192 55415254 		.ascii	"UART_GPS_TXISR\000"
 670      5F475053 
 670      5F545849 
 670      535200
 671              	.LASF26:
 672 01a1 55415254 		.ascii	"UART_GPS_rxBufferWrite\000"
 672      5F475053 
 672      5F727842 
 672      75666665 
 672      72577269 
 673              	.LASF5:
 674 01b8 6C6F6E67 		.ascii	"long unsigned int\000"
 674      20756E73 
 674      69676E65 
 674      6420696E 
 674      7400
 675              	.LASF8:
 676 01ca 756E7369 		.ascii	"unsigned int\000"
 676      676E6564 
 676      20696E74 
 676      00
 677              	.LASF25:
 678 01d7 55415254 		.ascii	"UART_GPS_rxBufferRead\000"
 678      5F475053 
 678      5F727842 
 678      75666665 
 678      72526561 
 679              	.LASF7:
 680 01ed 6C6F6E67 		.ascii	"long long unsigned int\000"
 680      206C6F6E 
 680      6720756E 
ARM GAS  C:\Users\Nathan\AppData\Local\Temp\ccZqVRd2.s 			page 19


 680      7369676E 
 680      65642069 
 681              	.LASF28:
 682 0204 55415254 		.ascii	"UART_GPS_rxBufferOverflow\000"
 682      5F475053 
 682      5F727842 
 682      75666665 
 682      724F7665 
 683              	.LASF16:
 684 021e 73697A65 		.ascii	"sizetype\000"
 684      74797065 
 684      00
 685              	.LASF6:
 686 0227 6C6F6E67 		.ascii	"long long int\000"
 686      206C6F6E 
 686      6720696E 
 686      7400
 687              	.LASF19:
 688 0235 696E6372 		.ascii	"increment_pointer\000"
 688      656D656E 
 688      745F706F 
 688      696E7465 
 688      7200
 689              	.LASF2:
 690 0247 73686F72 		.ascii	"short int\000"
 690      7420696E 
 690      7400
 691              	.LASF20:
 692 0251 55415254 		.ascii	"UART_GPS_txBuffer\000"
 692      5F475053 
 692      5F747842 
 692      75666665 
 692      7200
 693              	.LASF30:
 694 0263 47656E65 		.ascii	"Generated_Source\\PSoC5\\UART_GPS_INT.c\000"
 694      72617465 
 694      645F536F 
 694      75726365 
 694      5C50536F 
 695              	.LASF22:
 696 0289 55415254 		.ascii	"UART_GPS_txBufferWrite\000"
 696      5F475053 
 696      5F747842 
 696      75666665 
 696      72577269 
 697              	.LASF13:
 698 02a0 63686172 		.ascii	"char\000"
 698      00
 699              	.LASF15:
 700 02a5 6C6F6E67 		.ascii	"long double\000"
 700      20646F75 
 700      626C6500 
 701              	.LASF0:
 702 02b1 7369676E 		.ascii	"signed char\000"
 702      65642063 
 702      68617200 
 703              	.LASF17:
ARM GAS  C:\Users\Nathan\AppData\Local\Temp\ccZqVRd2.s 			page 20


 704 02bd 72656164 		.ascii	"readData\000"
 704      44617461 
 704      00
 705              		.ident	"GCC: (GNU Tools for ARM Embedded Processors) 5.4.1 20160609 (release) [ARM/embedded-5-bran
