--------------- Rebuild Started: 08/17/2018 14:38:42 Project: ServoControl, Configuration: ARM GCC 5.4-2016-q2-update Debug ---------------
Deleting file ".\CortexM3\ARM_GCC_541\Debug\main.o"
Deleting file ".\CortexM3\ARM_GCC_541\Debug\Adafruit_BNO055.o"
Deleting file ".\CortexM3\ARM_GCC_541\Debug\Adafruit_GPS.o"
Deleting file ".\CortexM3\ARM_GCC_541\Debug\Adafruit_BMP280.o"
Deleting file ".\CortexM3\ARM_GCC_541\Debug\cyfitter_cfg.o"
Deleting file ".\CortexM3\ARM_GCC_541\Debug\cymetadata.o"
Deleting file ".\CortexM3\ARM_GCC_541\Debug\Left_Stabilizer.o"
Deleting file ".\CortexM3\ARM_GCC_541\Debug\Left_Aileron.o"
Deleting file ".\CortexM3\ARM_GCC_541\Debug\Right_Aileron.o"
Deleting file ".\CortexM3\ARM_GCC_541\Debug\Motor_Speed_Output.o"
Deleting file ".\CortexM3\ARM_GCC_541\Debug\Stabilizer.o"
Deleting file ".\CortexM3\ARM_GCC_541\Debug\Stabilizer_PM.o"
Deleting file ".\CortexM3\ARM_GCC_541\Debug\Aileron.o"
Deleting file ".\CortexM3\ARM_GCC_541\Debug\Aileron_PM.o"
Deleting file ".\CortexM3\ARM_GCC_541\Debug\Motor_Speed.o"
Deleting file ".\CortexM3\ARM_GCC_541\Debug\Motor_Speed_PM.o"
Deleting file ".\CortexM3\ARM_GCC_541\Debug\Clock_1.o"
Deleting file ".\CortexM3\ARM_GCC_541\Debug\Cm3Start.o"
Deleting file ".\CortexM3\ARM_GCC_541\Debug\CyBootAsmGnu.o"
Deleting file ".\CortexM3\ARM_GCC_541\Debug\CyDmac.o"
Deleting file ".\CortexM3\ARM_GCC_541\Debug\CyFlash.o"
Deleting file ".\CortexM3\ARM_GCC_541\Debug\CyLib.o"
Deleting file ".\CortexM3\ARM_GCC_541\Debug\cyPm.o"
Deleting file ".\CortexM3\ARM_GCC_541\Debug\CySpc.o"
Deleting file ".\CortexM3\ARM_GCC_541\Debug\cyutils.o"
Deleting file ".\CortexM3\ARM_GCC_541\Debug\Right_Stabilizer.o"
Deleting file ".\CortexM3\ARM_GCC_541\Debug\EEPROM.o"
Deleting file ".\CortexM3\ARM_GCC_541\Debug\emFile_1_ConfigMMC_SPI.o"
Deleting file ".\CortexM3\ARM_GCC_541\Debug\emFile_1_MMC_HW_SPI.o"
Deleting file ".\CortexM3\ARM_GCC_541\Debug\emFile_1_PM.o"
Deleting file ".\CortexM3\ARM_GCC_541\Debug\Timer_1.o"
Deleting file ".\CortexM3\ARM_GCC_541\Debug\Timer_1_PM.o"
Deleting file ".\CortexM3\ARM_GCC_541\Debug\emFile_1_SPI0.o"
Deleting file ".\CortexM3\ARM_GCC_541\Debug\emFile_1_SPI0_PM.o"
Deleting file ".\CortexM3\ARM_GCC_541\Debug\emFile_1_SPI0_INT.o"
Deleting file ".\CortexM3\ARM_GCC_541\Debug\emFile_1_mosi0.o"
Deleting file ".\CortexM3\ARM_GCC_541\Debug\emFile_1_Clock_1.o"
Deleting file ".\CortexM3\ARM_GCC_541\Debug\emFile_1_miso0.o"
Deleting file ".\CortexM3\ARM_GCC_541\Debug\emFile_1_sclk0.o"
Deleting file ".\CortexM3\ARM_GCC_541\Debug\emFile_1_SPI0_CS.o"
Deleting file ".\CortexM3\ARM_GCC_541\Debug\UART_GPS.o"
Deleting file ".\CortexM3\ARM_GCC_541\Debug\UART_GPS_PM.o"
Deleting file ".\CortexM3\ARM_GCC_541\Debug\UART_GPS_INT.o"
Deleting file ".\CortexM3\ARM_GCC_541\Debug\UART_GPS_BOOT.o"
Deleting file ".\CortexM3\ARM_GCC_541\Debug\I2C_Orientation.o"
Deleting file ".\CortexM3\ARM_GCC_541\Debug\I2C_Orientation_BOOT.o"
Deleting file ".\CortexM3\ARM_GCC_541\Debug\I2C_Orientation_INT.o"
Deleting file ".\CortexM3\ARM_GCC_541\Debug\I2C_Orientation_PM.o"
Deleting file ".\CortexM3\ARM_GCC_541\Debug\I2C_Orientation_SLAVE.o"
Deleting file ".\CortexM3\ARM_GCC_541\Debug\I2C_Orientation_MASTER.o"
Deleting file ".\CortexM3\ARM_GCC_541\Debug\BNO055_sda.o"
Deleting file ".\CortexM3\ARM_GCC_541\Debug\BNO055_scl.o"
Deleting file ".\CortexM3\ARM_GCC_541\Debug\timer_clock.o"
Deleting file ".\CortexM3\ARM_GCC_541\Debug\Counter_Duration.o"
Deleting file ".\CortexM3\ARM_GCC_541\Debug\Counter_Duration_PM.o"
Deleting file ".\CortexM3\ARM_GCC_541\Debug\UART_HC12.o"
Deleting file ".\CortexM3\ARM_GCC_541\Debug\UART_HC12_PM.o"
Deleting file ".\CortexM3\ARM_GCC_541\Debug\UART_HC12_INT.o"
Deleting file ".\CortexM3\ARM_GCC_541\Debug\UART_HC12_BOOT.o"
Deleting file ".\CortexM3\ARM_GCC_541\Debug\UART_HC12_IntClock.o"
Deleting file ".\CortexM3\ARM_GCC_541\Debug\LED.o"
Deleting file ".\CortexM3\ARM_GCC_541\Debug\Button.o"
Deleting file ".\CortexM3\ARM_GCC_541\Debug\VDAC8_1.o"
Deleting file ".\CortexM3\ARM_GCC_541\Debug\VDAC8_1_PM.o"
Deleting file ".\CortexM3\ARM_GCC_541\Debug\Int_AGM.o"
Deleting file ".\CortexM3\ARM_GCC_541\Debug\PPS_GPS.o"
Deleting file ".\CortexM3\ARM_GCC_541\Debug\Reset_AGM.o"
Deleting file ".\CortexM3\ARM_GCC_541\Debug\Clock_UART_GPS.o"
Deleting file ".\CortexM3\ARM_GCC_541\Debug\SDO.o"
Deleting file ".\CortexM3\ARM_GCC_541\Debug\SPI_Altitude.o"
Deleting file ".\CortexM3\ARM_GCC_541\Debug\SPI_Altitude_PM.o"
Deleting file ".\CortexM3\ARM_GCC_541\Debug\SPI_Altitude_INT.o"
Deleting file ".\CortexM3\ARM_GCC_541\Debug\SPI_Altitude_IntClock.o"
Deleting file ".\CortexM3\ARM_GCC_541\Debug\BMP280_SDI.o"
Deleting file ".\CortexM3\ARM_GCC_541\Debug\BMP280_SCL.o"
Deleting file ".\CortexM3\ARM_GCC_541\Debug\BMP280_CSB.o"
Deleting file ".\CortexM3\ARM_GCC_541\Debug\cy_em_eeprom.o"
Deleting file ".\CortexM3\ARM_GCC_541\Debug\ServoControl.map"
Deleting file ".\ServoControl.cycdx"
Deleting file ".\ServoControl.svd"
Deleting file ".\ServoControl.rpt"
Deleting file ".\ServoControl_timing.html"
Deleting file ".\CortexM3\ARM_GCC_541\Debug\.deps\SOURCE_C__ARM_GCC_GENERIC.P"
Deleting file ".\CortexM3\ARM_GCC_541\Debug\.deps\SOURCE_ASM__ARM_GCC_GENERIC.P"
cydsfit.exe -.appdatapath "C:\Users\Nathan\AppData\Local\Cypress Semiconductor\PSoC Creator\4.2" -.fdsnotice -.fdswarpdepfile=warp_dependencies.txt -.fdselabdepfile=elab_dependencies.txt -.fdsbldfile=generated_files.txt -.fdsreffile=referenced_files.txt -p "C:\Users\Nathan\Documents\MyBuilds\Flight Controller\ServoControl.cydsn\ServoControl.cyprj" -d CY8C5888LTI-LP097 -s "C:\Users\Nathan\Documents\MyBuilds\Flight Controller\ServoControl.cydsn\Generated_Source\PSoC5" -- -yv2 -q10 -ygs -o2 -v3 -.fftcfgtype=LE
Elaborating Design...
HDL Generation...
Synthesis...
Tech Mapping...
Analog Placement...
Log: apr.M0058: The analog placement iterative improvement is 42% done. (App=cydsfit)
Log: apr.M0058: The analog placement iterative improvement is 70% done. (App=cydsfit)
Log: apr.M0058: The analog placement iterative improvement is 98% done. (App=cydsfit)
Analog Routing...
Analog Code Generation...
Digital Placement...
Digital Routing...
Bitstream Generation...
Bitstream Verification...
Static timing analysis...
API Generation...
Dependency Generation...
Cleanup...
arm-none-eabi-gcc.exe -mcpu=cortex-m3 -mthumb -I.\emFile_V322c\Code\Include\PSoC5\emf32OS "-I.\Source Files\SD_File_System" -I. -IGenerated_Source\PSoC5 -Wa,-alh=.\CortexM3\ARM_GCC_541\Debug/main.lst -g -D DEBUG -D CY_CORE_ID=0 -Wall -ffunction-sections -ffat-lto-objects -Og -c main.c -o .\CortexM3\ARM_GCC_541\Debug\main.o
arm-none-eabi-gcc.exe -mcpu=cortex-m3 -mthumb -I.\emFile_V322c\Code\Include\PSoC5\emf32OS "-I.\Source Files\SD_File_System" -I. -IGenerated_Source\PSoC5 -Wa,-alh=.\CortexM3\ARM_GCC_541\Debug/Adafruit_BNO055.lst -g -D DEBUG -D CY_CORE_ID=0 -Wall -ffunction-sections -ffat-lto-objects -Og -c Adafruit_BNO055.c -o .\CortexM3\ARM_GCC_541\Debug\Adafruit_BNO055.o
arm-none-eabi-gcc.exe -mcpu=cortex-m3 -mthumb -I.\emFile_V322c\Code\Include\PSoC5\emf32OS "-I.\Source Files\SD_File_System" -I. -IGenerated_Source\PSoC5 -Wa,-alh=.\CortexM3\ARM_GCC_541\Debug/Adafruit_GPS.lst -g -D DEBUG -D CY_CORE_ID=0 -Wall -ffunction-sections -ffat-lto-objects -Og -c Adafruit_GPS.c -o .\CortexM3\ARM_GCC_541\Debug\Adafruit_GPS.o
arm-none-eabi-gcc.exe -mcpu=cortex-m3 -mthumb -I.\emFile_V322c\Code\Include\PSoC5\emf32OS "-I.\Source Files\SD_File_System" -I. -IGenerated_Source\PSoC5 -Wa,-alh=.\CortexM3\ARM_GCC_541\Debug/Adafruit_BMP280.lst -g -D DEBUG -D CY_CORE_ID=0 -Wall -ffunction-sections -ffat-lto-objects -Og -c Adafruit_BMP280.c -o .\CortexM3\ARM_GCC_541\Debug\Adafruit_BMP280.o
arm-none-eabi-gcc.exe -mcpu=cortex-m3 -mthumb -I.\emFile_V322c\Code\Include\PSoC5\emf32OS "-I.\Source Files\SD_File_System" -I. -IGenerated_Source\PSoC5 -Wa,-alh=.\CortexM3\ARM_GCC_541\Debug/cyfitter_cfg.lst -g -D DEBUG -D CY_CORE_ID=0 -Wall -ffunction-sections -ffat-lto-objects -Og -c Generated_Source\PSoC5\cyfitter_cfg.c -o .\CortexM3\ARM_GCC_541\Debug\cyfitter_cfg.o
arm-none-eabi-gcc.exe -mcpu=cortex-m3 -mthumb -I.\emFile_V322c\Code\Include\PSoC5\emf32OS "-I.\Source Files\SD_File_System" -I. -IGenerated_Source\PSoC5 -Wa,-alh=.\CortexM3\ARM_GCC_541\Debug/cymetadata.lst -g -D DEBUG -D CY_CORE_ID=0 -Wall -ffunction-sections -ffat-lto-objects -Og -c Generated_Source\PSoC5\cymetadata.c -o .\CortexM3\ARM_GCC_541\Debug\cymetadata.o
arm-none-eabi-gcc.exe -mcpu=cortex-m3 -mthumb -I.\emFile_V322c\Code\Include\PSoC5\emf32OS "-I.\Source Files\SD_File_System" -I. -IGenerated_Source\PSoC5 -Wa,-alh=.\CortexM3\ARM_GCC_541\Debug/Left_Stabilizer.lst -g -D DEBUG -D CY_CORE_ID=0 -Wall -ffunction-sections -ffat-lto-objects -Og -c Generated_Source\PSoC5\Left_Stabilizer.c -o .\CortexM3\ARM_GCC_541\Debug\Left_Stabilizer.o
arm-none-eabi-gcc.exe -mcpu=cortex-m3 -mthumb -I.\emFile_V322c\Code\Include\PSoC5\emf32OS "-I.\Source Files\SD_File_System" -I. -IGenerated_Source\PSoC5 -Wa,-alh=.\CortexM3\ARM_GCC_541\Debug/Left_Aileron.lst -g -D DEBUG -D CY_CORE_ID=0 -Wall -ffunction-sections -ffat-lto-objects -Og -c Generated_Source\PSoC5\Left_Aileron.c -o .\CortexM3\ARM_GCC_541\Debug\Left_Aileron.o
arm-none-eabi-gcc.exe -mcpu=cortex-m3 -mthumb -I.\emFile_V322c\Code\Include\PSoC5\emf32OS "-I.\Source Files\SD_File_System" -I. -IGenerated_Source\PSoC5 -Wa,-alh=.\CortexM3\ARM_GCC_541\Debug/Right_Aileron.lst -g -D DEBUG -D CY_CORE_ID=0 -Wall -ffunction-sections -ffat-lto-objects -Og -c Generated_Source\PSoC5\Right_Aileron.c -o .\CortexM3\ARM_GCC_541\Debug\Right_Aileron.o
arm-none-eabi-gcc.exe -mcpu=cortex-m3 -mthumb -I.\emFile_V322c\Code\Include\PSoC5\emf32OS "-I.\Source Files\SD_File_System" -I. -IGenerated_Source\PSoC5 -Wa,-alh=.\CortexM3\ARM_GCC_541\Debug/Motor_Speed_Output.lst -g -D DEBUG -D CY_CORE_ID=0 -Wall -ffunction-sections -ffat-lto-objects -Og -c Generated_Source\PSoC5\Motor_Speed_Output.c -o .\CortexM3\ARM_GCC_541\Debug\Motor_Speed_Output.o
arm-none-eabi-gcc.exe -mcpu=cortex-m3 -mthumb -I.\emFile_V322c\Code\Include\PSoC5\emf32OS "-I.\Source Files\SD_File_System" -I. -IGenerated_Source\PSoC5 -Wa,-alh=.\CortexM3\ARM_GCC_541\Debug/Stabilizer.lst -g -D DEBUG -D CY_CORE_ID=0 -Wall -ffunction-sections -ffat-lto-objects -Og -c Generated_Source\PSoC5\Stabilizer.c -o .\CortexM3\ARM_GCC_541\Debug\Stabilizer.o
arm-none-eabi-gcc.exe -mcpu=cortex-m3 -mthumb -I.\emFile_V322c\Code\Include\PSoC5\emf32OS "-I.\Source Files\SD_File_System" -I. -IGenerated_Source\PSoC5 -Wa,-alh=.\CortexM3\ARM_GCC_541\Debug/Stabilizer_PM.lst -g -D DEBUG -D CY_CORE_ID=0 -Wall -ffunction-sections -ffat-lto-objects -Og -c Generated_Source\PSoC5\Stabilizer_PM.c -o .\CortexM3\ARM_GCC_541\Debug\Stabilizer_PM.o
arm-none-eabi-gcc.exe -mcpu=cortex-m3 -mthumb -I.\emFile_V322c\Code\Include\PSoC5\emf32OS "-I.\Source Files\SD_File_System" -I. -IGenerated_Source\PSoC5 -Wa,-alh=.\CortexM3\ARM_GCC_541\Debug/Aileron.lst -g -D DEBUG -D CY_CORE_ID=0 -Wall -ffunction-sections -ffat-lto-objects -Og -c Generated_Source\PSoC5\Aileron.c -o .\CortexM3\ARM_GCC_541\Debug\Aileron.o
arm-none-eabi-gcc.exe -mcpu=cortex-m3 -mthumb -I.\emFile_V322c\Code\Include\PSoC5\emf32OS "-I.\Source Files\SD_File_System" -I. -IGenerated_Source\PSoC5 -Wa,-alh=.\CortexM3\ARM_GCC_541\Debug/Aileron_PM.lst -g -D DEBUG -D CY_CORE_ID=0 -Wall -ffunction-sections -ffat-lto-objects -Og -c Generated_Source\PSoC5\Aileron_PM.c -o .\CortexM3\ARM_GCC_541\Debug\Aileron_PM.o
arm-none-eabi-gcc.exe -mcpu=cortex-m3 -mthumb -I.\emFile_V322c\Code\Include\PSoC5\emf32OS "-I.\Source Files\SD_File_System" -I. -IGenerated_Source\PSoC5 -Wa,-alh=.\CortexM3\ARM_GCC_541\Debug/Motor_Speed.lst -g -D DEBUG -D CY_CORE_ID=0 -Wall -ffunction-sections -ffat-lto-objects -Og -c Generated_Source\PSoC5\Motor_Speed.c -o .\CortexM3\ARM_GCC_541\Debug\Motor_Speed.o
arm-none-eabi-gcc.exe -mcpu=cortex-m3 -mthumb -I.\emFile_V322c\Code\Include\PSoC5\emf32OS "-I.\Source Files\SD_File_System" -I. -IGenerated_Source\PSoC5 -Wa,-alh=.\CortexM3\ARM_GCC_541\Debug/Motor_Speed_PM.lst -g -D DEBUG -D CY_CORE_ID=0 -Wall -ffunction-sections -ffat-lto-objects -Og -c Generated_Source\PSoC5\Motor_Speed_PM.c -o .\CortexM3\ARM_GCC_541\Debug\Motor_Speed_PM.o
arm-none-eabi-gcc.exe -mcpu=cortex-m3 -mthumb -I.\emFile_V322c\Code\Include\PSoC5\emf32OS "-I.\Source Files\SD_File_System" -I. -IGenerated_Source\PSoC5 -Wa,-alh=.\CortexM3\ARM_GCC_541\Debug/Clock_1.lst -g -D DEBUG -D CY_CORE_ID=0 -Wall -ffunction-sections -ffat-lto-objects -Og -c Generated_Source\PSoC5\Clock_1.c -o .\CortexM3\ARM_GCC_541\Debug\Clock_1.o
arm-none-eabi-gcc.exe -mcpu=cortex-m3 -mthumb -I.\emFile_V322c\Code\Include\PSoC5\emf32OS "-I.\Source Files\SD_File_System" -I. -IGenerated_Source\PSoC5 -Wa,-alh=.\CortexM3\ARM_GCC_541\Debug/Cm3Start.lst -g -D DEBUG -D CY_CORE_ID=0 -Wall -ffunction-sections -ffat-lto-objects -Og -c Generated_Source\PSoC5\Cm3Start.c -o .\CortexM3\ARM_GCC_541\Debug\Cm3Start.o
arm-none-eabi-gcc.exe -mcpu=cortex-m3 -mthumb -I.\emFile_V322c\Code\Include\PSoC5\emf32OS "-I.\Source Files\SD_File_System" -I. -IGenerated_Source\PSoC5 -Wa,-alh=.\CortexM3\ARM_GCC_541\Debug/CyDmac.lst -g -D DEBUG -D CY_CORE_ID=0 -Wall -ffunction-sections -ffat-lto-objects -Og -c Generated_Source\PSoC5\CyDmac.c -o .\CortexM3\ARM_GCC_541\Debug\CyDmac.o
arm-none-eabi-gcc.exe -mcpu=cortex-m3 -mthumb -I.\emFile_V322c\Code\Include\PSoC5\emf32OS "-I.\Source Files\SD_File_System" -I. -IGenerated_Source\PSoC5 -Wa,-alh=.\CortexM3\ARM_GCC_541\Debug/CyFlash.lst -g -D DEBUG -D CY_CORE_ID=0 -Wall -ffunction-sections -ffat-lto-objects -Og -c Generated_Source\PSoC5\CyFlash.c -o .\CortexM3\ARM_GCC_541\Debug\CyFlash.o
arm-none-eabi-gcc.exe -mcpu=cortex-m3 -mthumb -I.\emFile_V322c\Code\Include\PSoC5\emf32OS "-I.\Source Files\SD_File_System" -I. -IGenerated_Source\PSoC5 -Wa,-alh=.\CortexM3\ARM_GCC_541\Debug/CyLib.lst -g -D DEBUG -D CY_CORE_ID=0 -Wall -ffunction-sections -ffat-lto-objects -Og -c Generated_Source\PSoC5\CyLib.c -o .\CortexM3\ARM_GCC_541\Debug\CyLib.o
arm-none-eabi-gcc.exe -mcpu=cortex-m3 -mthumb -I.\emFile_V322c\Code\Include\PSoC5\emf32OS "-I.\Source Files\SD_File_System" -I. -IGenerated_Source\PSoC5 -Wa,-alh=.\CortexM3\ARM_GCC_541\Debug/cyPm.lst -g -D DEBUG -D CY_CORE_ID=0 -Wall -ffunction-sections -ffat-lto-objects -Og -c Generated_Source\PSoC5\cyPm.c -o .\CortexM3\ARM_GCC_541\Debug\cyPm.o
arm-none-eabi-gcc.exe -mcpu=cortex-m3 -mthumb -I.\emFile_V322c\Code\Include\PSoC5\emf32OS "-I.\Source Files\SD_File_System" -I. -IGenerated_Source\PSoC5 -Wa,-alh=.\CortexM3\ARM_GCC_541\Debug/CySpc.lst -g -D DEBUG -D CY_CORE_ID=0 -Wall -ffunction-sections -ffat-lto-objects -Og -c Generated_Source\PSoC5\CySpc.c -o .\CortexM3\ARM_GCC_541\Debug\CySpc.o
arm-none-eabi-gcc.exe -mcpu=cortex-m3 -mthumb -I.\emFile_V322c\Code\Include\PSoC5\emf32OS "-I.\Source Files\SD_File_System" -I. -IGenerated_Source\PSoC5 -Wa,-alh=.\CortexM3\ARM_GCC_541\Debug/cyutils.lst -g -D DEBUG -D CY_CORE_ID=0 -Wall -ffunction-sections -ffat-lto-objects -Og -c Generated_Source\PSoC5\cyutils.c -o .\CortexM3\ARM_GCC_541\Debug\cyutils.o
arm-none-eabi-gcc.exe -mcpu=cortex-m3 -mthumb -I.\emFile_V322c\Code\Include\PSoC5\emf32OS "-I.\Source Files\SD_File_System" -I. -IGenerated_Source\PSoC5 -Wa,-alh=.\CortexM3\ARM_GCC_541\Debug/Right_Stabilizer.lst -g -D DEBUG -D CY_CORE_ID=0 -Wall -ffunction-sections -ffat-lto-objects -Og -c Generated_Source\PSoC5\Right_Stabilizer.c -o .\CortexM3\ARM_GCC_541\Debug\Right_Stabilizer.o
arm-none-eabi-gcc.exe -mcpu=cortex-m3 -mthumb -I.\emFile_V322c\Code\Include\PSoC5\emf32OS "-I.\Source Files\SD_File_System" -I. -IGenerated_Source\PSoC5 -Wa,-alh=.\CortexM3\ARM_GCC_541\Debug/EEPROM.lst -g -D DEBUG -D CY_CORE_ID=0 -Wall -ffunction-sections -ffat-lto-objects -Og -c Generated_Source\PSoC5\EEPROM.c -o .\CortexM3\ARM_GCC_541\Debug\EEPROM.o
arm-none-eabi-gcc.exe -mcpu=cortex-m3 -mthumb -I.\emFile_V322c\Code\Include\PSoC5\emf32OS "-I.\Source Files\SD_File_System" -I. -IGenerated_Source\PSoC5 -Wa,-alh=.\CortexM3\ARM_GCC_541\Debug/emFile_1_ConfigMMC_SPI.lst -g -D DEBUG -D CY_CORE_ID=0 -Wall -ffunction-sections -ffat-lto-objects -Og -c Generated_Source\PSoC5\emFile_1_ConfigMMC_SPI.c -o .\CortexM3\ARM_GCC_541\Debug\emFile_1_ConfigMMC_SPI.o
arm-none-eabi-gcc.exe -mcpu=cortex-m3 -mthumb -I.\emFile_V322c\Code\Include\PSoC5\emf32OS "-I.\Source Files\SD_File_System" -I. -IGenerated_Source\PSoC5 -Wa,-alh=.\CortexM3\ARM_GCC_541\Debug/emFile_1_MMC_HW_SPI.lst -g -D DEBUG -D CY_CORE_ID=0 -Wall -ffunction-sections -ffat-lto-objects -Og -c Generated_Source\PSoC5\emFile_1_MMC_HW_SPI.c -o .\CortexM3\ARM_GCC_541\Debug\emFile_1_MMC_HW_SPI.o
arm-none-eabi-gcc.exe -mcpu=cortex-m3 -mthumb -I.\emFile_V322c\Code\Include\PSoC5\emf32OS "-I.\Source Files\SD_File_System" -I. -IGenerated_Source\PSoC5 -Wa,-alh=.\CortexM3\ARM_GCC_541\Debug/emFile_1_PM.lst -g -D DEBUG -D CY_CORE_ID=0 -Wall -ffunction-sections -ffat-lto-objects -Og -c Generated_Source\PSoC5\emFile_1_PM.c -o .\CortexM3\ARM_GCC_541\Debug\emFile_1_PM.o
arm-none-eabi-gcc.exe -mcpu=cortex-m3 -mthumb -I.\emFile_V322c\Code\Include\PSoC5\emf32OS "-I.\Source Files\SD_File_System" -I. -IGenerated_Source\PSoC5 -Wa,-alh=.\CortexM3\ARM_GCC_541\Debug/Timer_1.lst -g -D DEBUG -D CY_CORE_ID=0 -Wall -ffunction-sections -ffat-lto-objects -Og -c Generated_Source\PSoC5\Timer_1.c -o .\CortexM3\ARM_GCC_541\Debug\Timer_1.o
arm-none-eabi-gcc.exe -mcpu=cortex-m3 -mthumb -I.\emFile_V322c\Code\Include\PSoC5\emf32OS "-I.\Source Files\SD_File_System" -I. -IGenerated_Source\PSoC5 -Wa,-alh=.\CortexM3\ARM_GCC_541\Debug/Timer_1_PM.lst -g -D DEBUG -D CY_CORE_ID=0 -Wall -ffunction-sections -ffat-lto-objects -Og -c Generated_Source\PSoC5\Timer_1_PM.c -o .\CortexM3\ARM_GCC_541\Debug\Timer_1_PM.o
arm-none-eabi-gcc.exe -mcpu=cortex-m3 -mthumb -I.\emFile_V322c\Code\Include\PSoC5\emf32OS "-I.\Source Files\SD_File_System" -I. -IGenerated_Source\PSoC5 -Wa,-alh=.\CortexM3\ARM_GCC_541\Debug/emFile_1_SPI0.lst -g -D DEBUG -D CY_CORE_ID=0 -Wall -ffunction-sections -ffat-lto-objects -Og -c Generated_Source\PSoC5\emFile_1_SPI0.c -o .\CortexM3\ARM_GCC_541\Debug\emFile_1_SPI0.o
arm-none-eabi-gcc.exe -mcpu=cortex-m3 -mthumb -I.\emFile_V322c\Code\Include\PSoC5\emf32OS "-I.\Source Files\SD_File_System" -I. -IGenerated_Source\PSoC5 -Wa,-alh=.\CortexM3\ARM_GCC_541\Debug/emFile_1_SPI0_PM.lst -g -D DEBUG -D CY_CORE_ID=0 -Wall -ffunction-sections -ffat-lto-objects -Og -c Generated_Source\PSoC5\emFile_1_SPI0_PM.c -o .\CortexM3\ARM_GCC_541\Debug\emFile_1_SPI0_PM.o
arm-none-eabi-gcc.exe -mcpu=cortex-m3 -mthumb -I.\emFile_V322c\Code\Include\PSoC5\emf32OS "-I.\Source Files\SD_File_System" -I. -IGenerated_Source\PSoC5 -Wa,-alh=.\CortexM3\ARM_GCC_541\Debug/emFile_1_SPI0_INT.lst -g -D DEBUG -D CY_CORE_ID=0 -Wall -ffunction-sections -ffat-lto-objects -Og -c Generated_Source\PSoC5\emFile_1_SPI0_INT.c -o .\CortexM3\ARM_GCC_541\Debug\emFile_1_SPI0_INT.o
arm-none-eabi-gcc.exe -mcpu=cortex-m3 -mthumb -I.\emFile_V322c\Code\Include\PSoC5\emf32OS "-I.\Source Files\SD_File_System" -I. -IGenerated_Source\PSoC5 -Wa,-alh=.\CortexM3\ARM_GCC_541\Debug/emFile_1_mosi0.lst -g -D DEBUG -D CY_CORE_ID=0 -Wall -ffunction-sections -ffat-lto-objects -Og -c Generated_Source\PSoC5\emFile_1_mosi0.c -o .\CortexM3\ARM_GCC_541\Debug\emFile_1_mosi0.o
arm-none-eabi-gcc.exe -mcpu=cortex-m3 -mthumb -I.\emFile_V322c\Code\Include\PSoC5\emf32OS "-I.\Source Files\SD_File_System" -I. -IGenerated_Source\PSoC5 -Wa,-alh=.\CortexM3\ARM_GCC_541\Debug/emFile_1_Clock_1.lst -g -D DEBUG -D CY_CORE_ID=0 -Wall -ffunction-sections -ffat-lto-objects -Og -c Generated_Source\PSoC5\emFile_1_Clock_1.c -o .\CortexM3\ARM_GCC_541\Debug\emFile_1_Clock_1.o
arm-none-eabi-gcc.exe -mcpu=cortex-m3 -mthumb -I.\emFile_V322c\Code\Include\PSoC5\emf32OS "-I.\Source Files\SD_File_System" -I. -IGenerated_Source\PSoC5 -Wa,-alh=.\CortexM3\ARM_GCC_541\Debug/emFile_1_miso0.lst -g -D DEBUG -D CY_CORE_ID=0 -Wall -ffunction-sections -ffat-lto-objects -Og -c Generated_Source\PSoC5\emFile_1_miso0.c -o .\CortexM3\ARM_GCC_541\Debug\emFile_1_miso0.o
arm-none-eabi-gcc.exe -mcpu=cortex-m3 -mthumb -I.\emFile_V322c\Code\Include\PSoC5\emf32OS "-I.\Source Files\SD_File_System" -I. -IGenerated_Source\PSoC5 -Wa,-alh=.\CortexM3\ARM_GCC_541\Debug/emFile_1_sclk0.lst -g -D DEBUG -D CY_CORE_ID=0 -Wall -ffunction-sections -ffat-lto-objects -Og -c Generated_Source\PSoC5\emFile_1_sclk0.c -o .\CortexM3\ARM_GCC_541\Debug\emFile_1_sclk0.o
arm-none-eabi-gcc.exe -mcpu=cortex-m3 -mthumb -I.\emFile_V322c\Code\Include\PSoC5\emf32OS "-I.\Source Files\SD_File_System" -I. -IGenerated_Source\PSoC5 -Wa,-alh=.\CortexM3\ARM_GCC_541\Debug/emFile_1_SPI0_CS.lst -g -D DEBUG -D CY_CORE_ID=0 -Wall -ffunction-sections -ffat-lto-objects -Og -c Generated_Source\PSoC5\emFile_1_SPI0_CS.c -o .\CortexM3\ARM_GCC_541\Debug\emFile_1_SPI0_CS.o
arm-none-eabi-gcc.exe -mcpu=cortex-m3 -mthumb -I.\emFile_V322c\Code\Include\PSoC5\emf32OS "-I.\Source Files\SD_File_System" -I. -IGenerated_Source\PSoC5 -Wa,-alh=.\CortexM3\ARM_GCC_541\Debug/UART_GPS.lst -g -D DEBUG -D CY_CORE_ID=0 -Wall -ffunction-sections -ffat-lto-objects -Og -c Generated_Source\PSoC5\UART_GPS.c -o .\CortexM3\ARM_GCC_541\Debug\UART_GPS.o
arm-none-eabi-gcc.exe -mcpu=cortex-m3 -mthumb -I.\emFile_V322c\Code\Include\PSoC5\emf32OS "-I.\Source Files\SD_File_System" -I. -IGenerated_Source\PSoC5 -Wa,-alh=.\CortexM3\ARM_GCC_541\Debug/UART_GPS_PM.lst -g -D DEBUG -D CY_CORE_ID=0 -Wall -ffunction-sections -ffat-lto-objects -Og -c Generated_Source\PSoC5\UART_GPS_PM.c -o .\CortexM3\ARM_GCC_541\Debug\UART_GPS_PM.o
arm-none-eabi-gcc.exe -mcpu=cortex-m3 -mthumb -I.\emFile_V322c\Code\Include\PSoC5\emf32OS "-I.\Source Files\SD_File_System" -I. -IGenerated_Source\PSoC5 -Wa,-alh=.\CortexM3\ARM_GCC_541\Debug/UART_GPS_INT.lst -g -D DEBUG -D CY_CORE_ID=0 -Wall -ffunction-sections -ffat-lto-objects -Og -c Generated_Source\PSoC5\UART_GPS_INT.c -o .\CortexM3\ARM_GCC_541\Debug\UART_GPS_INT.o
arm-none-eabi-gcc.exe -mcpu=cortex-m3 -mthumb -I.\emFile_V322c\Code\Include\PSoC5\emf32OS "-I.\Source Files\SD_File_System" -I. -IGenerated_Source\PSoC5 -Wa,-alh=.\CortexM3\ARM_GCC_541\Debug/UART_GPS_BOOT.lst -g -D DEBUG -D CY_CORE_ID=0 -Wall -ffunction-sections -ffat-lto-objects -Og -c Generated_Source\PSoC5\UART_GPS_BOOT.c -o .\CortexM3\ARM_GCC_541\Debug\UART_GPS_BOOT.o
arm-none-eabi-gcc.exe -mcpu=cortex-m3 -mthumb -I.\emFile_V322c\Code\Include\PSoC5\emf32OS "-I.\Source Files\SD_File_System" -I. -IGenerated_Source\PSoC5 -Wa,-alh=.\CortexM3\ARM_GCC_541\Debug/I2C_Orientation.lst -g -D DEBUG -D CY_CORE_ID=0 -Wall -ffunction-sections -ffat-lto-objects -Og -c Generated_Source\PSoC5\I2C_Orientation.c -o .\CortexM3\ARM_GCC_541\Debug\I2C_Orientation.o
arm-none-eabi-gcc.exe -mcpu=cortex-m3 -mthumb -I.\emFile_V322c\Code\Include\PSoC5\emf32OS "-I.\Source Files\SD_File_System" -I. -IGenerated_Source\PSoC5 -Wa,-alh=.\CortexM3\ARM_GCC_541\Debug/I2C_Orientation_BOOT.lst -g -D DEBUG -D CY_CORE_ID=0 -Wall -ffunction-sections -ffat-lto-objects -Og -c Generated_Source\PSoC5\I2C_Orientation_BOOT.c -o .\CortexM3\ARM_GCC_541\Debug\I2C_Orientation_BOOT.o
arm-none-eabi-gcc.exe -mcpu=cortex-m3 -mthumb -I.\emFile_V322c\Code\Include\PSoC5\emf32OS "-I.\Source Files\SD_File_System" -I. -IGenerated_Source\PSoC5 -Wa,-alh=.\CortexM3\ARM_GCC_541\Debug/I2C_Orientation_INT.lst -g -D DEBUG -D CY_CORE_ID=0 -Wall -ffunction-sections -ffat-lto-objects -Og -c Generated_Source\PSoC5\I2C_Orientation_INT.c -o .\CortexM3\ARM_GCC_541\Debug\I2C_Orientation_INT.o
arm-none-eabi-gcc.exe -mcpu=cortex-m3 -mthumb -I.\emFile_V322c\Code\Include\PSoC5\emf32OS "-I.\Source Files\SD_File_System" -I. -IGenerated_Source\PSoC5 -Wa,-alh=.\CortexM3\ARM_GCC_541\Debug/I2C_Orientation_PM.lst -g -D DEBUG -D CY_CORE_ID=0 -Wall -ffunction-sections -ffat-lto-objects -Og -c Generated_Source\PSoC5\I2C_Orientation_PM.c -o .\CortexM3\ARM_GCC_541\Debug\I2C_Orientation_PM.o
arm-none-eabi-gcc.exe -mcpu=cortex-m3 -mthumb -I.\emFile_V322c\Code\Include\PSoC5\emf32OS "-I.\Source Files\SD_File_System" -I. -IGenerated_Source\PSoC5 -Wa,-alh=.\CortexM3\ARM_GCC_541\Debug/I2C_Orientation_SLAVE.lst -g -D DEBUG -D CY_CORE_ID=0 -Wall -ffunction-sections -ffat-lto-objects -Og -c Generated_Source\PSoC5\I2C_Orientation_SLAVE.c -o .\CortexM3\ARM_GCC_541\Debug\I2C_Orientation_SLAVE.o
arm-none-eabi-gcc.exe -mcpu=cortex-m3 -mthumb -I.\emFile_V322c\Code\Include\PSoC5\emf32OS "-I.\Source Files\SD_File_System" -I. -IGenerated_Source\PSoC5 -Wa,-alh=.\CortexM3\ARM_GCC_541\Debug/I2C_Orientation_MASTER.lst -g -D DEBUG -D CY_CORE_ID=0 -Wall -ffunction-sections -ffat-lto-objects -Og -c Generated_Source\PSoC5\I2C_Orientation_MASTER.c -o .\CortexM3\ARM_GCC_541\Debug\I2C_Orientation_MASTER.o
arm-none-eabi-gcc.exe -mcpu=cortex-m3 -mthumb -I.\emFile_V322c\Code\Include\PSoC5\emf32OS "-I.\Source Files\SD_File_System" -I. -IGenerated_Source\PSoC5 -Wa,-alh=.\CortexM3\ARM_GCC_541\Debug/BNO055_sda.lst -g -D DEBUG -D CY_CORE_ID=0 -Wall -ffunction-sections -ffat-lto-objects -Og -c Generated_Source\PSoC5\BNO055_sda.c -o .\CortexM3\ARM_GCC_541\Debug\BNO055_sda.o
arm-none-eabi-gcc.exe -mcpu=cortex-m3 -mthumb -I.\emFile_V322c\Code\Include\PSoC5\emf32OS "-I.\Source Files\SD_File_System" -I. -IGenerated_Source\PSoC5 -Wa,-alh=.\CortexM3\ARM_GCC_541\Debug/BNO055_scl.lst -g -D DEBUG -D CY_CORE_ID=0 -Wall -ffunction-sections -ffat-lto-objects -Og -c Generated_Source\PSoC5\BNO055_scl.c -o .\CortexM3\ARM_GCC_541\Debug\BNO055_scl.o
arm-none-eabi-gcc.exe -mcpu=cortex-m3 -mthumb -I.\emFile_V322c\Code\Include\PSoC5\emf32OS "-I.\Source Files\SD_File_System" -I. -IGenerated_Source\PSoC5 -Wa,-alh=.\CortexM3\ARM_GCC_541\Debug/timer_clock.lst -g -D DEBUG -D CY_CORE_ID=0 -Wall -ffunction-sections -ffat-lto-objects -Og -c Generated_Source\PSoC5\timer_clock.c -o .\CortexM3\ARM_GCC_541\Debug\timer_clock.o
arm-none-eabi-gcc.exe -mcpu=cortex-m3 -mthumb -I.\emFile_V322c\Code\Include\PSoC5\emf32OS "-I.\Source Files\SD_File_System" -I. -IGenerated_Source\PSoC5 -Wa,-alh=.\CortexM3\ARM_GCC_541\Debug/Counter_Duration.lst -g -D DEBUG -D CY_CORE_ID=0 -Wall -ffunction-sections -ffat-lto-objects -Og -c Generated_Source\PSoC5\Counter_Duration.c -o .\CortexM3\ARM_GCC_541\Debug\Counter_Duration.o
arm-none-eabi-gcc.exe -mcpu=cortex-m3 -mthumb -I.\emFile_V322c\Code\Include\PSoC5\emf32OS "-I.\Source Files\SD_File_System" -I. -IGenerated_Source\PSoC5 -Wa,-alh=.\CortexM3\ARM_GCC_541\Debug/Counter_Duration_PM.lst -g -D DEBUG -D CY_CORE_ID=0 -Wall -ffunction-sections -ffat-lto-objects -Og -c Generated_Source\PSoC5\Counter_Duration_PM.c -o .\CortexM3\ARM_GCC_541\Debug\Counter_Duration_PM.o
arm-none-eabi-gcc.exe -mcpu=cortex-m3 -mthumb -I.\emFile_V322c\Code\Include\PSoC5\emf32OS "-I.\Source Files\SD_File_System" -I. -IGenerated_Source\PSoC5 -Wa,-alh=.\CortexM3\ARM_GCC_541\Debug/UART_HC12.lst -g -D DEBUG -D CY_CORE_ID=0 -Wall -ffunction-sections -ffat-lto-objects -Og -c Generated_Source\PSoC5\UART_HC12.c -o .\CortexM3\ARM_GCC_541\Debug\UART_HC12.o
arm-none-eabi-gcc.exe -mcpu=cortex-m3 -mthumb -I.\emFile_V322c\Code\Include\PSoC5\emf32OS "-I.\Source Files\SD_File_System" -I. -IGenerated_Source\PSoC5 -Wa,-alh=.\CortexM3\ARM_GCC_541\Debug/UART_HC12_PM.lst -g -D DEBUG -D CY_CORE_ID=0 -Wall -ffunction-sections -ffat-lto-objects -Og -c Generated_Source\PSoC5\UART_HC12_PM.c -o .\CortexM3\ARM_GCC_541\Debug\UART_HC12_PM.o
arm-none-eabi-gcc.exe -mcpu=cortex-m3 -mthumb -I.\emFile_V322c\Code\Include\PSoC5\emf32OS "-I.\Source Files\SD_File_System" -I. -IGenerated_Source\PSoC5 -Wa,-alh=.\CortexM3\ARM_GCC_541\Debug/UART_HC12_INT.lst -g -D DEBUG -D CY_CORE_ID=0 -Wall -ffunction-sections -ffat-lto-objects -Og -c Generated_Source\PSoC5\UART_HC12_INT.c -o .\CortexM3\ARM_GCC_541\Debug\UART_HC12_INT.o
arm-none-eabi-gcc.exe -mcpu=cortex-m3 -mthumb -I.\emFile_V322c\Code\Include\PSoC5\emf32OS "-I.\Source Files\SD_File_System" -I. -IGenerated_Source\PSoC5 -Wa,-alh=.\CortexM3\ARM_GCC_541\Debug/UART_HC12_BOOT.lst -g -D DEBUG -D CY_CORE_ID=0 -Wall -ffunction-sections -ffat-lto-objects -Og -c Generated_Source\PSoC5\UART_HC12_BOOT.c -o .\CortexM3\ARM_GCC_541\Debug\UART_HC12_BOOT.o
arm-none-eabi-gcc.exe -mcpu=cortex-m3 -mthumb -I.\emFile_V322c\Code\Include\PSoC5\emf32OS "-I.\Source Files\SD_File_System" -I. -IGenerated_Source\PSoC5 -Wa,-alh=.\CortexM3\ARM_GCC_541\Debug/UART_HC12_IntClock.lst -g -D DEBUG -D CY_CORE_ID=0 -Wall -ffunction-sections -ffat-lto-objects -Og -c Generated_Source\PSoC5\UART_HC12_IntClock.c -o .\CortexM3\ARM_GCC_541\Debug\UART_HC12_IntClock.o
arm-none-eabi-gcc.exe -mcpu=cortex-m3 -mthumb -I.\emFile_V322c\Code\Include\PSoC5\emf32OS "-I.\Source Files\SD_File_System" -I. -IGenerated_Source\PSoC5 -Wa,-alh=.\CortexM3\ARM_GCC_541\Debug/LED.lst -g -D DEBUG -D CY_CORE_ID=0 -Wall -ffunction-sections -ffat-lto-objects -Og -c Generated_Source\PSoC5\LED.c -o .\CortexM3\ARM_GCC_541\Debug\LED.o
arm-none-eabi-gcc.exe -mcpu=cortex-m3 -mthumb -I.\emFile_V322c\Code\Include\PSoC5\emf32OS "-I.\Source Files\SD_File_System" -I. -IGenerated_Source\PSoC5 -Wa,-alh=.\CortexM3\ARM_GCC_541\Debug/Button.lst -g -D DEBUG -D CY_CORE_ID=0 -Wall -ffunction-sections -ffat-lto-objects -Og -c Generated_Source\PSoC5\Button.c -o .\CortexM3\ARM_GCC_541\Debug\Button.o
arm-none-eabi-gcc.exe -mcpu=cortex-m3 -mthumb -I.\emFile_V322c\Code\Include\PSoC5\emf32OS "-I.\Source Files\SD_File_System" -I. -IGenerated_Source\PSoC5 -Wa,-alh=.\CortexM3\ARM_GCC_541\Debug/VDAC8_1.lst -g -D DEBUG -D CY_CORE_ID=0 -Wall -ffunction-sections -ffat-lto-objects -Og -c Generated_Source\PSoC5\VDAC8_1.c -o .\CortexM3\ARM_GCC_541\Debug\VDAC8_1.o
arm-none-eabi-gcc.exe -mcpu=cortex-m3 -mthumb -I.\emFile_V322c\Code\Include\PSoC5\emf32OS "-I.\Source Files\SD_File_System" -I. -IGenerated_Source\PSoC5 -Wa,-alh=.\CortexM3\ARM_GCC_541\Debug/VDAC8_1_PM.lst -g -D DEBUG -D CY_CORE_ID=0 -Wall -ffunction-sections -ffat-lto-objects -Og -c Generated_Source\PSoC5\VDAC8_1_PM.c -o .\CortexM3\ARM_GCC_541\Debug\VDAC8_1_PM.o
arm-none-eabi-gcc.exe -mcpu=cortex-m3 -mthumb -I.\emFile_V322c\Code\Include\PSoC5\emf32OS "-I.\Source Files\SD_File_System" -I. -IGenerated_Source\PSoC5 -Wa,-alh=.\CortexM3\ARM_GCC_541\Debug/Int_AGM.lst -g -D DEBUG -D CY_CORE_ID=0 -Wall -ffunction-sections -ffat-lto-objects -Og -c Generated_Source\PSoC5\Int_AGM.c -o .\CortexM3\ARM_GCC_541\Debug\Int_AGM.o
arm-none-eabi-gcc.exe -mcpu=cortex-m3 -mthumb -I.\emFile_V322c\Code\Include\PSoC5\emf32OS "-I.\Source Files\SD_File_System" -I. -IGenerated_Source\PSoC5 -Wa,-alh=.\CortexM3\ARM_GCC_541\Debug/PPS_GPS.lst -g -D DEBUG -D CY_CORE_ID=0 -Wall -ffunction-sections -ffat-lto-objects -Og -c Generated_Source\PSoC5\PPS_GPS.c -o .\CortexM3\ARM_GCC_541\Debug\PPS_GPS.o
arm-none-eabi-gcc.exe -mcpu=cortex-m3 -mthumb -I.\emFile_V322c\Code\Include\PSoC5\emf32OS "-I.\Source Files\SD_File_System" -I. -IGenerated_Source\PSoC5 -Wa,-alh=.\CortexM3\ARM_GCC_541\Debug/Reset_AGM.lst -g -D DEBUG -D CY_CORE_ID=0 -Wall -ffunction-sections -ffat-lto-objects -Og -c Generated_Source\PSoC5\Reset_AGM.c -o .\CortexM3\ARM_GCC_541\Debug\Reset_AGM.o
arm-none-eabi-gcc.exe -mcpu=cortex-m3 -mthumb -I.\emFile_V322c\Code\Include\PSoC5\emf32OS "-I.\Source Files\SD_File_System" -I. -IGenerated_Source\PSoC5 -Wa,-alh=.\CortexM3\ARM_GCC_541\Debug/Clock_UART_GPS.lst -g -D DEBUG -D CY_CORE_ID=0 -Wall -ffunction-sections -ffat-lto-objects -Og -c Generated_Source\PSoC5\Clock_UART_GPS.c -o .\CortexM3\ARM_GCC_541\Debug\Clock_UART_GPS.o
arm-none-eabi-gcc.exe -mcpu=cortex-m3 -mthumb -I.\emFile_V322c\Code\Include\PSoC5\emf32OS "-I.\Source Files\SD_File_System" -I. -IGenerated_Source\PSoC5 -Wa,-alh=.\CortexM3\ARM_GCC_541\Debug/SDO.lst -g -D DEBUG -D CY_CORE_ID=0 -Wall -ffunction-sections -ffat-lto-objects -Og -c Generated_Source\PSoC5\SDO.c -o .\CortexM3\ARM_GCC_541\Debug\SDO.o
arm-none-eabi-gcc.exe -mcpu=cortex-m3 -mthumb -I.\emFile_V322c\Code\Include\PSoC5\emf32OS "-I.\Source Files\SD_File_System" -I. -IGenerated_Source\PSoC5 -Wa,-alh=.\CortexM3\ARM_GCC_541\Debug/SPI_Altitude.lst -g -D DEBUG -D CY_CORE_ID=0 -Wall -ffunction-sections -ffat-lto-objects -Og -c Generated_Source\PSoC5\SPI_Altitude.c -o .\CortexM3\ARM_GCC_541\Debug\SPI_Altitude.o
arm-none-eabi-gcc.exe -mcpu=cortex-m3 -mthumb -I.\emFile_V322c\Code\Include\PSoC5\emf32OS "-I.\Source Files\SD_File_System" -I. -IGenerated_Source\PSoC5 -Wa,-alh=.\CortexM3\ARM_GCC_541\Debug/SPI_Altitude_PM.lst -g -D DEBUG -D CY_CORE_ID=0 -Wall -ffunction-sections -ffat-lto-objects -Og -c Generated_Source\PSoC5\SPI_Altitude_PM.c -o .\CortexM3\ARM_GCC_541\Debug\SPI_Altitude_PM.o
arm-none-eabi-gcc.exe -mcpu=cortex-m3 -mthumb -I.\emFile_V322c\Code\Include\PSoC5\emf32OS "-I.\Source Files\SD_File_System" -I. -IGenerated_Source\PSoC5 -Wa,-alh=.\CortexM3\ARM_GCC_541\Debug/SPI_Altitude_INT.lst -g -D DEBUG -D CY_CORE_ID=0 -Wall -ffunction-sections -ffat-lto-objects -Og -c Generated_Source\PSoC5\SPI_Altitude_INT.c -o .\CortexM3\ARM_GCC_541\Debug\SPI_Altitude_INT.o
arm-none-eabi-gcc.exe -mcpu=cortex-m3 -mthumb -I.\emFile_V322c\Code\Include\PSoC5\emf32OS "-I.\Source Files\SD_File_System" -I. -IGenerated_Source\PSoC5 -Wa,-alh=.\CortexM3\ARM_GCC_541\Debug/SPI_Altitude_IntClock.lst -g -D DEBUG -D CY_CORE_ID=0 -Wall -ffunction-sections -ffat-lto-objects -Og -c Generated_Source\PSoC5\SPI_Altitude_IntClock.c -o .\CortexM3\ARM_GCC_541\Debug\SPI_Altitude_IntClock.o
arm-none-eabi-gcc.exe -mcpu=cortex-m3 -mthumb -I.\emFile_V322c\Code\Include\PSoC5\emf32OS "-I.\Source Files\SD_File_System" -I. -IGenerated_Source\PSoC5 -Wa,-alh=.\CortexM3\ARM_GCC_541\Debug/BMP280_SDI.lst -g -D DEBUG -D CY_CORE_ID=0 -Wall -ffunction-sections -ffat-lto-objects -Og -c Generated_Source\PSoC5\BMP280_SDI.c -o .\CortexM3\ARM_GCC_541\Debug\BMP280_SDI.o
arm-none-eabi-gcc.exe -mcpu=cortex-m3 -mthumb -I.\emFile_V322c\Code\Include\PSoC5\emf32OS "-I.\Source Files\SD_File_System" -I. -IGenerated_Source\PSoC5 -Wa,-alh=.\CortexM3\ARM_GCC_541\Debug/BMP280_SCL.lst -g -D DEBUG -D CY_CORE_ID=0 -Wall -ffunction-sections -ffat-lto-objects -Og -c Generated_Source\PSoC5\BMP280_SCL.c -o .\CortexM3\ARM_GCC_541\Debug\BMP280_SCL.o
arm-none-eabi-gcc.exe -mcpu=cortex-m3 -mthumb -I.\emFile_V322c\Code\Include\PSoC5\emf32OS "-I.\Source Files\SD_File_System" -I. -IGenerated_Source\PSoC5 -Wa,-alh=.\CortexM3\ARM_GCC_541\Debug/BMP280_CSB.lst -g -D DEBUG -D CY_CORE_ID=0 -Wall -ffunction-sections -ffat-lto-objects -Og -c Generated_Source\PSoC5\BMP280_CSB.c -o .\CortexM3\ARM_GCC_541\Debug\BMP280_CSB.o
arm-none-eabi-gcc.exe -mcpu=cortex-m3 -mthumb -I.\emFile_V322c\Code\Include\PSoC5\emf32OS "-I.\Source Files\SD_File_System" -I. -IGenerated_Source\PSoC5 -Wa,-alh=.\CortexM3\ARM_GCC_541\Debug/cy_em_eeprom.lst -g -D DEBUG -D CY_CORE_ID=0 -Wall -ffunction-sections -ffat-lto-objects -Og -c Generated_Source\PSoC5\cy_em_eeprom.c -o .\CortexM3\ARM_GCC_541\Debug\cy_em_eeprom.o
arm-none-eabi-as.exe -mcpu=cortex-m3 -mthumb -I. -IGenerated_Source\PSoC5 -alh=.\CortexM3\ARM_GCC_541\Debug/CyBootAsmGnu.lst -g -W -o .\CortexM3\ARM_GCC_541\Debug\CyBootAsmGnu.o Generated_Source\PSoC5\CyBootAsmGnu.s
arm-none-eabi-ar.exe -rs .\CortexM3\ARM_GCC_541\Debug\ServoControl.a .\CortexM3\ARM_GCC_541\Debug\Left_Stabilizer.o .\CortexM3\ARM_GCC_541\Debug\Left_Aileron.o .\CortexM3\ARM_GCC_541\Debug\Right_Aileron.o .\CortexM3\ARM_GCC_541\Debug\Motor_Speed_Output.o .\CortexM3\ARM_GCC_541\Debug\Stabilizer.o .\CortexM3\ARM_GCC_541\Debug\Stabilizer_PM.o .\CortexM3\ARM_GCC_541\Debug\Aileron.o .\CortexM3\ARM_GCC_541\Debug\Aileron_PM.o .\CortexM3\ARM_GCC_541\Debug\Motor_Speed.o .\CortexM3\ARM_GCC_541\Debug\Motor_Speed_PM.o .\CortexM3\ARM_GCC_541\Debug\Clock_1.o .\CortexM3\ARM_GCC_541\Debug\CyDmac.o .\CortexM3\ARM_GCC_541\Debug\CyFlash.o .\CortexM3\ARM_GCC_541\Debug\CyLib.o .\CortexM3\ARM_GCC_541\Debug\cyPm.o .\CortexM3\ARM_GCC_541\Debug\CySpc.o .\CortexM3\ARM_GCC_541\Debug\cyutils.o .\CortexM3\ARM_GCC_541\Debug\Right_Stabilizer.o .\CortexM3\ARM_GCC_541\Debug\EEPROM.o .\CortexM3\ARM_GCC_541\Debug\emFile_1_ConfigMMC_SPI.o .\CortexM3\ARM_GCC_541\Debug\emFile_1_MMC_HW_SPI.o .\CortexM3\ARM_GCC_541\Debug\emFile_1_PM.o .\CortexM3\ARM_GCC_541\Debug\Timer_1.o .\CortexM3\ARM_GCC_541\Debug\Timer_1_PM.o .\CortexM3\ARM_GCC_541\Debug\emFile_1_SPI0.o .\CortexM3\ARM_GCC_541\Debug\emFile_1_SPI0_PM.o .\CortexM3\ARM_GCC_541\Debug\emFile_1_SPI0_INT.o .\CortexM3\ARM_GCC_541\Debug\emFile_1_mosi0.o .\CortexM3\ARM_GCC_541\Debug\emFile_1_Clock_1.o .\CortexM3\ARM_GCC_541\Debug\emFile_1_miso0.o .\CortexM3\ARM_GCC_541\Debug\emFile_1_sclk0.o .\CortexM3\ARM_GCC_541\Debug\emFile_1_SPI0_CS.o .\CortexM3\ARM_GCC_541\Debug\UART_GPS.o .\CortexM3\ARM_GCC_541\Debug\UART_GPS_PM.o .\CortexM3\ARM_GCC_541\Debug\UART_GPS_INT.o .\CortexM3\ARM_GCC_541\Debug\UART_GPS_BOOT.o .\CortexM3\ARM_GCC_541\Debug\I2C_Orientation.o .\CortexM3\ARM_GCC_541\Debug\I2C_Orientation_BOOT.o .\CortexM3\ARM_GCC_541\Debug\I2C_Orientation_INT.o .\CortexM3\ARM_GCC_541\Debug\I2C_Orientation_PM.o .\CortexM3\ARM_GCC_541\Debug\I2C_Orientation_SLAVE.o .\CortexM3\ARM_GCC_541\Debug\I2C_Orientation_MASTER.o .\CortexM3\ARM_GCC_541\Debug\BNO055_sda.o .\CortexM3\ARM_GCC_541\Debug\BNO055_scl.o .\CortexM3\ARM_GCC_541\Debug\timer_clock.o .\CortexM3\ARM_GCC_541\Debug\Counter_Duration.o .\CortexM3\ARM_GCC_541\Debug\Counter_Duration_PM.o .\CortexM3\ARM_GCC_541\Debug\UART_HC12.o .\CortexM3\ARM_GCC_541\Debug\UART_HC12_PM.o .\CortexM3\ARM_GCC_541\Debug\UART_HC12_INT.o .\CortexM3\ARM_GCC_541\Debug\UART_HC12_BOOT.o .\CortexM3\ARM_GCC_541\Debug\UART_HC12_IntClock.o .\CortexM3\ARM_GCC_541\Debug\LED.o .\CortexM3\ARM_GCC_541\Debug\Button.o .\CortexM3\ARM_GCC_541\Debug\VDAC8_1.o .\CortexM3\ARM_GCC_541\Debug\VDAC8_1_PM.o .\CortexM3\ARM_GCC_541\Debug\Int_AGM.o .\CortexM3\ARM_GCC_541\Debug\PPS_GPS.o .\CortexM3\ARM_GCC_541\Debug\Reset_AGM.o .\CortexM3\ARM_GCC_541\Debug\Clock_UART_GPS.o .\CortexM3\ARM_GCC_541\Debug\SDO.o .\CortexM3\ARM_GCC_541\Debug\SPI_Altitude.o .\CortexM3\ARM_GCC_541\Debug\SPI_Altitude_PM.o .\CortexM3\ARM_GCC_541\Debug\SPI_Altitude_INT.o .\CortexM3\ARM_GCC_541\Debug\SPI_Altitude_IntClock.o .\CortexM3\ARM_GCC_541\Debug\BMP280_SDI.o .\CortexM3\ARM_GCC_541\Debug\BMP280_SCL.o .\CortexM3\ARM_GCC_541\Debug\BMP280_CSB.o .\CortexM3\ARM_GCC_541\Debug\cy_em_eeprom.o .\CortexM3\ARM_GCC_541\Debug\CyBootAsmGnu.o
arm-none-eabi-ar.exe: creating .\CortexM3\ARM_GCC_541\Debug\ServoControl.a
arm-none-eabi-gcc.exe -Wl,--start-group -o "C:\Users\Nathan\Documents\MyBuilds\Flight Controller\ServoControl.cydsn\CortexM3\ARM_GCC_541\Debug\ServoControl.elf" .\CortexM3\ARM_GCC_541\Debug\main.o .\CortexM3\ARM_GCC_541\Debug\Adafruit_BNO055.o .\CortexM3\ARM_GCC_541\Debug\Adafruit_GPS.o .\CortexM3\ARM_GCC_541\Debug\Adafruit_BMP280.o .\CortexM3\ARM_GCC_541\Debug\cyfitter_cfg.o .\CortexM3\ARM_GCC_541\Debug\cymetadata.o .\CortexM3\ARM_GCC_541\Debug\Cm3Start.o .\CortexM3\ARM_GCC_541\Debug\ServoControl.a "C:\Program Files (x86)\Cypress\PSoC Creator\4.2\PSoC Creator\psoc\content\cycomponentlibrary\CyComponentLibrary.cylib\CortexM3\ARM_GCC_541\Debug\CyComponentLibrary.a" -mcpu=cortex-m3 -mthumb -l emf32nosnlfn -L Generated_Source\PSoC5 -L .\emFile_V322c\LinkLibrary\PSoC5\GCC -Wl,-Map,.\CortexM3\ARM_GCC_541\Debug/ServoControl.map -T Generated_Source\PSoC5\cm3gcc.ld -specs=nano.specs -Wl,--gc-sections -g -ffunction-sections -Og -ffat-lto-objects -Wl,--end-group
.\CortexM3\ARM_GCC_541\Debug\Adafruit_GPS.o:(.bss+0x0): multiple definition of `NewGPSData'
.\CortexM3\ARM_GCC_541\Debug\main.o:(.bss+0x0): first defined here
collect2.exe: error: ld returned 1 exit status
The command 'arm-none-eabi-gcc.exe' failed with exit code '1'.
--------------- Rebuild Failed: 08/17/2018 14:43:20 ---------------
